<?xml version="1.0" encoding="UTF-8"?>
<!-- Generated by org.testng.reporters.JUnitReportReporter -->
<testsuite hostname="linuxize" failures="0" tests="1" name="com.fliplearn.flipapp.api.BlApi" time="6.065" errors="0" timestamp="29 Jul 2019 05:38:23 GMT" skipped="0">
  <testcase classname="com.fliplearn.flipapp.api.BlApi" name="getUserByUuid" time="6.065"/>
</testsuite> <!-- com.fliplearn.flipapp.api.BlApi -->
