<?xml version="1.0" encoding="UTF-8"?>
<!-- Generated by org.testng.reporters.JUnitReportReporter -->
<testsuite hostname="ip-192-168-10-84.ap-south-1.compute.internal" failures="0" tests="4" name="com.fliplearn.flipapp.testcases.DoubtForum" time="215.855" errors="0" timestamp="24 Jul 2019 12:54:53 GMT" skipped="1">
  <testcase classname="com.fliplearn.flipapp.testcases.DoubtForum" name="createDoubtWhenTextAndImageNotFoundMandatory" time="47.481"/>
  <testcase classname="com.fliplearn.flipapp.testcases.DoubtForum" name="createDoubtWhenTextAndImageNotFoundMandatory" time="46.750"/>
  <testcase classname="com.fliplearn.flipapp.testcases.DoubtForum" name="createDoubtWhenTextAndImageNotFoundMandatory" time="49.214"/>
  <testcase classname="com.fliplearn.flipapp.testcases.DoubtForum" name="createDoubtWhenTextAndImageNotFoundMandatory" time="72.410">
    <skipped/>
  </testcase> <!-- createDoubtWhenTextAndImageNotFoundMandatory -->
</testsuite> <!-- com.fliplearn.flipapp.testcases.DoubtForum -->
