<?xml version="1.0" encoding="UTF-8"?>
<!-- Generated by org.testng.reporters.JUnitReportReporter -->
<testsuite hostname="DESKTOP-NR7JDHG" failures="0" tests="5" name="com.fliplearn.flipapp.testcases.PrimeVideo" time="213.134" errors="0" timestamp="31 Oct 2018 21:03:33 GMT" skipped="0">
  <testcase classname="com.fliplearn.flipapp.testcases.PrimeVideo" name="playPrimeVideoStudent" time="42.108"/>
  <testcase classname="com.fliplearn.flipapp.testcases.PrimeVideo" name="playPrimeVideoSchool" time="44.284"/>
  <testcase classname="com.fliplearn.flipapp.testcases.PrimeVideo" name="playPrimeVideoStudent" time="40.471"/>
  <testcase classname="com.fliplearn.flipapp.testcases.PrimeVideo" name="playPrimeVideoSchool" time="40.181"/>
  <testcase classname="com.fliplearn.flipapp.testcases.PrimeVideo" name="playPrimeVideoSchool" time="46.090"/>
</testsuite> <!-- com.fliplearn.flipapp.testcases.PrimeVideo -->
