<?xml version="1.0" encoding="UTF-8"?>
<!-- Generated by org.testng.reporters.JUnitReportReporter -->
<testsuite hostname="DESKTOP-NR7JDHG" failures="0" tests="6" name="com.fliplearn.flipapp.testcases.FliplearnPrimeView" time="114.767" errors="0" timestamp="02 Nov 2018 07:13:45 GMT" skipped="0">
  <testcase classname="com.fliplearn.flipapp.testcases.FliplearnPrimeView" name="verifyPrimeSubjects" time="18.930"/>
  <testcase classname="com.fliplearn.flipapp.testcases.FliplearnPrimeView" name="verifyPrimeSubjects" time="21.487"/>
  <testcase classname="com.fliplearn.flipapp.testcases.FliplearnPrimeView" name="verifyPrimeSubjects" time="16.150"/>
  <testcase classname="com.fliplearn.flipapp.testcases.FliplearnPrimeView" name="verifyPrimeSubjects" time="19.326"/>
  <testcase classname="com.fliplearn.flipapp.testcases.FliplearnPrimeView" name="verifyPrimeSubjects" time="19.312"/>
  <testcase classname="com.fliplearn.flipapp.testcases.FliplearnPrimeView" name="verifyPrimeSubjects" time="19.562"/>
</testsuite> <!-- com.fliplearn.flipapp.testcases.FliplearnPrimeView -->
