<?xml version="1.0" encoding="UTF-8"?>
<!-- Generated by org.testng.reporters.JUnitReportReporter -->
<testsuite hostname="DESKTOP-NR7JDHG" failures="0" tests="5" name="com.fliplearn.flipapp.testcases.FliplearnPrimeView" time="283.379" errors="0" timestamp="19 Oct 2018 21:47:25 GMT" skipped="0">
  <testcase classname="com.fliplearn.flipapp.testcases.FliplearnPrimeView" name="verifyPrimeTileDisplayed" time="55.298"/>
  <testcase classname="com.fliplearn.flipapp.testcases.FliplearnPrimeView" name="verifyPrimeTileDisplayed" time="60.283"/>
  <testcase classname="com.fliplearn.flipapp.testcases.FliplearnPrimeView" name="verifyPrimeTileDisplayed" time="55.756"/>
  <testcase classname="com.fliplearn.flipapp.testcases.FliplearnPrimeView" name="verifyPrimeTileDisplayed" time="56.257"/>
  <testcase classname="com.fliplearn.flipapp.testcases.FliplearnPrimeView" name="verifyPrimeTileDisplayed" time="55.785"/>
</testsuite> <!-- com.fliplearn.flipapp.testcases.FliplearnPrimeView -->
