<?xml version="1.0" encoding="UTF-8"?>
<!-- Generated by org.testng.reporters.JUnitReportReporter -->
<testsuite hostname="Taruns-MacBook-Pro.local" failures="0" tests="1" name="com.fliplearn.flipapp.testcases.Test1" time="19.604" errors="0" timestamp="23 Jan 2020 17:36:19 GMT" skipped="0">
  <testcase classname="com.fliplearn.flipapp.testcases.Test1" name="testmethod" time="19.604"/>
</testsuite> <!-- com.fliplearn.flipapp.testcases.Test1 -->
