<?xml version="1.0" encoding="UTF-8"?>
<!-- Generated by org.testng.reporters.JUnitReportReporter -->
<testsuite hostname="tarun-Inspiron-3543" failures="0" tests="6" name="com.fliplearn.flipapp.testcases.Login" time="133.560" errors="0" timestamp="11 Dec 2018 16:39:10 GMT" skipped="0">
  <testcase classname="com.fliplearn.flipapp.testcases.Login" name="verifyLogin" time="25.108"/>
  <testcase classname="com.fliplearn.flipapp.testcases.Login" name="verifyLogin" time="22.456"/>
  <testcase classname="com.fliplearn.flipapp.testcases.Login" name="verifyLogin" time="24.345"/>
  <testcase classname="com.fliplearn.flipapp.testcases.Login" name="verifyLogin" time="16.336"/>
  <testcase classname="com.fliplearn.flipapp.testcases.Login" name="verifyLogin" time="22.055"/>
  <testcase classname="com.fliplearn.flipapp.testcases.Login" name="verifyLogin" time="23.260"/>
</testsuite> <!-- com.fliplearn.flipapp.testcases.Login -->
