<?xml version="1.0" encoding="UTF-8"?>
<!-- Generated by org.testng.reporters.JUnitReportReporter -->
<testsuite hostname="ip-192-168-10-84.ap-south-1.compute.internal" failures="0" tests="1" name="com.fliplearn.flipapp.testcases.PrimeSearch" time="29.682" errors="0" timestamp="02 Jan 2020 06:39:25 GMT" skipped="0">
  <testcase classname="com.fliplearn.flipapp.testcases.PrimeSearch" name="searchAndViewContentStudent_Old" time="29.682"/>
</testsuite> <!-- com.fliplearn.flipapp.testcases.PrimeSearch -->
