<?xml version="1.0" encoding="UTF-8"?>
<!-- Generated by org.testng.reporters.JUnitReportReporter -->
<testsuite hostname="DESKTOP-NR7JDHG" failures="0" tests="6" name="com.fliplearn.flipapp.testcases.UserProfile" time="223.087" errors="0" timestamp="17 Nov 2018 17:20:29 GMT" skipped="0">
  <testcase classname="com.fliplearn.flipapp.testcases.UserProfile" name="verifyUserRole" time="41.438"/>
  <testcase classname="com.fliplearn.flipapp.testcases.UserProfile" name="verifyUserRole" time="48.916"/>
  <testcase classname="com.fliplearn.flipapp.testcases.UserProfile" name="verifyUserRole" time="13.148"/>
  <testcase classname="com.fliplearn.flipapp.testcases.UserProfile" name="verifyUserRole" time="33.759"/>
  <testcase classname="com.fliplearn.flipapp.testcases.UserProfile" name="verifyUserRole" time="35.593"/>
  <testcase classname="com.fliplearn.flipapp.testcases.UserProfile" name="verifyUserRole" time="50.233"/>
</testsuite> <!-- com.fliplearn.flipapp.testcases.UserProfile -->
