<?xml version="1.0" encoding="UTF-8"?>
<!-- Generated by org.testng.reporters.JUnitReportReporter -->
<testsuite hostname="DESKTOP-BCLH6U7" failures="0" tests="2" name="com.fliplearn.flipapp.testcases.Home" time="77.819" errors="0" timestamp="18 Nov 2019 09:30:56 GMT" skipped="0">
  <testcase classname="com.fliplearn.flipapp.testcases.Home" name="verifyGlobalModeSelection" time="39.214"/>
  <testcase classname="com.fliplearn.flipapp.testcases.Home" name="verifyGlobalModeSelection" time="38.605"/>
</testsuite> <!-- com.fliplearn.flipapp.testcases.Home -->
