<?xml version="1.0" encoding="UTF-8"?>
<!-- Generated by org.testng.reporters.JUnitReportReporter -->
<testsuite hostname="ip-10-0-22-16.ap-south-1.compute.internal" failures="0" tests="4" name="com.fliplearn.flipapp.testcases.PrimeResources" time="209.887" errors="0" timestamp="31 May 2019 12:16:55 GMT" skipped="0">
  <testcase classname="com.fliplearn.flipapp.testcases.PrimeResources" name="verifyMindMaps_Old" time="63.201"/>
  <testcase classname="com.fliplearn.flipapp.testcases.PrimeResources" name="verifyMindMaps_Old" time="20.811"/>
  <testcase classname="com.fliplearn.flipapp.testcases.PrimeResources" name="verifyMindMaps_Old" time="63.610"/>
  <testcase classname="com.fliplearn.flipapp.testcases.PrimeResources" name="verifyMindMaps_Old" time="62.265"/>
</testsuite> <!-- com.fliplearn.flipapp.testcases.PrimeResources -->
