<?xml version="1.0" encoding="UTF-8"?>
<!-- Generated by org.testng.reporters.JUnitReportReporter -->
<testsuite hostname="DESKTOP-NR7JDHG" failures="0" tests="7" name="com.fliplearn.flipapp.testcases.PrimeSynopsis" time="201.313" errors="0" timestamp="31 Oct 2018 20:57:57 GMT" skipped="0">
  <testcase classname="com.fliplearn.flipapp.testcases.PrimeSynopsis" name="verifyTopicSynopsisStudent" time="29.521"/>
  <testcase classname="com.fliplearn.flipapp.testcases.PrimeSynopsis" name="verifyMindMapsSchool" time="27.999"/>
  <testcase classname="com.fliplearn.flipapp.testcases.PrimeSynopsis" name="verifyMindMapsStudent" time="28.000"/>
  <testcase classname="com.fliplearn.flipapp.testcases.PrimeSynopsis" name="verifyMindMapsSchool" time="30.649"/>
  <testcase classname="com.fliplearn.flipapp.testcases.PrimeSynopsis" name="verifyTopicSynopsisStudent" time="28.255"/>
  <testcase classname="com.fliplearn.flipapp.testcases.PrimeSynopsis" name="verifyMindMapsStudent" time="28.107"/>
  <testcase classname="com.fliplearn.flipapp.testcases.PrimeSynopsis" name="verifyMindMapsSchool" time="28.782"/>
</testsuite> <!-- com.fliplearn.flipapp.testcases.PrimeSynopsis -->
