<?xml version="1.0" encoding="UTF-8"?>
<!-- Generated by org.testng.reporters.JUnitReportReporter -->
<testsuite hostname="DESKTOP-NR7JDHG" failures="0" tests="3" name="com.fliplearn.flipapp.testcases.QuizDashboard" time="67.181" errors="0" timestamp="08 Oct 2018 19:32:12 GMT" skipped="0">
  <testcase classname="com.fliplearn.flipapp.testcases.QuizDashboard" name="verifyQuizDashboardClasses" time="24.351"/>
  <testcase classname="com.fliplearn.flipapp.testcases.QuizDashboard" name="verifyQuizDashboardClasses" time="18.596"/>
  <testcase classname="com.fliplearn.flipapp.testcases.QuizDashboard" name="verifyQuizDashboardClasses" time="24.234"/>
</testsuite> <!-- com.fliplearn.flipapp.testcases.QuizDashboard -->
