<?xml version="1.0" encoding="UTF-8"?>
<!-- Generated by org.testng.reporters.JUnitReportReporter -->
<testsuite hostname="DESKTOP-NR7JDHG" failures="0" tests="3" name="com.fliplearn.flipapp.testcases.QuizDashboard" time="63.546" errors="0" timestamp="08 Oct 2018 17:55:03 GMT" skipped="0">
  <testcase classname="com.fliplearn.flipapp.testcases.QuizDashboard" name="verifyQuizDashboardClasses" time="16.716"/>
  <testcase classname="com.fliplearn.flipapp.testcases.QuizDashboard" name="verifyQuizDashboardClasses" time="23.625"/>
  <testcase classname="com.fliplearn.flipapp.testcases.QuizDashboard" name="verifyQuizDashboardClasses" time="23.205"/>
</testsuite> <!-- com.fliplearn.flipapp.testcases.QuizDashboard -->
