<?xml version="1.0" encoding="UTF-8"?>
<!-- Generated by org.testng.reporters.JUnitReportReporter -->
<testsuite hostname="ip-192-168-10-84.ap-south-1.compute.internal" failures="0" tests="3" name="com.fliplearn.flipapp.testcases.Home" time="41.755" errors="0" timestamp="31 Jan 2020 12:23:34 GMT" skipped="0">
  <testcase classname="com.fliplearn.flipapp.testcases.Home" name="verifyTabSwitch" time="13.226"/>
  <testcase classname="com.fliplearn.flipapp.testcases.Home" name="verifyTabSwitch" time="13.588"/>
  <testcase classname="com.fliplearn.flipapp.testcases.Home" name="verifyTabSwitch" time="14.941"/>
</testsuite> <!-- com.fliplearn.flipapp.testcases.Home -->
