<?xml version="1.0" encoding="UTF-8"?>
<!-- Generated by org.testng.reporters.JUnitReportReporter -->
<testsuite hostname="ip-192-168-1-159.ap-south-1.compute.internal" failures="0" tests="1" name="com.fliplearn.flipapp.testcases.PrimeResources" time="19.721" errors="0" timestamp="15 Dec 2018 16:25:12 GMT" skipped="0">
  <testcase classname="com.fliplearn.flipapp.testcases.PrimeResources" name="verifyAccessFromChildMessage" time="19.721"/>
</testsuite> <!-- com.fliplearn.flipapp.testcases.PrimeResources -->
