<?xml version="1.0" encoding="UTF-8"?>
<!-- Generated by org.testng.reporters.JUnitReportReporter -->
<testsuite hostname="ip-192-168-10-84.ap-south-1.compute.internal" failures="0" tests="3" name="com.fliplearn.flipapp.testcases.VMC" time="59.005" errors="0" timestamp="15 Nov 2019 09:50:27 GMT" skipped="0">
  <testcase classname="com.fliplearn.flipapp.testcases.VMC" name="displayVMCStudent" time="16.624"/>
  <testcase classname="com.fliplearn.flipapp.testcases.VMC" name="displayVMCStudent" time="20.659"/>
  <testcase classname="com.fliplearn.flipapp.testcases.VMC" name="displayVMCStudent" time="21.722"/>
</testsuite> <!-- com.fliplearn.flipapp.testcases.VMC -->
