<?xml version="1.0" encoding="UTF-8"?>
<!-- Generated by org.testng.reporters.JUnitReportReporter -->
<testsuite hostname="ip-10-0-22-16.ap-south-1.compute.internal" failures="0" tests="6" name="com.fliplearn.flipapp.testcases.Login" time="52.647" errors="0" timestamp="30 May 2019 12:46:11 GMT" skipped="0">
  <testcase classname="com.fliplearn.flipapp.testcases.Login" name="verifyLogin" time="8.324"/>
  <testcase classname="com.fliplearn.flipapp.testcases.Login" name="verifyLogin" time="9.021"/>
  <testcase classname="com.fliplearn.flipapp.testcases.Login" name="verifyLogin" time="8.289"/>
  <testcase classname="com.fliplearn.flipapp.testcases.Login" name="verifyLogin" time="9.404"/>
  <testcase classname="com.fliplearn.flipapp.testcases.Login" name="verifyLogin" time="8.641"/>
  <testcase classname="com.fliplearn.flipapp.testcases.Login" name="verifyLogin" time="8.968"/>
</testsuite> <!-- com.fliplearn.flipapp.testcases.Login -->
