<?xml version="1.0" encoding="UTF-8"?>
<!-- Generated by org.testng.reporters.JUnitReportReporter -->
<testsuite hostname="DESKTOP-NR7JDHG" failures="0" tests="3" name="com.fliplearn.flipapp.testcases.VMC" time="94.090" errors="0" timestamp="19 Nov 2018 12:13:37 GMT" skipped="0">
  <testcase classname="com.fliplearn.flipapp.testcases.VMC" name="displayVMCStudent" time="14.655"/>
  <testcase classname="com.fliplearn.flipapp.testcases.VMC" name="displayVMCStudent" time="41.531"/>
  <testcase classname="com.fliplearn.flipapp.testcases.VMC" name="displayVMCStudent" time="37.904"/>
</testsuite> <!-- com.fliplearn.flipapp.testcases.VMC -->
