<?xml version="1.0" encoding="UTF-8"?>
<!-- Generated by org.testng.reporters.JUnitReportReporter -->
<testsuite hostname="DESKTOP-NR7JDHG" failures="0" tests="6" name="com.fliplearn.flipapp.testcases.UserProfile" time="225.581" errors="0" timestamp="27 Nov 2018 16:18:00 GMT" skipped="0">
  <testcase classname="com.fliplearn.flipapp.testcases.UserProfile" name="verifyUserRole" time="41.111"/>
  <testcase classname="com.fliplearn.flipapp.testcases.UserProfile" name="verifyUserRole" time="35.595"/>
  <testcase classname="com.fliplearn.flipapp.testcases.UserProfile" name="verifyUserRole" time="22.063"/>
  <testcase classname="com.fliplearn.flipapp.testcases.UserProfile" name="verifyUserRole" time="48.794"/>
  <testcase classname="com.fliplearn.flipapp.testcases.UserProfile" name="verifyUserRole" time="41.748"/>
  <testcase classname="com.fliplearn.flipapp.testcases.UserProfile" name="verifyUserRole" time="36.270"/>
</testsuite> <!-- com.fliplearn.flipapp.testcases.UserProfile -->
