<?xml version="1.0" encoding="UTF-8"?>
<!-- Generated by org.testng.reporters.JUnitReportReporter -->
<testsuite hostname="sureshs" failures="0" tests="6" name="com.fliplearn.flipapp.testcases.QuizDashboard" time="462.309" errors="0" timestamp="11 Dec 2018 12:53:50 GMT" skipped="0">
  <testcase classname="com.fliplearn.flipapp.testcases.QuizDashboard" name="verifyQuizDashboardTileDisplayed" time="61.501"/>
  <testcase classname="com.fliplearn.flipapp.testcases.QuizDashboard" name="verifyQuizDashboardTileDisplayed" time="101.217"/>
  <testcase classname="com.fliplearn.flipapp.testcases.QuizDashboard" name="verifyQuizDashboardTileDisplayed" time="92.097"/>
  <testcase classname="com.fliplearn.flipapp.testcases.QuizDashboard" name="verifyQuizDashboardTileDisplayed" time="90.327"/>
  <testcase classname="com.fliplearn.flipapp.testcases.QuizDashboard" name="verifyQuizDashboardTileDisplayed" time="59.482"/>
  <testcase classname="com.fliplearn.flipapp.testcases.QuizDashboard" name="verifyQuizDashboardTileDisplayed" time="57.685"/>
</testsuite> <!-- com.fliplearn.flipapp.testcases.QuizDashboard -->
