<?xml version="1.0" encoding="UTF-8"?>
<!-- Generated by org.testng.reporters.JUnitReportReporter -->
<testsuite hostname="DESKTOP-NR7JDHG" failures="0" tests="1" name="com.fliplearn.flipapp.testcases.Fee" time="27.898" errors="0" timestamp="02 Nov 2018 07:01:04 GMT" skipped="0">
  <testcase classname="com.fliplearn.flipapp.testcases.Fee" name="payFeeLogoutyAmex" time="27.898"/>
</testsuite> <!-- com.fliplearn.flipapp.testcases.Fee -->
