<?xml version="1.0" encoding="UTF-8"?>
<!-- Generated by org.testng.reporters.JUnitReportReporter -->
<testsuite hostname="ip-10-0-22-16.ap-south-1.compute.internal" failures="0" tests="3" name="com.fliplearn.flipapp.testcases.Fee" time="72.397" errors="0" timestamp="31 May 2019 05:17:22 GMT" skipped="0">
  <testcase classname="com.fliplearn.flipapp.testcases.Fee" name="payFeeLoginDebitCard" time="23.626"/>
  <testcase classname="com.fliplearn.flipapp.testcases.Fee" name="payFeeLoginDebitCard" time="23.697"/>
  <testcase classname="com.fliplearn.flipapp.testcases.Fee" name="payFeeLoginDebitCard" time="25.074"/>
</testsuite> <!-- com.fliplearn.flipapp.testcases.Fee -->
