<?xml version="1.0" encoding="UTF-8"?>
<!-- Generated by org.testng.reporters.JUnitReportReporter -->
<testsuite hostname="DESKTOP-NR7JDHG" failures="0" tests="5" name="com.fliplearn.flipapp.testcases.Login" time="57.096" errors="0" timestamp="08 Oct 2018 18:02:27 GMT" skipped="0">
  <testcase classname="com.fliplearn.flipapp.testcases.Login" name="verifyLogin" time="9.221"/>
  <testcase classname="com.fliplearn.flipapp.testcases.Login" name="verifyLogin" time="9.533"/>
  <testcase classname="com.fliplearn.flipapp.testcases.Login" name="verifyLogin" time="15.868"/>
  <testcase classname="com.fliplearn.flipapp.testcases.Login" name="verifyLogin" time="11.723"/>
  <testcase classname="com.fliplearn.flipapp.testcases.Login" name="verifyLogin" time="10.751"/>
</testsuite> <!-- com.fliplearn.flipapp.testcases.Login -->
