<?xml version="1.0" encoding="UTF-8"?>
<!-- Generated by org.testng.reporters.JUnitReportReporter -->
<testsuite hostname="DESKTOP-NR7JDHG" failures="0" tests="6" name="com.fliplearn.flipapp.testcases.Login" time="110.980" errors="0" timestamp="27 Nov 2018 16:09:12 GMT" skipped="0">
  <testcase classname="com.fliplearn.flipapp.testcases.Login" name="verifyLogin" time="22.377"/>
  <testcase classname="com.fliplearn.flipapp.testcases.Login" name="verifyLogin" time="17.973"/>
  <testcase classname="com.fliplearn.flipapp.testcases.Login" name="verifyLogin" time="14.169"/>
  <testcase classname="com.fliplearn.flipapp.testcases.Login" name="verifyLogin" time="20.714"/>
  <testcase classname="com.fliplearn.flipapp.testcases.Login" name="verifyLogin" time="17.690"/>
  <testcase classname="com.fliplearn.flipapp.testcases.Login" name="verifyLogin" time="18.057"/>
</testsuite> <!-- com.fliplearn.flipapp.testcases.Login -->
