<?xml version="1.0" encoding="UTF-8"?>
<!-- Generated by org.testng.reporters.JUnitReportReporter -->
<testsuite failures="0" tests="1" name="com.fliplearn.flipapp.testcases.VMC" time="47.795" errors="0" timestamp="09 Oct 2018 13:25:49 GMT" skipped="0">
  <testcase classname="com.fliplearn.flipapp.testcases.VMC" name="displayVMC" time="47.795"/>
</testsuite> <!-- com.fliplearn.flipapp.testcases.VMC -->
