<?xml version="1.0" encoding="UTF-8"?>
<!-- Generated by org.testng.reporters.JUnitReportReporter -->
<testsuite hostname="DESKTOP-BCLH6U7" failures="0" tests="1" name="com.fliplearn.flipapp.testcases.PrimeResources" time="58.167" errors="0" timestamp="03 Oct 2019 10:33:33 GMT" skipped="0">
  <testcase classname="com.fliplearn.flipapp.testcases.PrimeResources" name="playPrimeVideo_New" time="58.167"/>
</testsuite> <!-- com.fliplearn.flipapp.testcases.PrimeResources -->
