<?xml version="1.0" encoding="UTF-8"?>
<!-- Generated by org.testng.reporters.JUnitReportReporter -->
<testsuite hostname="ip-10-0-22-16.ap-south-1.compute.internal" failures="0" tests="4" name="com.fliplearn.flipapp.testcases.PrimeContent" time="68.654" errors="0" timestamp="30 May 2019 12:56:58 GMT" skipped="0">
  <testcase classname="com.fliplearn.flipapp.testcases.PrimeContent" name="verifyPrimeSubjects_Old" time="17.712"/>
  <testcase classname="com.fliplearn.flipapp.testcases.PrimeContent" name="verifyPrimeSubjects_Old" time="14.719"/>
  <testcase classname="com.fliplearn.flipapp.testcases.PrimeContent" name="verifyPrimeSubjects_Old" time="17.537"/>
  <testcase classname="com.fliplearn.flipapp.testcases.PrimeContent" name="verifyPrimeSubjects_Old" time="18.686"/>
</testsuite> <!-- com.fliplearn.flipapp.testcases.PrimeContent -->
