<?xml version="1.0" encoding="UTF-8"?>
<!-- Generated by org.testng.reporters.JUnitReportReporter -->
<testsuite hostname="Taruns-MBP" failures="0" tests="1" name="com.fliplearn.flipapp.testcases.Fee" time="21.926" errors="0" timestamp="15 Dec 2018 08:34:02 GMT" skipped="0">
  <testcase classname="com.fliplearn.flipapp.testcases.Fee" name="payFeeLogoutAmex" time="21.926"/>
</testsuite> <!-- com.fliplearn.flipapp.testcases.Fee -->
