<?xml version="1.0" encoding="UTF-8"?>
<!-- Generated by org.testng.reporters.JUnitReportReporter -->
<testsuite hostname="ip-192-168-10-84.ap-south-1.compute.internal" failures="0" tests="6" name="com.fliplearn.flipapp.testcases.UserProfile" time="153.145" errors="0" timestamp="27 Dec 2019 09:40:42 GMT" skipped="0">
  <testcase classname="com.fliplearn.flipapp.testcases.UserProfile" name="verifyUserNotGuest" time="24.695"/>
  <testcase classname="com.fliplearn.flipapp.testcases.UserProfile" name="verifyUserNotGuest" time="25.242"/>
  <testcase classname="com.fliplearn.flipapp.testcases.UserProfile" name="verifyUserNotGuest" time="23.277"/>
  <testcase classname="com.fliplearn.flipapp.testcases.UserProfile" name="verifyUserNotGuest" time="25.656"/>
  <testcase classname="com.fliplearn.flipapp.testcases.UserProfile" name="verifyUserNotGuest" time="28.663"/>
  <testcase classname="com.fliplearn.flipapp.testcases.UserProfile" name="verifyUserNotGuest" time="25.612"/>
</testsuite> <!-- com.fliplearn.flipapp.testcases.UserProfile -->
