<?xml version="1.0" encoding="UTF-8"?>
<!-- Generated by org.testng.reporters.JUnitReportReporter -->
<testsuite hostname="DESKTOP-BCLH6U7" failures="0" tests="1" name="com.fliplearn.flipapp.testcases.Login" time="21.348" errors="0" timestamp="25 Sep 2019 12:18:21 GMT" skipped="0">
  <testcase classname="com.fliplearn.flipapp.testcases.Login" name="verifyLogin" time="21.348"/>
</testsuite> <!-- com.fliplearn.flipapp.testcases.Login -->
