<?xml version="1.0" encoding="UTF-8"?>
<!-- Generated by org.testng.reporters.JUnitReportReporter -->
<testsuite hostname="ip-192-168-10-84.ap-south-1.compute.internal" failures="0" tests="6" name="com.fliplearn.flipapp.testcases.Login" time="131.570" errors="0" timestamp="27 Dec 2019 09:33:14 GMT" skipped="0">
  <testcase classname="com.fliplearn.flipapp.testcases.Login" name="verifyLogout" time="19.828"/>
  <testcase classname="com.fliplearn.flipapp.testcases.Login" name="verifyLogout" time="19.013"/>
  <testcase classname="com.fliplearn.flipapp.testcases.Login" name="verifyLogout" time="20.245"/>
  <testcase classname="com.fliplearn.flipapp.testcases.Login" name="verifyLogout" time="17.622"/>
  <testcase classname="com.fliplearn.flipapp.testcases.Login" name="verifyLogout" time="19.096"/>
  <testcase classname="com.fliplearn.flipapp.testcases.Login" name="verifyLogout" time="35.766"/>
</testsuite> <!-- com.fliplearn.flipapp.testcases.Login -->
