<?xml version="1.0" encoding="UTF-8"?>
<!-- Generated by org.testng.reporters.JUnitReportReporter -->
<testsuite hostname="ip-192-168-10-84.ap-south-1.compute.internal" failures="0" tests="1" name="com.fliplearn.flipapp.testcases.PrimePurchaseFlow" time="41.384" errors="0" timestamp="15 Nov 2019 09:58:57 GMT" skipped="0">
  <testcase classname="com.fliplearn.flipapp.testcases.PrimePurchaseFlow" name="verifyPrimePurchaseFlowWithCouponSecTab" time="41.384"/>
</testsuite> <!-- com.fliplearn.flipapp.testcases.PrimePurchaseFlow -->
