<?xml version="1.0" encoding="UTF-8"?>
<!-- Generated by org.testng.reporters.JUnitReportReporter -->
<testsuite hostname="linuxize" failures="0" tests="6" name="com.fliplearn.flipapp.testcases.Login" time="51.928" errors="0" timestamp="25 Jan 2019 13:12:48 GMT" skipped="0">
  <testcase classname="com.fliplearn.flipapp.testcases.Login" name="verifyLogin" time="8.960"/>
  <testcase classname="com.fliplearn.flipapp.testcases.Login" name="verifyLogin" time="12.684"/>
  <testcase classname="com.fliplearn.flipapp.testcases.Login" name="verifyLogin" time="4.325"/>
  <testcase classname="com.fliplearn.flipapp.testcases.Login" name="verifyLogin" time="7.817"/>
  <testcase classname="com.fliplearn.flipapp.testcases.Login" name="verifyLogin" time="9.154"/>
  <testcase classname="com.fliplearn.flipapp.testcases.Login" name="verifyLogin" time="8.988"/>
</testsuite> <!-- com.fliplearn.flipapp.testcases.Login -->
