<?xml version="1.0" encoding="UTF-8"?>
<!-- Generated by org.testng.reporters.JUnitReportReporter -->
<testsuite hostname="Taruns-MBP" failures="0" tests="3" name="com.fliplearn.flipapp.testcases.QuizDashboard" time="44.427" errors="0" timestamp="15 Dec 2018 07:48:47 GMT" skipped="0">
  <testcase classname="com.fliplearn.flipapp.testcases.QuizDashboard" name="verifyQuizDashboardClasses" time="14.833"/>
  <testcase classname="com.fliplearn.flipapp.testcases.QuizDashboard" name="verifyQuizDashboardClasses" time="15.611"/>
  <testcase classname="com.fliplearn.flipapp.testcases.QuizDashboard" name="verifyQuizDashboardClasses" time="13.983"/>
</testsuite> <!-- com.fliplearn.flipapp.testcases.QuizDashboard -->
