<?xml version="1.0" encoding="UTF-8"?>
<!-- Generated by org.testng.reporters.JUnitReportReporter -->
<testsuite hostname="ip-192-168-10-84.ap-south-1.compute.internal" failures="0" tests="2" name="com.fliplearn.flipapp.testcases.Home" time="57.698" errors="0" timestamp="06 Nov 2019 12:18:04 GMT" skipped="0">
  <testcase classname="com.fliplearn.flipapp.testcases.Home" name="verifyGlobalModeSelection" time="29.853"/>
  <testcase classname="com.fliplearn.flipapp.testcases.Home" name="verifyGlobalModeSelection" time="27.845"/>
</testsuite> <!-- com.fliplearn.flipapp.testcases.Home -->
