<?xml version="1.0" encoding="UTF-8"?>
<!-- Generated by org.testng.reporters.JUnitReportReporter -->
<testsuite hostname="ip-192-168-10-84.ap-south-1.compute.internal" failures="0" tests="1" name="com.fliplearn.flipapp.testcases.PrimeResources" time="15.279" errors="0" timestamp="06 Jan 2020 09:50:50 GMT" skipped="0">
  <testcase classname="com.fliplearn.flipapp.testcases.PrimeResources" name="verifyParentAbleToViewDemoContent" time="15.279"/>
</testsuite> <!-- com.fliplearn.flipapp.testcases.PrimeResources -->
