<?xml version="1.0" encoding="UTF-8"?>
<!-- Generated by org.testng.reporters.JUnitReportReporter -->
<testsuite hostname="DESKTOP-NR7JDHG" failures="0" tests="2" name="com.fliplearn.flipapp.testcases.Album" time="124.383" errors="0" timestamp="16 Oct 2018 05:22:04 GMT" skipped="0">
  <testcase classname="com.fliplearn.flipapp.testcases.Album" name="canNotcreateAlbum" time="66.034"/>
  <testcase classname="com.fliplearn.flipapp.testcases.Album" name="canNotcreateAlbum" time="58.349"/>
</testsuite> <!-- com.fliplearn.flipapp.testcases.Album -->
