<?xml version="1.0" encoding="UTF-8"?>
<!-- Generated by org.testng.reporters.JUnitReportReporter -->
<testsuite hostname="DESKTOP-NR7JDHG" failures="0" tests="2" name="com.fliplearn.flipapp.testcases.Announcement" time="91.015" errors="0" timestamp="08 Oct 2018 18:44:36 GMT" skipped="0">
  <testcase classname="com.fliplearn.flipapp.testcases.Announcement" name="canNotCreateAnnouncement" time="46.001"/>
  <testcase classname="com.fliplearn.flipapp.testcases.Announcement" name="canNotCreateAnnouncement" time="45.014"/>
</testsuite> <!-- com.fliplearn.flipapp.testcases.Announcement -->
