<?xml version="1.0" encoding="UTF-8"?>
<!-- Generated by org.testng.reporters.JUnitReportReporter -->
<testsuite hostname="ip-192-168-10-84.ap-south-1.compute.internal" failures="0" tests="3" name="com.fliplearn.flipapp.testcases.Fee" time="161.938" errors="0" timestamp="18 Jul 2019 11:46:48 GMT" skipped="0">
  <testcase classname="com.fliplearn.flipapp.testcases.Fee" name="payFeeLoginNetBanking" time="41.958"/>
  <testcase classname="com.fliplearn.flipapp.testcases.Fee" name="payFeeLoginNetBanking" time="64.327"/>
  <testcase classname="com.fliplearn.flipapp.testcases.Fee" name="payFeeLoginNetBanking" time="55.653"/>
</testsuite> <!-- com.fliplearn.flipapp.testcases.Fee -->
