<?xml version="1.0" encoding="UTF-8"?>
<!-- Generated by org.testng.reporters.JUnitReportReporter -->
<testsuite hostname="ip-192-168-10-84.ap-south-1.compute.internal" failures="0" tests="2" name="com.fliplearn.flipapp.testcases.PrimePractice" time="54.579" errors="0" timestamp="14 Nov 2019 12:24:14 GMT" skipped="0">
  <testcase classname="com.fliplearn.flipapp.testcases.PrimePractice" name="verPracticeModeTopScreen" time="27.437"/>
  <testcase classname="com.fliplearn.flipapp.testcases.PrimePractice" name="verPracticeModeTopScreen" time="27.142"/>
</testsuite> <!-- com.fliplearn.flipapp.testcases.PrimePractice -->
