<?xml version="1.0" encoding="UTF-8"?>
<!-- Generated by org.testng.reporters.JUnitReportReporter -->
<testsuite hostname="ip-10-0-22-16.ap-south-1.compute.internal" failures="0" tests="1" name="com.fliplearn.flipapp.testcases.Event" time="58.644" errors="0" timestamp="31 May 2019 09:25:40 GMT" skipped="0">
  <testcase classname="com.fliplearn.flipapp.testcases.Event" name="createHomework" time="58.644"/>
</testsuite> <!-- com.fliplearn.flipapp.testcases.Event -->
