<?xml version="1.0" encoding="UTF-8"?>
<!-- Generated by org.testng.reporters.JUnitReportReporter -->
<testsuite hostname="DESKTOP-NR7JDHG" failures="0" tests="1" name="com.fliplearn.flipapp.testcases.UserRegistration" time="60.763" errors="0" timestamp="22 Sep 2018 16:09:56 GMT" skipped="0">
  <testcase classname="com.fliplearn.flipapp.testcases.UserRegistration" name="verifyAndroidAdminLogin" time="60.763"/>
</testsuite> <!-- com.fliplearn.flipapp.testcases.UserRegistration -->
