<?xml version="1.0" encoding="UTF-8"?>
<!-- Generated by org.testng.reporters.JUnitReportReporter -->
<testsuite hostname="DESKTOP-NR7JDHG" failures="0" tests="5" name="com.fliplearn.flipapp.testcases.UserProfile" time="175.368" errors="0" timestamp="24 Oct 2018 10:44:56 GMT" skipped="0">
  <testcase classname="com.fliplearn.flipapp.testcases.UserProfile" name="verifyUserRole" time="36.919"/>
  <testcase classname="com.fliplearn.flipapp.testcases.UserProfile" name="verifyUserRole" time="41.888"/>
  <testcase classname="com.fliplearn.flipapp.testcases.UserProfile" name="verifyUserRole" time="32.138"/>
  <testcase classname="com.fliplearn.flipapp.testcases.UserProfile" name="verifyUserRole" time="33.326"/>
  <testcase classname="com.fliplearn.flipapp.testcases.UserProfile" name="verifyUserRole" time="31.097"/>
</testsuite> <!-- com.fliplearn.flipapp.testcases.UserProfile -->
