<?xml version="1.0" encoding="UTF-8"?>
<!-- Generated by org.testng.reporters.JUnitReportReporter -->
<testsuite hostname="ip-10-0-22-16.ap-south-1.compute.internal" failures="0" tests="1" name="com.fliplearn.flipapp.testcases.UserProfile" time="20.525" errors="0" timestamp="30 May 2019 12:52:17 GMT" skipped="0">
  <testcase classname="com.fliplearn.flipapp.testcases.UserProfile" name="verifyUserNotGuest" time="20.525"/>
</testsuite> <!-- com.fliplearn.flipapp.testcases.UserProfile -->
