<?xml version="1.0" encoding="UTF-8"?>
<!-- Generated by org.testng.reporters.JUnitReportReporter -->
<testsuite hostname="ip-10-0-22-16.ap-south-1.compute.internal" failures="0" tests="19" name="com.fliplearn.flipapp.testcases.Fee" time="466.971" errors="0" timestamp="31 May 2019 08:04:59 GMT" skipped="0">
  <testcase classname="com.fliplearn.flipapp.testcases.Fee" name="payFeeLoginDebitCard" time="25.330"/>
  <testcase classname="com.fliplearn.flipapp.testcases.Fee" name="payFeeLoginNetBanking" time="25.585"/>
  <testcase classname="com.fliplearn.flipapp.testcases.Fee" name="payFeeLoginAmex" time="25.436"/>
  <testcase classname="com.fliplearn.flipapp.testcases.Fee" name="payFeeLoginNetBanking" time="27.987"/>
  <testcase classname="com.fliplearn.flipapp.testcases.Fee" name="payFeeLoginUPI" time="24.461"/>
  <testcase classname="com.fliplearn.flipapp.testcases.Fee" name="payFeeLogoutVISA" time="21.168"/>
  <testcase classname="com.fliplearn.flipapp.testcases.Fee" name="payFeeLogoutAmex" time="21.900"/>
  <testcase classname="com.fliplearn.flipapp.testcases.Fee" name="payFeeLoginAmex" time="23.940"/>
  <testcase classname="com.fliplearn.flipapp.testcases.Fee" name="payFeeLoginNetBanking" time="25.018"/>
  <testcase classname="com.fliplearn.flipapp.testcases.Fee" name="payFeeLoginUPI" time="25.113"/>
  <testcase classname="com.fliplearn.flipapp.testcases.Fee" name="payFeeLogoutNetBanking" time="21.512"/>
  <testcase classname="com.fliplearn.flipapp.testcases.Fee" name="payFeeLoginVISA" time="24.204"/>
  <testcase classname="com.fliplearn.flipapp.testcases.Fee" name="payFeeLoginUPI" time="24.817"/>
  <testcase classname="com.fliplearn.flipapp.testcases.Fee" name="payFeeLoginDebitCard" time="26.456"/>
  <testcase classname="com.fliplearn.flipapp.testcases.Fee" name="payFeeLoginVISA" time="25.061"/>
  <testcase classname="com.fliplearn.flipapp.testcases.Fee" name="payFeeLoginVISA" time="25.649"/>
  <testcase classname="com.fliplearn.flipapp.testcases.Fee" name="payFeeLogoutDebitCard" time="21.320"/>
  <testcase classname="com.fliplearn.flipapp.testcases.Fee" name="payFeeLoginDebitCard" time="25.668"/>
  <testcase classname="com.fliplearn.flipapp.testcases.Fee" name="payFeeLoginAmex" time="26.346"/>
</testsuite> <!-- com.fliplearn.flipapp.testcases.Fee -->
