<?xml version="1.0" encoding="UTF-8"?>
<!-- Generated by org.testng.reporters.JUnitReportReporter -->
<testsuite hostname="ip-192-168-10-84.ap-south-1.compute.internal" failures="0" tests="1" name="com.fliplearn.flipapp.testcases.PrimePurchaseFlow" time="32.263" errors="0" timestamp="07 Nov 2019 08:41:46 GMT" skipped="0">
  <testcase classname="com.fliplearn.flipapp.testcases.PrimePurchaseFlow" name="verifyCouponApplyAndRemove" time="32.263"/>
</testsuite> <!-- com.fliplearn.flipapp.testcases.PrimePurchaseFlow -->
