<?xml version="1.0" encoding="UTF-8"?>
<!-- Generated by org.testng.reporters.JUnitReportReporter -->
<testsuite hostname="linuxize" failures="0" tests="3" name="com.fliplearn.flipapp.testcases.DoubtForum" time="220.163" errors="0" timestamp="22 Jul 2019 05:55:03 GMT" skipped="0">
  <testcase classname="com.fliplearn.flipapp.testcases.DoubtForum" name="verifyUnFollowPost" time="71.360"/>
  <testcase classname="com.fliplearn.flipapp.testcases.DoubtForum" name="verifyUnFollowPost" time="71.081"/>
  <testcase classname="com.fliplearn.flipapp.testcases.DoubtForum" name="verifyUnFollowPost" time="77.722"/>
</testsuite> <!-- com.fliplearn.flipapp.testcases.DoubtForum -->
