<?xml version="1.0" encoding="UTF-8"?>
<!-- Generated by org.testng.reporters.JUnitReportReporter -->
<testsuite hostname="DESKTOP-NR7JDHG" failures="0" tests="6" name="com.fliplearn.flipapp.testcases.Login" time="421.413" errors="0" timestamp="17 Nov 2018 16:52:32 GMT" skipped="0">
  <testcase classname="com.fliplearn.flipapp.testcases.Login" name="verifyLogin" time="78.646"/>
  <testcase classname="com.fliplearn.flipapp.testcases.Login" name="verifyLogin" time="59.968"/>
  <testcase classname="com.fliplearn.flipapp.testcases.Login" name="verifyLogin" time="84.609"/>
  <testcase classname="com.fliplearn.flipapp.testcases.Login" name="verifyLogin" time="41.331"/>
  <testcase classname="com.fliplearn.flipapp.testcases.Login" name="verifyLogin" time="78.050"/>
  <testcase classname="com.fliplearn.flipapp.testcases.Login" name="verifyLogin" time="78.809"/>
</testsuite> <!-- com.fliplearn.flipapp.testcases.Login -->
