<?xml version="1.0" encoding="UTF-8"?>
<!-- Generated by org.testng.reporters.JUnitReportReporter -->
<testsuite hostname="Taruns-MBP" failures="0" tests="3" name="com.fliplearn.flipapp.testcases.VMC" time="123.987" errors="0" timestamp="15 Dec 2018 08:01:47 GMT" skipped="0">
  <testcase classname="com.fliplearn.flipapp.testcases.VMC" name="doNotDisplayVMCStudent" time="45.330"/>
  <testcase classname="com.fliplearn.flipapp.testcases.VMC" name="doNotDisplayVMCStudent" time="42.738"/>
  <testcase classname="com.fliplearn.flipapp.testcases.VMC" name="doNotDisplayVMCStudent" time="35.919"/>
</testsuite> <!-- com.fliplearn.flipapp.testcases.VMC -->
