<?xml version="1.0" encoding="UTF-8"?>
<!-- Generated by org.testng.reporters.JUnitReportReporter -->
<testsuite hostname="ip-10-0-22-18.ap-south-1.compute.internal" failures="0" tests="2" name="com.fliplearn.flipapp.testcases.Home" time="54.652" errors="0" timestamp="02 Jul 2019 11:28:29 GMT" skipped="0">
  <testcase classname="com.fliplearn.flipapp.testcases.Home" name="popularVideoContent" time="29.266"/>
  <testcase classname="com.fliplearn.flipapp.testcases.Home" name="popularVideoContent" time="25.386"/>
</testsuite> <!-- com.fliplearn.flipapp.testcases.Home -->
