<?xml version="1.0" encoding="UTF-8"?>
<!-- Generated by org.testng.reporters.JUnitReportReporter -->
<testsuite hostname="DESKTOP-NR7JDHG" failures="0" tests="3" name="com.fliplearn.flipapp.testcases.VMC" time="155.211" errors="0" timestamp="01 Nov 2018 11:48:41 GMT" skipped="0">
  <testcase classname="com.fliplearn.flipapp.testcases.VMC" name="doNotDisplayVMCStudent" time="41.062"/>
  <testcase classname="com.fliplearn.flipapp.testcases.VMC" name="doNotDisplayVMCStudent" time="65.270"/>
  <testcase classname="com.fliplearn.flipapp.testcases.VMC" name="doNotDisplayVMCStudent" time="48.879"/>
</testsuite> <!-- com.fliplearn.flipapp.testcases.VMC -->
