<?xml version="1.0" encoding="UTF-8"?>
<!-- Generated by org.testng.reporters.JUnitReportReporter -->
<testsuite hostname="ip-10-0-22-18.ap-south-1.compute.internal" failures="0" tests="3" name="com.fliplearn.flipapp.testcases.QuizDashboard" time="102.702" errors="0" timestamp="02 Jul 2019 11:52:10 GMT" skipped="0">
  <testcase classname="com.fliplearn.flipapp.testcases.QuizDashboard" name="verifyQuizDashboardClasses" time="34.669"/>
  <testcase classname="com.fliplearn.flipapp.testcases.QuizDashboard" name="verifyQuizDashboardClasses" time="35.422"/>
  <testcase classname="com.fliplearn.flipapp.testcases.QuizDashboard" name="verifyQuizDashboardClasses" time="32.611"/>
</testsuite> <!-- com.fliplearn.flipapp.testcases.QuizDashboard -->
