<?xml version="1.0" encoding="UTF-8"?>
<!-- Generated by org.testng.reporters.JUnitReportReporter -->
<testsuite hostname="ip-10-0-22-18.ap-south-1.compute.internal" failures="0" tests="3" name="com.fliplearn.flipapp.testcases.Event" time="270.098" errors="0" timestamp="02 Jul 2019 11:25:51 GMT" skipped="0">
  <testcase classname="com.fliplearn.flipapp.testcases.Event" name="parentCanViewHomework" time="91.154"/>
  <testcase classname="com.fliplearn.flipapp.testcases.Event" name="parentCanViewHomework" time="89.547"/>
  <testcase classname="com.fliplearn.flipapp.testcases.Event" name="parentCanViewHomework" time="89.397"/>
</testsuite> <!-- com.fliplearn.flipapp.testcases.Event -->
