<?xml version="1.0" encoding="UTF-8"?>
<!-- Generated by org.testng.reporters.JUnitReportReporter -->
<testsuite hostname="linuxize" failures="0" tests="1" name="com.fliplearn.flipapp.api.PquizApi" time="3.014" errors="0" timestamp="29 Jul 2019 05:41:20 GMT" skipped="0">
  <testcase classname="com.fliplearn.flipapp.api.PquizApi" name="quizChallengeDetails" time="3.014"/>
</testsuite> <!-- com.fliplearn.flipapp.api.PquizApi -->
