<?xml version="1.0" encoding="UTF-8"?>
<!-- Generated by org.testng.reporters.JUnitReportReporter -->
<testsuite hostname="ip-10-0-22-16.ap-south-1.compute.internal" failures="0" tests="6" name="com.fliplearn.flipapp.testcases.UserProfile" time="119.579" errors="0" timestamp="31 May 2019 09:45:08 GMT" skipped="0">
  <testcase classname="com.fliplearn.flipapp.testcases.UserProfile" name="verifyUserNotGuest" time="19.085"/>
  <testcase classname="com.fliplearn.flipapp.testcases.UserProfile" name="verifyUserNotGuest" time="19.903"/>
  <testcase classname="com.fliplearn.flipapp.testcases.UserProfile" name="verifyUserNotGuest" time="19.309"/>
  <testcase classname="com.fliplearn.flipapp.testcases.UserProfile" name="verifyUserNotGuest" time="21.670"/>
  <testcase classname="com.fliplearn.flipapp.testcases.UserProfile" name="verifyUserNotGuest" time="19.650"/>
  <testcase classname="com.fliplearn.flipapp.testcases.UserProfile" name="verifyUserNotGuest" time="19.962"/>
</testsuite> <!-- com.fliplearn.flipapp.testcases.UserProfile -->
