<?xml version="1.0" encoding="UTF-8"?>
<!-- Generated by org.testng.reporters.JUnitReportReporter -->
<testsuite hostname="WIN-JH7TCQLIT5A" failures="0" tests="5" name="com.fliplearn.flipapp.testcases.FliplearnPrimeView" time="84.634" errors="0" timestamp="17 Oct 2018 19:10:34 GMT" skipped="0">
  <testcase classname="com.fliplearn.flipapp.testcases.FliplearnPrimeView" name="verifyPrimeSubjects" time="14.243"/>
  <testcase classname="com.fliplearn.flipapp.testcases.FliplearnPrimeView" name="verifyPrimeSubjects" time="29.314"/>
  <testcase classname="com.fliplearn.flipapp.testcases.FliplearnPrimeView" name="verifyPrimeSubjects" time="13.948"/>
  <testcase classname="com.fliplearn.flipapp.testcases.FliplearnPrimeView" name="verifyPrimeSubjects" time="13.856"/>
  <testcase classname="com.fliplearn.flipapp.testcases.FliplearnPrimeView" name="verifyPrimeSubjects" time="13.273"/>
</testsuite> <!-- com.fliplearn.flipapp.testcases.FliplearnPrimeView -->
