<?xml version="1.0" encoding="UTF-8"?>
<!-- Generated by org.testng.reporters.JUnitReportReporter -->
<testsuite hostname="ip-192-168-10-84.ap-south-1.compute.internal" failures="0" tests="3" name="com.fliplearn.flipapp.testcases.Event" time="237.047" errors="0" timestamp="14 Jan 2020 10:16:35 GMT" skipped="0">
  <testcase classname="com.fliplearn.flipapp.testcases.Event" name="parentCanViewAlbum" time="80.347"/>
  <testcase classname="com.fliplearn.flipapp.testcases.Event" name="parentCanViewAlbum" time="77.578"/>
  <testcase classname="com.fliplearn.flipapp.testcases.Event" name="parentCanViewAlbum" time="79.122"/>
</testsuite> <!-- com.fliplearn.flipapp.testcases.Event -->
