<?xml version="1.0" encoding="UTF-8"?>
<!-- Generated by org.testng.reporters.JUnitReportReporter -->
<testsuite hostname="DESKTOP-NR7JDHG" failures="0" tests="1" name="com.fliplearn.flipapp.testcases.PrimeVideo" time="46.265" errors="0" timestamp="01 Nov 2018 15:33:03 GMT" skipped="0">
  <testcase classname="com.fliplearn.flipapp.testcases.PrimeVideo" name="playPrimeVideoStudent" time="46.265"/>
</testsuite> <!-- com.fliplearn.flipapp.testcases.PrimeVideo -->
