<?xml version="1.0" encoding="UTF-8"?>
<!-- Generated by org.testng.reporters.JUnitReportReporter -->
<testsuite hostname="ip-10-0-22-16.ap-south-1.compute.internal" failures="0" tests="1" name="com.fliplearn.flipapp.testcases.PrimeResources" time="20.851" errors="0" timestamp="30 May 2019 13:39:06 GMT" skipped="0">
  <testcase classname="com.fliplearn.flipapp.testcases.PrimeResources" name="playPrimeVideo_Old" time="20.851"/>
</testsuite> <!-- com.fliplearn.flipapp.testcases.PrimeResources -->
