<?xml version="1.0" encoding="UTF-8"?>
<!-- Generated by org.testng.reporters.JUnitReportReporter -->
<testsuite hostname="DESKTOP-BCLH6U7" failures="0" tests="1" name="com.fliplearn.flipapp.testcases.PrimeResources" time="47.693" errors="0" timestamp="26 Nov 2019 07:15:06 GMT" skipped="0">
  <testcase classname="com.fliplearn.flipapp.testcases.PrimeResources" name="verifyParentAbleToPlayDemoVideo" time="47.693"/>
</testsuite> <!-- com.fliplearn.flipapp.testcases.PrimeResources -->
