<?xml version="1.0" encoding="UTF-8"?>
<!-- Generated by org.testng.reporters.JUnitReportReporter -->
<testsuite hostname="DESKTOP-NR7JDHG" failures="0" tests="5" name="com.fliplearn.flipapp.testcases.Login" time="267.803" errors="0" timestamp="24 Oct 2018 16:43:02 GMT" skipped="0">
  <testcase classname="com.fliplearn.flipapp.testcases.Login" name="verifyLogin" time="52.879"/>
  <testcase classname="com.fliplearn.flipapp.testcases.Login" name="verifyLogin" time="51.722"/>
  <testcase classname="com.fliplearn.flipapp.testcases.Login" name="verifyLogin" time="61.025"/>
  <testcase classname="com.fliplearn.flipapp.testcases.Login" name="verifyLogin" time="50.647"/>
  <testcase classname="com.fliplearn.flipapp.testcases.Login" name="verifyLogin" time="51.530"/>
</testsuite> <!-- com.fliplearn.flipapp.testcases.Login -->
