<?xml version="1.0" encoding="UTF-8"?>
<!-- Generated by org.testng.reporters.JUnitReportReporter -->
<testsuite hostname="WIN-JH7TCQLIT5A" failures="0" tests="8" name="com.fliplearn.flipapp.testcases.Announcement" time="349.767" errors="0" timestamp="17 Oct 2018 19:18:37 GMT" skipped="0">
  <testcase classname="com.fliplearn.flipapp.testcases.Announcement" name="canViewAnnouncement" time="59.134"/>
  <testcase classname="com.fliplearn.flipapp.testcases.Announcement" name="createAnnouncement" time="32.281"/>
  <testcase classname="com.fliplearn.flipapp.testcases.Announcement" name="canNotCreateAnnouncement" time="36.959"/>
  <testcase classname="com.fliplearn.flipapp.testcases.Announcement" name="createAnnouncement" time="31.580"/>
  <testcase classname="com.fliplearn.flipapp.testcases.Announcement" name="createAnnouncement" time="28.332"/>
  <testcase classname="com.fliplearn.flipapp.testcases.Announcement" name="canViewAnnouncement" time="62.046"/>
  <testcase classname="com.fliplearn.flipapp.testcases.Announcement" name="canViewAnnouncement" time="62.182"/>
  <testcase classname="com.fliplearn.flipapp.testcases.Announcement" name="canNotCreateAnnouncement" time="37.253"/>
</testsuite> <!-- com.fliplearn.flipapp.testcases.Announcement -->
