<?xml version="1.0" encoding="UTF-8"?>
<!-- Generated by org.testng.reporters.JUnitReportReporter -->
<testsuite hostname="DESKTOP-NR7JDHG" failures="0" tests="6" name="com.fliplearn.flipapp.testcases.Login" time="80.293" errors="0" timestamp="01 Nov 2018 10:10:47 GMT" skipped="0">
  <testcase classname="com.fliplearn.flipapp.testcases.Login" name="verifyLogin" time="11.342"/>
  <testcase classname="com.fliplearn.flipapp.testcases.Login" name="verifyLogin" time="13.292"/>
  <testcase classname="com.fliplearn.flipapp.testcases.Login" name="verifyLogin" time="12.979"/>
  <testcase classname="com.fliplearn.flipapp.testcases.Login" name="verifyLogin" time="10.487"/>
  <testcase classname="com.fliplearn.flipapp.testcases.Login" name="verifyLogin" time="17.089"/>
  <testcase classname="com.fliplearn.flipapp.testcases.Login" name="verifyLogin" time="15.104"/>
</testsuite> <!-- com.fliplearn.flipapp.testcases.Login -->
