<?xml version="1.0" encoding="UTF-8"?>
<!-- Generated by org.testng.reporters.JUnitReportReporter -->
<testsuite hostname="sureshs" failures="0" tests="9" name="com.fliplearn.flipapp.testcases.VMC" time="439.846" errors="0" timestamp="01 Feb 2019 08:01:32 GMT" skipped="0">
  <testcase classname="com.fliplearn.flipapp.testcases.VMC" name="displayVMCSchool" time="37.703"/>
  <testcase classname="com.fliplearn.flipapp.testcases.VMC" name="displayVMCStudent" time="37.138"/>
  <testcase classname="com.fliplearn.flipapp.testcases.VMC" name="displayVMCSchool" time="37.096"/>
  <testcase classname="com.fliplearn.flipapp.testcases.VMC" name="doNotDisplayVMCStudent" time="70.986"/>
  <testcase classname="com.fliplearn.flipapp.testcases.VMC" name="displayVMCStudent" time="41.444"/>
  <testcase classname="com.fliplearn.flipapp.testcases.VMC" name="doNotDisplayVMCStudent" time="70.330"/>
  <testcase classname="com.fliplearn.flipapp.testcases.VMC" name="doNotDisplayVMCStudent" time="70.273"/>
  <testcase classname="com.fliplearn.flipapp.testcases.VMC" name="displayVMCStudent" time="37.288"/>
  <testcase classname="com.fliplearn.flipapp.testcases.VMC" name="displayVMCSchool" time="37.588"/>
</testsuite> <!-- com.fliplearn.flipapp.testcases.VMC -->
