<?xml version="1.0" encoding="UTF-8"?>
<!-- Generated by org.testng.reporters.JUnitReportReporter -->
<testsuite hostname="DESKTOP-NR7JDHG" failures="0" tests="5" name="com.fliplearn.flipapp.testcases.QuizGames" time="391.686" errors="0" timestamp="25 Oct 2018 19:14:55 GMT" skipped="0">
  <testcase classname="com.fliplearn.flipapp.testcases.QuizGames" name="verifyQuizTileDisplayed" time="89.008"/>
  <testcase classname="com.fliplearn.flipapp.testcases.QuizGames" name="verifyQuizTileDisplayed" time="88.892"/>
  <testcase classname="com.fliplearn.flipapp.testcases.QuizGames" name="verifyQuizTileDisplayed" time="88.569"/>
  <testcase classname="com.fliplearn.flipapp.testcases.QuizGames" name="verifyQuizTileDisplayed" time="66.225"/>
  <testcase classname="com.fliplearn.flipapp.testcases.QuizGames" name="verifyQuizTileDisplayed" time="58.992"/>
</testsuite> <!-- com.fliplearn.flipapp.testcases.QuizGames -->
