<?xml version="1.0" encoding="UTF-8"?>
<!-- Generated by org.testng.reporters.JUnitReportReporter -->
<testsuite hostname="DESKTOP-NR7JDHG" failures="0" tests="3" name="com.fliplearn.flipapp.testcases.VMC" time="169.809" errors="0" timestamp="24 Oct 2018 17:26:59 GMT" skipped="0">
  <testcase classname="com.fliplearn.flipapp.testcases.VMC" name="displayVMCSchool" time="54.899"/>
  <testcase classname="com.fliplearn.flipapp.testcases.VMC" name="displayVMCSchool" time="58.506"/>
  <testcase classname="com.fliplearn.flipapp.testcases.VMC" name="displayVMCSchool" time="56.404"/>
</testsuite> <!-- com.fliplearn.flipapp.testcases.VMC -->
