<?xml version="1.0" encoding="UTF-8"?>
<!-- Generated by org.testng.reporters.JUnitReportReporter -->
<testsuite hostname="linuxize" failures="0" tests="1" name="com.fliplearn.flipapp.api.PtocApi" time="2.449" errors="0" timestamp="17 Jul 2019 08:45:35 GMT" skipped="0">
  <testcase classname="com.fliplearn.flipapp.api.PtocApi" name="subjects" time="2.449"/>
</testsuite> <!-- com.fliplearn.flipapp.api.PtocApi -->
