<?xml version="1.0" encoding="UTF-8"?>
<!-- Generated by org.testng.reporters.JUnitReportReporter -->
<testsuite hostname="Taruns-MacBook-Pro.local" failures="0" tests="1" name="com.fliplearn.flipapp.testcases.QuizDashboard" time="46.003" errors="0" timestamp="18 Jul 2019 17:42:36 GMT" skipped="0">
  <testcase classname="com.fliplearn.flipapp.testcases.QuizDashboard" name="verifyQuizDashboardClasses" time="46.003"/>
</testsuite> <!-- com.fliplearn.flipapp.testcases.QuizDashboard -->
