<?xml version="1.0" encoding="UTF-8"?>
<!-- Generated by org.testng.reporters.JUnitReportReporter -->
<testsuite hostname="ip-192-168-10-84.ap-south-1.compute.internal" failures="0" tests="1" name="com.fliplearn.flipapp.testcases.VMCGuru" time="94.364" errors="0" timestamp="03 Oct 2019 08:44:33 GMT" skipped="0">
  <testcase classname="com.fliplearn.flipapp.testcases.VMCGuru" name="validateGuruVideo" time="94.364"/>
</testsuite> <!-- com.fliplearn.flipapp.testcases.VMCGuru -->
