<?xml version="1.0" encoding="UTF-8"?>
<!-- Generated by org.testng.reporters.JUnitReportReporter -->
<testsuite hostname="DESKTOP-NR7JDHG" failures="0" tests="5" name="com.fliplearn.flipapp.testcases.Login" time="263.614" errors="0" timestamp="19 Oct 2018 20:18:13 GMT" skipped="0">
  <testcase classname="com.fliplearn.flipapp.testcases.Login" name="verifyLogin" time="53.891"/>
  <testcase classname="com.fliplearn.flipapp.testcases.Login" name="verifyLogin" time="52.939"/>
  <testcase classname="com.fliplearn.flipapp.testcases.Login" name="verifyLogin" time="52.660"/>
  <testcase classname="com.fliplearn.flipapp.testcases.Login" name="verifyLogin" time="51.582"/>
  <testcase classname="com.fliplearn.flipapp.testcases.Login" name="verifyLogin" time="52.542"/>
</testsuite> <!-- com.fliplearn.flipapp.testcases.Login -->
