<?xml version="1.0" encoding="UTF-8"?>
<!-- Generated by org.testng.reporters.JUnitReportReporter -->
<testsuite hostname="tarun-Inspiron-3543" failures="0" tests="6" name="com.fliplearn.flipapp.testcases.UserProfile" time="167.574" errors="0" timestamp="11 Dec 2018 16:59:44 GMT" skipped="0">
  <testcase classname="com.fliplearn.flipapp.testcases.UserProfile" name="verifyUserRole" time="32.166"/>
  <testcase classname="com.fliplearn.flipapp.testcases.UserProfile" name="verifyUserRole" time="34.219"/>
  <testcase classname="com.fliplearn.flipapp.testcases.UserProfile" name="verifyUserRole" time="12.322"/>
  <testcase classname="com.fliplearn.flipapp.testcases.UserProfile" name="verifyUserRole" time="29.643"/>
  <testcase classname="com.fliplearn.flipapp.testcases.UserProfile" name="verifyUserRole" time="29.883"/>
  <testcase classname="com.fliplearn.flipapp.testcases.UserProfile" name="verifyUserRole" time="29.341"/>
</testsuite> <!-- com.fliplearn.flipapp.testcases.UserProfile -->
