<?xml version="1.0" encoding="UTF-8"?>
<!-- Generated by org.testng.reporters.JUnitReportReporter -->
<testsuite hostname="linuxize" failures="0" tests="2" name="com.fliplearn.flipapp.testcases.PrimePractice" time="95.177" errors="0" timestamp="24 Jun 2019 12:02:25 GMT" skipped="0">
  <testcase classname="com.fliplearn.flipapp.testcases.PrimePractice" name="verifybackFlowWithThirdLevel" time="50.835"/>
  <testcase classname="com.fliplearn.flipapp.testcases.PrimePractice" name="verifybackFlowWithThirdLevel" time="44.342"/>
</testsuite> <!-- com.fliplearn.flipapp.testcases.PrimePractice -->
