<?xml version="1.0" encoding="UTF-8"?>
<!-- Generated by org.testng.reporters.JUnitReportReporter -->
<testsuite hostname="DESKTOP-NR7JDHG" failures="0" tests="6" name="com.fliplearn.flipapp.testcases.UserProfile" time="163.818" errors="0" timestamp="01 Nov 2018 10:33:44 GMT" skipped="0">
  <testcase classname="com.fliplearn.flipapp.testcases.UserProfile" name="verifyUserRole" time="9.848"/>
  <testcase classname="com.fliplearn.flipapp.testcases.UserProfile" name="verifyUserRole" time="31.972"/>
  <testcase classname="com.fliplearn.flipapp.testcases.UserProfile" name="verifyUserRole" time="30.161"/>
  <testcase classname="com.fliplearn.flipapp.testcases.UserProfile" name="verifyUserRole" time="31.054"/>
  <testcase classname="com.fliplearn.flipapp.testcases.UserProfile" name="verifyUserRole" time="28.895"/>
  <testcase classname="com.fliplearn.flipapp.testcases.UserProfile" name="verifyUserRole" time="31.888"/>
</testsuite> <!-- com.fliplearn.flipapp.testcases.UserProfile -->
