<?xml version="1.0" encoding="UTF-8"?>
<!-- Generated by org.testng.reporters.JUnitReportReporter -->
<testsuite hostname="ip-10-0-22-18.ap-south-1.compute.internal" failures="0" tests="1" name="com.fliplearn.flipapp.testcases.PrimeContent" time="24.611" errors="0" timestamp="08 May 2019 11:44:21 GMT" skipped="0">
  <testcase classname="com.fliplearn.flipapp.testcases.PrimeContent" name="verifyPrimeClasses_Parent" time="24.611"/>
</testsuite> <!-- com.fliplearn.flipapp.testcases.PrimeContent -->
