<?xml version="1.0" encoding="UTF-8"?>
<!-- Generated by org.testng.reporters.JUnitReportReporter -->
<testsuite hostname="linuxize" failures="0" tests="3" name="com.fliplearn.flipapp.testcases.DoubtForum" time="192.269" errors="0" timestamp="10 Jul 2019 10:09:56 GMT" skipped="0">
  <testcase classname="com.fliplearn.flipapp.testcases.DoubtForum" name="verifyFollowAndUnFollowPost" time="64.111"/>
  <testcase classname="com.fliplearn.flipapp.testcases.DoubtForum" name="verifyFollowAndUnFollowPost" time="63.812"/>
  <testcase classname="com.fliplearn.flipapp.testcases.DoubtForum" name="verifyFollowAndUnFollowPost" time="64.346"/>
</testsuite> <!-- com.fliplearn.flipapp.testcases.DoubtForum -->
