<?xml version="1.0" encoding="UTF-8"?>
<!-- Generated by org.testng.reporters.JUnitReportReporter -->
<testsuite hostname="linuxize" failures="0" tests="2" name="com.fliplearn.flipapp.testcases.PrimePractice" time="57.906" errors="0" timestamp="28 Jun 2019 06:21:01 GMT" skipped="0">
  <testcase classname="com.fliplearn.flipapp.testcases.PrimePractice" name="verifyRecommendedTopic" time="29.698"/>
  <testcase classname="com.fliplearn.flipapp.testcases.PrimePractice" name="verifyRecommendedTopic" time="28.208"/>
</testsuite> <!-- com.fliplearn.flipapp.testcases.PrimePractice -->
