<?xml version="1.0" encoding="UTF-8"?>
<!-- Generated by org.testng.reporters.JUnitReportReporter -->
<testsuite hostname="linuxize" failures="0" tests="1" name="com.fliplearn.flipapp.util.SimpleGetTest" time="2.216" errors="0" timestamp="16 Jul 2019 09:19:10 GMT" skipped="0">
  <testcase classname="com.fliplearn.flipapp.util.SimpleGetTest" name="GetWeatherDetails" time="2.216"/>
</testsuite> <!-- com.fliplearn.flipapp.util.SimpleGetTest -->
