<?xml version="1.0" encoding="UTF-8"?>
<!-- Generated by org.testng.reporters.JUnitReportReporter -->
<testsuite hostname="Taruns-MacBook-Pro.local" failures="0" tests="1" name="com.fliplearn.flipapp.testcases.UserProfile" time="41.117" errors="0" timestamp="18 Jul 2019 16:44:48 GMT" skipped="0">
  <testcase classname="com.fliplearn.flipapp.testcases.UserProfile" name="verifyUserNotGuest" time="41.117"/>
</testsuite> <!-- com.fliplearn.flipapp.testcases.UserProfile -->
