<?xml version="1.0" encoding="UTF-8"?>
<!-- Generated by org.testng.reporters.JUnitReportReporter -->
<testsuite hostname="ip-192-168-10-84.ap-south-1.compute.internal" failures="0" tests="3" name="com.fliplearn.flipapp.testcases.Fee" time="89.576" errors="0" timestamp="15 Jan 2020 09:35:01 GMT" skipped="0">
  <testcase classname="com.fliplearn.flipapp.testcases.Fee" name="payFeeLoginDebitCard" time="31.142"/>
  <testcase classname="com.fliplearn.flipapp.testcases.Fee" name="payFeeLoginDebitCard" time="29.026"/>
  <testcase classname="com.fliplearn.flipapp.testcases.Fee" name="payFeeLoginDebitCard" time="29.408"/>
</testsuite> <!-- com.fliplearn.flipapp.testcases.Fee -->
