<?xml version="1.0" encoding="UTF-8"?>
<!-- Generated by org.testng.reporters.JUnitReportReporter -->
<testsuite hostname="ip-192-168-10-84.ap-south-1.compute.internal" failures="0" tests="4" name="com.fliplearn.flipapp.testcases.PrimePurchaseFlow" time="123.864" errors="0" timestamp="14 Nov 2019 13:01:41 GMT" skipped="0">
  <testcase classname="com.fliplearn.flipapp.testcases.PrimePurchaseFlow" name="verifyCouponApplyAndRemove" time="30.983"/>
  <testcase classname="com.fliplearn.flipapp.testcases.PrimePurchaseFlow" name="verifyCouponApplyAndRemove" time="32.516"/>
  <testcase classname="com.fliplearn.flipapp.testcases.PrimePurchaseFlow" name="verifyCouponApplyAndRemove" time="29.041"/>
  <testcase classname="com.fliplearn.flipapp.testcases.PrimePurchaseFlow" name="verifyCouponApplyAndRemove" time="31.324"/>
</testsuite> <!-- com.fliplearn.flipapp.testcases.PrimePurchaseFlow -->
