<?xml version="1.0" encoding="UTF-8"?>
<!-- Generated by org.testng.reporters.JUnitReportReporter -->
<testsuite hostname="sureshs" failures="0" tests="12" name="com.fliplearn.flipapp.testcases.Login" time="489.715" errors="0" timestamp="01 Feb 2019 08:01:32 GMT" skipped="0">
  <testcase classname="com.fliplearn.flipapp.testcases.Login" name="verifyLogin" time="31.737"/>
  <testcase classname="com.fliplearn.flipapp.testcases.Login" name="verifyLogout" time="48.391"/>
  <testcase classname="com.fliplearn.flipapp.testcases.Login" name="verifyLogout" time="50.992"/>
  <testcase classname="com.fliplearn.flipapp.testcases.Login" name="verifyLogin" time="31.940"/>
  <testcase classname="com.fliplearn.flipapp.testcases.Login" name="verifyLogin" time="34.051"/>
  <testcase classname="com.fliplearn.flipapp.testcases.Login" name="verifyLogout" time="47.172"/>
  <testcase classname="com.fliplearn.flipapp.testcases.Login" name="verifyLogin" time="38.337"/>
  <testcase classname="com.fliplearn.flipapp.testcases.Login" name="verifyLogout" time="47.517"/>
  <testcase classname="com.fliplearn.flipapp.testcases.Login" name="verifyLogout" time="47.402"/>
  <testcase classname="com.fliplearn.flipapp.testcases.Login" name="verifyLogin" time="31.518"/>
  <testcase classname="com.fliplearn.flipapp.testcases.Login" name="verifyLogout" time="48.246"/>
  <testcase classname="com.fliplearn.flipapp.testcases.Login" name="verifyLogin" time="32.412"/>
</testsuite> <!-- com.fliplearn.flipapp.testcases.Login -->
