<?xml version="1.0" encoding="UTF-8"?>
<!-- Generated by org.testng.reporters.JUnitReportReporter -->
<testsuite hostname="ip-192-168-1-100.ap-south-1.compute.internal" failures="0" tests="1" name="com.fliplearn.flipapp.testcases.PrimeResources" time="64.065" errors="0" timestamp="25 Sep 2019 17:23:48 GMT" skipped="0">
  <testcase classname="com.fliplearn.flipapp.testcases.PrimeResources" name="playPrimeVideo_New" time="64.065"/>
</testsuite> <!-- com.fliplearn.flipapp.testcases.PrimeResources -->
