<?xml version="1.0" encoding="UTF-8"?>
<!-- Generated by org.testng.reporters.JUnitReportReporter -->
<testsuite hostname="sureshs" failures="0" tests="2" name="com.fliplearn.flipapp.testcases.Home" time="45.720" errors="0" timestamp="15 Apr 2019 06:32:35 GMT" skipped="0">
  <testcase classname="com.fliplearn.flipapp.testcases.Home" name="verifyDefaultMode" time="19.463"/>
  <testcase classname="com.fliplearn.flipapp.testcases.Home" name="verifyDefaultMode" time="26.257"/>
</testsuite> <!-- com.fliplearn.flipapp.testcases.Home -->
