<?xml version="1.0" encoding="UTF-8"?>
<!-- Generated by org.testng.reporters.JUnitReportReporter -->
<testsuite hostname="Taruns-MacBook-Pro.local" failures="0" tests="4" name="com.fliplearn.flipapp.testcases.Event" time="11.045" errors="1" timestamp="07 May 2019 11:37:09 GMT" skipped="3">
  <testcase classname="com.fliplearn.flipapp.testcases.Event" name="createAnnouncement" time="8.208">
    <skipped/>
  </testcase> <!-- createAnnouncement -->
  <testcase classname="com.fliplearn.flipapp.testcases.Event" name="createAnnouncement" time="0.000">
    <skipped/>
  </testcase> <!-- createAnnouncement -->
  <testcase classname="com.fliplearn.flipapp.testcases.Event" name="createAnnouncement" time="0.000">
    <skipped/>
  </testcase> <!-- createAnnouncement -->
  <testcase classname="com.fliplearn.flipapp.testcases.Event" name="beforeEvent" time="2.837">
    <error type="java.lang.StackOverflowError">
      <![CDATA[java.lang.StackOverflowError
at java.base/java.nio.ByteBuffer.<init>(ByteBuffer.java:281)
at java.base/java.nio.HeapByteBuffer.<init>(HeapByteBuffer.java:75)
at java.base/java.nio.ByteBuffer.wrap(ByteBuffer.java:393)
at java.base/java.nio.ByteBuffer.wrap(ByteBuffer.java:422)
at java.base/sun.nio.fs.UnixPath.encode(UnixPath.java:133)
at java.base/sun.nio.fs.UnixPath.<init>(UnixPath.java:69)
at java.base/sun.nio.fs.UnixFileSystem.getPath(UnixFileSystem.java:280)
at java.base/java.io.FilePermission.init(FilePermission.java:344)
at java.base/java.io.FilePermission.<init>(FilePermission.java:477)
at java.base/sun.net.www.protocol.file.FileURLConnection.getPermission(FileURLConnection.java:221)
at java.base/sun.net.www.protocol.jar.JarFileFactory.getPermission(JarFileFactory.java:162)
at java.base/sun.net.www.protocol.jar.JarFileFactory.getCachedJarFile(JarFileFactory.java:126)
at java.base/sun.net.www.protocol.jar.JarFileFactory.get(JarFileFactory.java:81)
at java.base/sun.net.www.protocol.jar.JarURLConnection.connect(JarURLConnection.java:125)
at java.base/sun.net.www.protocol.jar.JarURLConnection.getInputStream(JarURLConnection.java:155)
at java.base/java.net.URL.openStream(URL.java:1117)
at java.base/java.lang.ClassLoader.getResourceAsStream(ClassLoader.java:1738)
at com.aventstack.extentreports.reporter.ExtentHtmlReporter.loadDefaultConfig(ExtentHtmlReporter.java:75)
at com.aventstack.extentreports.reporter.ExtentHtmlReporter.<init>(ExtentHtmlReporter.java:57)
at com.aventstack.extentreports.reporter.ExtentHtmlReporter.<init>(ExtentHtmlReporter.java:61)
at com.fliplearn.flipapp.helper.Base.<init>(Base.java:75)
at com.fliplearn.flipapp.pagemodules.EventModule.<init>(EventModule.java:131)
at com.fliplearn.flipapp.pagemodules.EventModule.<init>(EventModule.java:29)
at com.fliplearn.flipapp.pagemodules.EventModule.<init>(EventModule.java:29)
at com.fliplearn.flipapp.pagemodules.EventModule.<init>(EventModule.java:29)
at com.fliplearn.flipapp.pagemodules.EventModule.<init>(EventModule.java:29)
at com.fliplearn.flipapp.pagemodules.EventModule.<init>(EventModule.java:29)
at com.fliplearn.flipapp.pagemodules.EventModule.<init>(EventModule.java:29)
at com.fliplearn.flipapp.pagemodules.EventModule.<init>(EventModule.java:29)
at com.fliplearn.flipapp.pagemodules.EventModule.<init>(EventModule.java:29)
at com.fliplearn.flipapp.pagemodules.EventModule.<init>(EventModule.java:29)
at com.fliplearn.flipapp.pagemodules.EventModule.<init>(EventModule.java:29)
at com.fliplearn.flipapp.pagemodules.EventModule.<init>(EventModule.java:29)
at com.fliplearn.flipapp.pagemodules.EventModule.<init>(EventModule.java:29)
at com.fliplearn.flipapp.pagemodules.EventModule.<init>(EventModule.java:29)
at com.fliplearn.flipapp.pagemodules.EventModule.<init>(EventModule.java:29)
at com.fliplearn.flipapp.pagemodules.EventModule.<init>(EventModule.java:29)
at com.fliplearn.flipapp.pagemodules.EventModule.<init>(EventModule.java:29)
at com.fliplearn.flipapp.pagemodules.EventModule.<init>(EventModule.java:29)
at com.fliplearn.flipapp.pagemodules.EventModule.<init>(EventModule.java:29)
at com.fliplearn.flipapp.pagemodules.EventModule.<init>(EventModule.java:29)
at com.fliplearn.flipapp.pagemodules.EventModule.<init>(EventModule.java:29)
at com.fliplearn.flipapp.pagemodules.EventModule.<init>(EventModule.java:29)
at com.fliplearn.flipapp.pagemodules.EventModule.<init>(EventModule.java:29)
at com.fliplearn.flipapp.pagemodules.EventModule.<init>(EventModule.java:29)
at com.fliplearn.flipapp.pagemodules.EventModule.<init>(EventModule.java:29)
at com.fliplearn.flipapp.pagemodules.EventModule.<init>(EventModule.java:29)
at com.fliplearn.flipapp.pagemodules.EventModule.<init>(EventModule.java:29)
at com.fliplearn.flipapp.pagemodules.EventModule.<init>(EventModule.java:29)
at com.fliplearn.flipapp.pagemodules.EventModule.<init>(EventModule.java:29)
at com.fliplearn.flipapp.pagemodules.EventModule.<init>(EventModule.java:29)
at com.fliplearn.flipapp.pagemodules.EventModule.<init>(EventModule.java:29)
at com.fliplearn.flipapp.pagemodules.EventModule.<init>(EventModule.java:29)
at com.fliplearn.flipapp.pagemodules.EventModule.<init>(EventModule.java:29)
at com.fliplearn.flipapp.pagemodules.EventModule.<init>(EventModule.java:29)
at com.fliplearn.flipapp.pagemodules.EventModule.<init>(EventModule.java:29)
at com.fliplearn.flipapp.pagemodules.EventModule.<init>(EventModule.java:29)
at com.fliplearn.flipapp.pagemodules.EventModule.<init>(EventModule.java:29)
at com.fliplearn.flipapp.pagemodules.EventModule.<init>(EventModule.java:29)
at com.fliplearn.flipapp.pagemodules.EventModule.<init>(EventModule.java:29)
at com.fliplearn.flipapp.pagemodules.EventModule.<init>(EventModule.java:29)
at com.fliplearn.flipapp.pagemodules.EventModule.<init>(EventModule.java:29)
at com.fliplearn.flipapp.pagemodules.EventModule.<init>(EventModule.java:29)
at com.fliplearn.flipapp.pagemodules.EventModule.<init>(EventModule.java:29)
at com.fliplearn.flipapp.pagemodules.EventModule.<init>(EventModule.java:29)
at com.fliplearn.flipapp.pagemodules.EventModule.<init>(EventModule.java:29)
at com.fliplearn.flipapp.pagemodules.EventModule.<init>(EventModule.java:29)
at com.fliplearn.flipapp.pagemodules.EventModule.<init>(EventModule.java:29)
at com.fliplearn.flipapp.pagemodules.EventModule.<init>(EventModule.java:29)
at com.fliplearn.flipapp.pagemodules.EventModule.<init>(EventModule.java:29)
at com.fliplearn.flipapp.pagemodules.EventModule.<init>(EventModule.java:29)
at com.fliplearn.flipapp.pagemodules.EventModule.<init>(EventModule.java:29)
at com.fliplearn.flipapp.pagemodules.EventModule.<init>(EventModule.java:29)
at com.fliplearn.flipapp.pagemodules.EventModule.<init>(EventModule.java:29)
at com.fliplearn.flipapp.pagemodules.EventModule.<init>(EventModule.java:29)
at com.fliplearn.flipapp.pagemodules.EventModule.<init>(EventModule.java:29)
at com.fliplearn.flipapp.pagemodules.EventModule.<init>(EventModule.java:29)
at com.fliplearn.flipapp.pagemodules.EventModule.<init>(EventModule.java:29)
at com.fliplearn.flipapp.pagemodules.EventModule.<init>(EventModule.java:29)
at com.fliplearn.flipapp.pagemodules.EventModule.<init>(EventModule.java:29)
at com.fliplearn.flipapp.pagemodules.EventModule.<init>(EventModule.java:29)
at com.fliplearn.flipapp.pagemodules.EventModule.<init>(EventModule.java:29)
at com.fliplearn.flipapp.pagemodules.EventModule.<init>(EventModule.java:29)
at com.fliplearn.flipapp.pagemodules.EventModule.<init>(EventModule.java:29)
at com.fliplearn.flipapp.pagemodules.EventModule.<init>(EventModule.java:29)
at com.fliplearn.flipapp.pagemodules.EventModule.<init>(EventModule.java:29)
at com.fliplearn.flipapp.pagemodules.EventModule.<init>(EventModule.java:29)
at com.fliplearn.flipapp.pagemodules.EventModule.<init>(EventModule.java:29)
at com.fliplearn.flipapp.pagemodules.EventModule.<init>(EventModule.java:29)
at com.fliplearn.flipapp.pagemodules.EventModule.<init>(EventModule.java:29)
at com.fliplearn.flipapp.pagemodules.EventModule.<init>(EventModule.java:29)
at com.fliplearn.flipapp.pagemodules.EventModule.<init>(EventModule.java:29)
at com.fliplearn.flipapp.pagemodules.EventModule.<init>(EventModule.java:29)
at com.fliplearn.flipapp.pagemodules.EventModule.<init>(EventModule.java:29)
at com.fliplearn.flipapp.pagemodules.EventModule.<init>(EventModule.java:29)
at com.fliplearn.flipapp.pagemodules.EventModule.<init>(EventModule.java:29)
at com.fliplearn.flipapp.pagemodules.EventModule.<init>(EventModule.java:29)
at com.fliplearn.flipapp.pagemodules.EventModule.<init>(EventModule.java:29)
at com.fliplearn.flipapp.pagemodules.EventModule.<init>(EventModule.java:29)
at com.fliplearn.flipapp.pagemodules.EventModule.<init>(EventModule.java:29)
at com.fliplearn.flipapp.pagemodules.EventModule.<init>(EventModule.java:29)
at com.fliplearn.flipapp.pagemodules.EventModule.<init>(EventModule.java:29)
at com.fliplearn.flipapp.pagemodules.EventModule.<init>(EventModule.java:29)
at com.fliplearn.flipapp.pagemodules.EventModule.<init>(EventModule.java:29)
at com.fliplearn.flipapp.pagemodules.EventModule.<init>(EventModule.java:29)
at com.fliplearn.flipapp.pagemodules.EventModule.<init>(EventModule.java:29)
at com.fliplearn.flipapp.pagemodules.EventModule.<init>(EventModule.java:29)
at com.fliplearn.flipapp.pagemodules.EventModule.<init>(EventModule.java:29)
at com.fliplearn.flipapp.pagemodules.EventModule.<init>(EventModule.java:29)
at com.fliplearn.flipapp.pagemodules.EventModule.<init>(EventModule.java:29)
at com.fliplearn.flipapp.pagemodules.EventModule.<init>(EventModule.java:29)
at com.fliplearn.flipapp.pagemodules.EventModule.<init>(EventModule.java:29)
at com.fliplearn.flipapp.pagemodules.EventModule.<init>(EventModule.java:29)
at com.fliplearn.flipapp.pagemodules.EventModule.<init>(EventModule.java:29)
at com.fliplearn.flipapp.pagemodules.EventModule.<init>(EventModule.java:29)
at com.fliplearn.flipapp.pagemodules.EventModule.<init>(EventModule.java:29)
at com.fliplearn.flipapp.pagemodules.EventModule.<init>(EventModule.java:29)
at com.fliplearn.flipapp.pagemodules.EventModule.<init>(EventModule.java:29)
at com.fliplearn.flipapp.pagemodules.EventModule.<init>(EventModule.java:29)
at com.fliplearn.flipapp.pagemodules.EventModule.<init>(EventModule.java:29)
at com.fliplearn.flipapp.pagemodules.EventModule.<init>(EventModule.java:29)
at com.fliplearn.flipapp.pagemodules.EventModule.<init>(EventModule.java:29)
at com.fliplearn.flipapp.pagemodules.EventModule.<init>(EventModule.java:29)
at com.fliplearn.flipapp.pagemodules.EventModule.<init>(EventModule.java:29)
at com.fliplearn.flipapp.pagemodules.EventModule.<init>(EventModule.java:29)
at com.fliplearn.flipapp.pagemodules.EventModule.<init>(EventModule.java:29)
at com.fliplearn.flipapp.pagemodules.EventModule.<init>(EventModule.java:29)
at com.fliplearn.flipapp.pagemodules.EventModule.<init>(EventModule.java:29)
at com.fliplearn.flipapp.pagemodules.EventModule.<init>(EventModule.java:29)
at com.fliplearn.flipapp.pagemodules.EventModule.<init>(EventModule.java:29)
at com.fliplearn.flipapp.pagemodules.EventModule.<init>(EventModule.java:29)
at com.fliplearn.flipapp.pagemodules.EventModule.<init>(EventModule.java:29)
at com.fliplearn.flipapp.pagemodules.EventModule.<init>(EventModule.java:29)
at com.fliplearn.flipapp.pagemodules.EventModule.<init>(EventModule.java:29)
at com.fliplearn.flipapp.pagemodules.EventModule.<init>(EventModule.java:29)
at com.fliplearn.flipapp.pagemodules.EventModule.<init>(EventModule.java:29)
at com.fliplearn.flipapp.pagemodules.EventModule.<init>(EventModule.java:29)
at com.fliplearn.flipapp.pagemodules.EventModule.<init>(EventModule.java:29)
at com.fliplearn.flipapp.pagemodules.EventModule.<init>(EventModule.java:29)
at com.fliplearn.flipapp.pagemodules.EventModule.<init>(EventModule.java:29)
at com.fliplearn.flipapp.pagemodules.EventModule.<init>(EventModule.java:29)
at com.fliplearn.flipapp.pagemodules.EventModule.<init>(EventModule.java:29)
at com.fliplearn.flipapp.pagemodules.EventModule.<init>(EventModule.java:29)
at com.fliplearn.flipapp.pagemodules.EventModule.<init>(EventModule.java:29)
at com.fliplearn.flipapp.pagemodules.EventModule.<init>(EventModule.java:29)
at com.fliplearn.flipapp.pagemodules.EventModule.<init>(EventModule.java:29)
at com.fliplearn.flipapp.pagemodules.EventModule.<init>(EventModule.java:29)
at com.fliplearn.flipapp.pagemodules.EventModule.<init>(EventModule.java:29)
at com.fliplearn.flipapp.pagemodules.EventModule.<init>(EventModule.java:29)
at com.fliplearn.flipapp.pagemodules.EventModule.<init>(EventModule.java:29)
at com.fliplearn.flipapp.pagemodules.EventModule.<init>(EventModule.java:29)
at com.fliplearn.flipapp.pagemodules.EventModule.<init>(EventModule.java:29)
at com.fliplearn.flipapp.pagemodules.EventModule.<init>(EventModule.java:29)
at com.fliplearn.flipapp.pagemodules.EventModule.<init>(EventModule.java:29)
at com.fliplearn.flipapp.pagemodules.EventModule.<init>(EventModule.java:29)
at com.fliplearn.flipapp.pagemodules.EventModule.<init>(EventModule.java:29)
at com.fliplearn.flipapp.pagemodules.EventModule.<init>(EventModule.java:29)
at com.fliplearn.flipapp.pagemodules.EventModule.<init>(EventModule.java:29)
at com.fliplearn.flipapp.pagemodules.EventModule.<init>(EventModule.java:29)
at com.fliplearn.flipapp.pagemodules.EventModule.<init>(EventModule.java:29)
at com.fliplearn.flipapp.pagemodules.EventModule.<init>(EventModule.java:29)
at com.fliplearn.flipapp.pagemodules.EventModule.<init>(EventModule.java:29)
at com.fliplearn.flipapp.pagemodules.EventModule.<init>(EventModule.java:29)
at com.fliplearn.flipapp.pagemodules.EventModule.<init>(EventModule.java:29)
at com.fliplearn.flipapp.pagemodules.EventModule.<init>(EventModule.java:29)
at com.fliplearn.flipapp.pagemodules.EventModule.<init>(EventModule.java:29)
at com.fliplearn.flipapp.pagemodules.EventModule.<init>(EventModule.java:29)
at com.fliplearn.flipapp.pagemodules.EventModule.<init>(EventModule.java:29)
at com.fliplearn.flipapp.pagemodules.EventModule.<init>(EventModule.java:29)
at com.fliplearn.flipapp.pagemodules.EventModule.<init>(EventModule.java:29)
at com.fliplearn.flipapp.pagemodules.EventModule.<init>(EventModule.java:29)
at com.fliplearn.flipapp.pagemodules.EventModule.<init>(EventModule.java:29)
at com.fliplearn.flipapp.pagemodules.EventModule.<init>(EventModule.java:29)
at com.fliplearn.flipapp.pagemodules.EventModule.<init>(EventModule.java:29)
at com.fliplearn.flipapp.pagemodules.EventModule.<init>(EventModule.java:29)
at com.fliplearn.flipapp.pagemodules.EventModule.<init>(EventModule.java:29)
at com.fliplearn.flipapp.pagemodules.EventModule.<init>(EventModule.java:29)
at com.fliplearn.flipapp.pagemodules.EventModule.<init>(EventModule.java:29)
at com.fliplearn.flipapp.pagemodules.EventModule.<init>(EventModule.java:29)
at com.fliplearn.flipapp.pagemodules.EventModule.<init>(EventModule.java:29)
at com.fliplearn.flipapp.pagemodules.EventModule.<init>(EventModule.java:29)
at com.fliplearn.flipapp.pagemodules.EventModule.<init>(EventModule.java:29)
at com.fliplearn.flipapp.pagemodules.EventModule.<init>(EventModule.java:29)
at com.fliplearn.flipapp.pagemodules.EventModule.<init>(EventModule.java:29)
at com.fliplearn.flipapp.pagemodules.EventModule.<init>(EventModule.java:29)
at com.fliplearn.flipapp.pagemodules.EventModule.<init>(EventModule.java:29)
at com.fliplearn.flipapp.pagemodules.EventModule.<init>(EventModule.java:29)
at com.fliplearn.flipapp.pagemodules.EventModule.<init>(EventModule.java:29)
at com.fliplearn.flipapp.pagemodules.EventModule.<init>(EventModule.java:29)
at com.fliplearn.flipapp.pagemodules.EventModule.<init>(EventModule.java:29)
at com.fliplearn.flipapp.pagemodules.EventModule.<init>(EventModule.java:29)
at com.fliplearn.flipapp.pagemodules.EventModule.<init>(EventModule.java:29)
at com.fliplearn.flipapp.pagemodules.EventModule.<init>(EventModule.java:29)
at com.fliplearn.flipapp.pagemodules.EventModule.<init>(EventModule.java:29)
at com.fliplearn.flipapp.pagemodules.EventModule.<init>(EventModule.java:29)
at com.fliplearn.flipapp.pagemodules.EventModule.<init>(EventModule.java:29)
at com.fliplearn.flipapp.pagemodules.EventModule.<init>(EventModule.java:29)
at com.fliplearn.flipapp.pagemodules.EventModule.<init>(EventModule.java:29)
at com.fliplearn.flipapp.pagemodules.EventModule.<init>(EventModule.java:29)
at com.fliplearn.flipapp.pagemodules.EventModule.<init>(EventModule.java:29)
at com.fliplearn.flipapp.pagemodules.EventModule.<init>(EventModule.java:29)
at com.fliplearn.flipapp.pagemodules.EventModule.<init>(EventModule.java:29)
at com.fliplearn.flipapp.pagemodules.EventModule.<init>(EventModule.java:29)
at com.fliplearn.flipapp.pagemodules.EventModule.<init>(EventModule.java:29)
at com.fliplearn.flipapp.pagemodules.EventModule.<init>(EventModule.java:29)
at com.fliplearn.flipapp.pagemodules.EventModule.<init>(EventModule.java:29)
at com.fliplearn.flipapp.pagemodules.EventModule.<init>(EventModule.java:29)
at com.fliplearn.flipapp.pagemodules.EventModule.<init>(EventModule.java:29)
at com.fliplearn.flipapp.pagemodules.EventModule.<init>(EventModule.java:29)
at com.fliplearn.flipapp.pagemodules.EventModule.<init>(EventModule.java:29)
at com.fliplearn.flipapp.pagemodules.EventModule.<init>(EventModule.java:29)
at com.fliplearn.flipapp.pagemodules.EventModule.<init>(EventModule.java:29)
at com.fliplearn.flipapp.pagemodules.EventModule.<init>(EventModule.java:29)
at com.fliplearn.flipapp.pagemodules.EventModule.<init>(EventModule.java:29)
at com.fliplearn.flipapp.pagemodules.EventModule.<init>(EventModule.java:29)
at com.fliplearn.flipapp.pagemodules.EventModule.<init>(EventModule.java:29)
at com.fliplearn.flipapp.pagemodules.EventModule.<init>(EventModule.java:29)
at com.fliplearn.flipapp.pagemodules.EventModule.<init>(EventModule.java:29)
at com.fliplearn.flipapp.pagemodules.EventModule.<init>(EventModule.java:29)
at com.fliplearn.flipapp.pagemodules.EventModule.<init>(EventModule.java:29)
at com.fliplearn.flipapp.pagemodules.EventModule.<init>(EventModule.java:29)
at com.fliplearn.flipapp.pagemodules.EventModule.<init>(EventModule.java:29)
at com.fliplearn.flipapp.pagemodules.EventModule.<init>(EventModule.java:29)
at com.fliplearn.flipapp.pagemodules.EventModule.<init>(EventModule.java:29)
at com.fliplearn.flipapp.pagemodules.EventModule.<init>(EventModule.java:29)
at com.fliplearn.flipapp.pagemodules.EventModule.<init>(EventModule.java:29)
at com.fliplearn.flipapp.pagemodules.EventModule.<init>(EventModule.java:29)
at com.fliplearn.flipapp.pagemodules.EventModule.<init>(EventModule.java:29)
at com.fliplearn.flipapp.pagemodules.EventModule.<init>(EventModule.java:29)
at com.fliplearn.flipapp.pagemodules.EventModule.<init>(EventModule.java:29)
at com.fliplearn.flipapp.pagemodules.EventModule.<init>(EventModule.java:29)
at com.fliplearn.flipapp.pagemodules.EventModule.<init>(EventModule.java:29)
at com.fliplearn.flipapp.pagemodules.EventModule.<init>(EventModule.java:29)
at com.fliplearn.flipapp.pagemodules.EventModule.<init>(EventModule.java:29)
at com.fliplearn.flipapp.pagemodules.EventModule.<init>(EventModule.java:29)
at com.fliplearn.flipapp.pagemodules.EventModule.<init>(EventModule.java:29)
at com.fliplearn.flipapp.pagemodules.EventModule.<init>(EventModule.java:29)
at com.fliplearn.flipapp.pagemodules.EventModule.<init>(EventModule.java:29)
at com.fliplearn.flipapp.pagemodules.EventModule.<init>(EventModule.java:29)
at com.fliplearn.flipapp.pagemodules.EventModule.<init>(EventModule.java:29)
at com.fliplearn.flipapp.pagemodules.EventModule.<init>(EventModule.java:29)
at com.fliplearn.flipapp.pagemodules.EventModule.<init>(EventModule.java:29)
at com.fliplearn.flipapp.pagemodules.EventModule.<init>(EventModule.java:29)
at com.fliplearn.flipapp.pagemodules.EventModule.<init>(EventModule.java:29)
at com.fliplearn.flipapp.pagemodules.EventModule.<init>(EventModule.java:29)
at com.fliplearn.flipapp.pagemodules.EventModule.<init>(EventModule.java:29)
at com.fliplearn.flipapp.pagemodules.EventModule.<init>(EventModule.java:29)
at com.fliplearn.flipapp.pagemodules.EventModule.<init>(EventModule.java:29)
at com.fliplearn.flipapp.pagemodules.EventModule.<init>(EventModule.java:29)
at com.fliplearn.flipapp.pagemodules.EventModule.<init>(EventModule.java:29)
at com.fliplearn.flipapp.pagemodules.EventModule.<init>(EventModule.java:29)
at com.fliplearn.flipapp.pagemodules.EventModule.<init>(EventModule.java:29)
at com.fliplearn.flipapp.pagemodules.EventModule.<init>(EventModule.java:29)
at com.fliplearn.flipapp.pagemodules.EventModule.<init>(EventModule.java:29)
at com.fliplearn.flipapp.pagemodules.EventModule.<init>(EventModule.java:29)
at com.fliplearn.flipapp.pagemodules.EventModule.<init>(EventModule.java:29)
at com.fliplearn.flipapp.pagemodules.EventModule.<init>(EventModule.java:29)
at com.fliplearn.flipapp.pagemodules.EventModule.<init>(EventModule.java:29)
at com.fliplearn.flipapp.pagemodules.EventModule.<init>(EventModule.java:29)
at com.fliplearn.flipapp.pagemodules.EventModule.<init>(EventModule.java:29)
at com.fliplearn.flipapp.pagemodules.EventModule.<init>(EventModule.java:29)
at com.fliplearn.flipapp.pagemodules.EventModule.<init>(EventModule.java:29)
at com.fliplearn.flipapp.pagemodules.EventModule.<init>(EventModule.java:29)
at com.fliplearn.flipapp.pagemodules.EventModule.<init>(EventModule.java:29)
at com.fliplearn.flipapp.pagemodules.EventModule.<init>(EventModule.java:29)
at com.fliplearn.flipapp.pagemodules.EventModule.<init>(EventModule.java:29)
at com.fliplearn.flipapp.pagemodules.EventModule.<init>(EventModule.java:29)
at com.fliplearn.flipapp.pagemodules.EventModule.<init>(EventModule.java:29)
at com.fliplearn.flipapp.pagemodules.EventModule.<init>(EventModule.java:29)
at com.fliplearn.flipapp.pagemodules.EventModule.<init>(EventModule.java:29)
at com.fliplearn.flipapp.pagemodules.EventModule.<init>(EventModule.java:29)
at com.fliplearn.flipapp.pagemodules.EventModule.<init>(EventModule.java:29)
at com.fliplearn.flipapp.pagemodules.EventModule.<init>(EventModule.java:29)
at com.fliplearn.flipapp.pagemodules.EventModule.<init>(EventModule.java:29)
at com.fliplearn.flipapp.pagemodules.EventModule.<init>(EventModule.java:29)
at com.fliplearn.flipapp.pagemodules.EventModule.<init>(EventModule.java:29)
at com.fliplearn.flipapp.pagemodules.EventModule.<init>(EventModule.java:29)
at com.fliplearn.flipapp.pagemodules.EventModule.<init>(EventModule.java:29)
at com.fliplearn.flipapp.pagemodules.EventModule.<init>(EventModule.java:29)
at com.fliplearn.flipapp.pagemodules.EventModule.<init>(EventModule.java:29)
at com.fliplearn.flipapp.pagemodules.EventModule.<init>(EventModule.java:29)
at com.fliplearn.flipapp.pagemodules.EventModule.<init>(EventModule.java:29)
at com.fliplearn.flipapp.pagemodules.EventModule.<init>(EventModule.java:29)
at com.fliplearn.flipapp.pagemodules.EventModule.<init>(EventModule.java:29)
at com.fliplearn.flipapp.pagemodules.EventModule.<init>(EventModule.java:29)
at com.fliplearn.flipapp.pagemodules.EventModule.<init>(EventModule.java:29)
at com.fliplearn.flipapp.pagemodules.EventModule.<init>(EventModule.java:29)
at com.fliplearn.flipapp.pagemodules.EventModule.<init>(EventModule.java:29)
at com.fliplearn.flipapp.pagemodules.EventModule.<init>(EventModule.java:29)
at com.fliplearn.flipapp.pagemodules.EventModule.<init>(EventModule.java:29)
at com.fliplearn.flipapp.pagemodules.EventModule.<init>(EventModule.java:29)
at com.fliplearn.flipapp.pagemodules.EventModule.<init>(EventModule.java:29)
at com.fliplearn.flipapp.pagemodules.EventModule.<init>(EventModule.java:29)
at com.fliplearn.flipapp.pagemodules.EventModule.<init>(EventModule.java:29)
at com.fliplearn.flipapp.pagemodules.EventModule.<init>(EventModule.java:29)
at com.fliplearn.flipapp.pagemodules.EventModule.<init>(EventModule.java:29)
at com.fliplearn.flipapp.pagemodules.EventModule.<init>(EventModule.java:29)
at com.fliplearn.flipapp.pagemodules.EventModule.<init>(EventModule.java:29)
at com.fliplearn.flipapp.pagemodules.EventModule.<init>(EventModule.java:29)
at com.fliplearn.flipapp.pagemodules.EventModule.<init>(EventModule.java:29)
at com.fliplearn.flipapp.pagemodules.EventModule.<init>(EventModule.java:29)
at com.fliplearn.flipapp.pagemodules.EventModule.<init>(EventModule.java:29)
at com.fliplearn.flipapp.pagemodules.EventModule.<init>(EventModule.java:29)
at com.fliplearn.flipapp.pagemodules.EventModule.<init>(EventModule.java:29)
at com.fliplearn.flipapp.pagemodules.EventModule.<init>(EventModule.java:29)
at com.fliplearn.flipapp.pagemodules.EventModule.<init>(EventModule.java:29)
at com.fliplearn.flipapp.pagemodules.EventModule.<init>(EventModule.java:29)
at com.fliplearn.flipapp.pagemodules.EventModule.<init>(EventModule.java:29)
at com.fliplearn.flipapp.pagemodules.EventModule.<init>(EventModule.java:29)
at com.fliplearn.flipapp.pagemodules.EventModule.<init>(EventModule.java:29)
at com.fliplearn.flipapp.pagemodules.EventModule.<init>(EventModule.java:29)
at com.fliplearn.flipapp.pagemodules.EventModule.<init>(EventModule.java:29)
at com.fliplearn.flipapp.pagemodules.EventModule.<init>(EventModule.java:29)
at com.fliplearn.flipapp.pagemodules.EventModule.<init>(EventModule.java:29)
at com.fliplearn.flipapp.pagemodules.EventModule.<init>(EventModule.java:29)
at com.fliplearn.flipapp.pagemodules.EventModule.<init>(EventModule.java:29)
at com.fliplearn.flipapp.pagemodules.EventModule.<init>(EventModule.java:29)
at com.fliplearn.flipapp.pagemodules.EventModule.<init>(EventModule.java:29)
at com.fliplearn.flipapp.pagemodules.EventModule.<init>(EventModule.java:29)
at com.fliplearn.flipapp.pagemodules.EventModule.<init>(EventModule.java:29)
at com.fliplearn.flipapp.pagemodules.EventModule.<init>(EventModule.java:29)
at com.fliplearn.flipapp.pagemodules.EventModule.<init>(EventModule.java:29)
at com.fliplearn.flipapp.pagemodules.EventModule.<init>(EventModule.java:29)
at com.fliplearn.flipapp.pagemodules.EventModule.<init>(EventModule.java:29)
at com.fliplearn.flipapp.pagemodules.EventModule.<init>(EventModule.java:29)
at com.fliplearn.flipapp.pagemodules.EventModule.<init>(EventModule.java:29)
at com.fliplearn.flipapp.pagemodules.EventModule.<init>(EventModule.java:29)
at com.fliplearn.flipapp.pagemodules.EventModule.<init>(EventModule.java:29)
at com.fliplearn.flipapp.pagemodules.EventModule.<init>(EventModule.java:29)
at com.fliplearn.flipapp.pagemodules.EventModule.<init>(EventModule.java:29)
at com.fliplearn.flipapp.pagemodules.EventModule.<init>(EventModule.java:29)
at com.fliplearn.flipapp.pagemodules.EventModule.<init>(EventModule.java:29)
at com.fliplearn.flipapp.pagemodules.EventModule.<init>(EventModule.java:29)
at com.fliplearn.flipapp.pagemodules.EventModule.<init>(EventModule.java:29)
at com.fliplearn.flipapp.pagemodules.EventModule.<init>(EventModule.java:29)
at com.fliplearn.flipapp.pagemodules.EventModule.<init>(EventModule.java:29)
at com.fliplearn.flipapp.pagemodules.EventModule.<init>(EventModule.java:29)
at com.fliplearn.flipapp.pagemodules.EventModule.<init>(EventModule.java:29)
at com.fliplearn.flipapp.pagemodules.EventModule.<init>(EventModule.java:29)
at com.fliplearn.flipapp.pagemodules.EventModule.<init>(EventModule.java:29)
at com.fliplearn.flipapp.pagemodules.EventModule.<init>(EventModule.java:29)
at com.fliplearn.flipapp.pagemodules.EventModule.<init>(EventModule.java:29)
at com.fliplearn.flipapp.pagemodules.EventModule.<init>(EventModule.java:29)
at com.fliplearn.flipapp.pagemodules.EventModule.<init>(EventModule.java:29)
at com.fliplearn.flipapp.pagemodules.EventModule.<init>(EventModule.java:29)
at com.fliplearn.flipapp.pagemodules.EventModule.<init>(EventModule.java:29)
at com.fliplearn.flipapp.pagemodules.EventModule.<init>(EventModule.java:29)
at com.fliplearn.flipapp.pagemodules.EventModule.<init>(EventModule.java:29)
at com.fliplearn.flipapp.pagemodules.EventModule.<init>(EventModule.java:29)
at com.fliplearn.flipapp.pagemodules.EventModule.<init>(EventModule.java:29)
at com.fliplearn.flipapp.pagemodules.EventModule.<init>(EventModule.java:29)
at com.fliplearn.flipapp.pagemodules.EventModule.<init>(EventModule.java:29)
at com.fliplearn.flipapp.pagemodules.EventModule.<init>(EventModule.java:29)
at com.fliplearn.flipapp.pagemodules.EventModule.<init>(EventModule.java:29)
at com.fliplearn.flipapp.pagemodules.EventModule.<init>(EventModule.java:29)
at com.fliplearn.flipapp.pagemodules.EventModule.<init>(EventModule.java:29)
at com.fliplearn.flipapp.pagemodules.EventModule.<init>(EventModule.java:29)
at com.fliplearn.flipapp.pagemodules.EventModule.<init>(EventModule.java:29)
at com.fliplearn.flipapp.pagemodules.EventModule.<init>(EventModule.java:29)
at com.fliplearn.flipapp.pagemodules.EventModule.<init>(EventModule.java:29)
at com.fliplearn.flipapp.pagemodules.EventModule.<init>(EventModule.java:29)
at com.fliplearn.flipapp.pagemodules.EventModule.<init>(EventModule.java:29)
at com.fliplearn.flipapp.pagemodules.EventModule.<init>(EventModule.java:29)
at com.fliplearn.flipapp.pagemodules.EventModule.<init>(EventModule.java:29)
at com.fliplearn.flipapp.pagemodules.EventModule.<init>(EventModule.java:29)
at com.fliplearn.flipapp.pagemodules.EventModule.<init>(EventModule.java:29)
at com.fliplearn.flipapp.pagemodules.EventModule.<init>(EventModule.java:29)
at com.fliplearn.flipapp.pagemodules.EventModule.<init>(EventModule.java:29)
at com.fliplearn.flipapp.pagemodules.EventModule.<init>(EventModule.java:29)
at com.fliplearn.flipapp.pagemodules.EventModule.<init>(EventModule.java:29)
at com.fliplearn.flipapp.pagemodules.EventModule.<init>(EventModule.java:29)
at com.fliplearn.flipapp.pagemodules.EventModule.<init>(EventModule.java:29)
at com.fliplearn.flipapp.pagemodules.EventModule.<init>(EventModule.java:29)
at com.fliplearn.flipapp.pagemodules.EventModule.<init>(EventModule.java:29)
at com.fliplearn.flipapp.pagemodules.EventModule.<init>(EventModule.java:29)
at com.fliplearn.flipapp.pagemodules.EventModule.<init>(EventModule.java:29)
at com.fliplearn.flipapp.pagemodules.EventModule.<init>(EventModule.java:29)
at com.fliplearn.flipapp.pagemodules.EventModule.<init>(EventModule.java:29)
at com.fliplearn.flipapp.pagemodules.EventModule.<init>(EventModule.java:29)
at com.fliplearn.flipapp.pagemodules.EventModule.<init>(EventModule.java:29)
at com.fliplearn.flipapp.pagemodules.EventModule.<init>(EventModule.java:29)
at com.fliplearn.flipapp.pagemodules.EventModule.<init>(EventModule.java:29)
at com.fliplearn.flipapp.pagemodules.EventModule.<init>(EventModule.java:29)
at com.fliplearn.flipapp.pagemodules.EventModule.<init>(EventModule.java:29)
at com.fliplearn.flipapp.pagemodules.EventModule.<init>(EventModule.java:29)
at com.fliplearn.flipapp.pagemodules.EventModule.<init>(EventModule.java:29)
at com.fliplearn.flipapp.pagemodules.EventModule.<init>(EventModule.java:29)
at com.fliplearn.flipapp.pagemodules.EventModule.<init>(EventModule.java:29)
at com.fliplearn.flipapp.pagemodules.EventModule.<init>(EventModule.java:29)
at com.fliplearn.flipapp.pagemodules.EventModule.<init>(EventModule.java:29)
at com.fliplearn.flipapp.pagemodules.EventModule.<init>(EventModule.java:29)
at com.fliplearn.flipapp.pagemodules.EventModule.<init>(EventModule.java:29)
at com.fliplearn.flipapp.pagemodules.EventModule.<init>(EventModule.java:29)
at com.fliplearn.flipapp.pagemodules.EventModule.<init>(EventModule.java:29)
at com.fliplearn.flipapp.pagemodules.EventModule.<init>(EventModule.java:29)
at com.fliplearn.flipapp.pagemodules.EventModule.<init>(EventModule.java:29)
at com.fliplearn.flipapp.pagemodules.EventModule.<init>(EventModule.java:29)
at com.fliplearn.flipapp.pagemodules.EventModule.<init>(EventModule.java:29)
at com.fliplearn.flipapp.pagemodules.EventModule.<init>(EventModule.java:29)
at com.fliplearn.flipapp.pagemodules.EventModule.<init>(EventModule.java:29)
at com.fliplearn.flipapp.pagemodules.EventModule.<init>(EventModule.java:29)
at com.fliplearn.flipapp.pagemodules.EventModule.<init>(EventModule.java:29)
at com.fliplearn.flipapp.pagemodules.EventModule.<init>(EventModule.java:29)
at com.fliplearn.flipapp.pagemodules.EventModule.<init>(EventModule.java:29)
at com.fliplearn.flipapp.pagemodules.EventModule.<init>(EventModule.java:29)
at com.fliplearn.flipapp.pagemodules.EventModule.<init>(EventModule.java:29)
at com.fliplearn.flipapp.pagemodules.EventModule.<init>(EventModule.java:29)
at com.fliplearn.flipapp.pagemodules.EventModule.<init>(EventModule.java:29)
at com.fliplearn.flipapp.pagemodules.EventModule.<init>(EventModule.java:29)
at com.fliplearn.flipapp.pagemodules.EventModule.<init>(EventModule.java:29)
at com.fliplearn.flipapp.pagemodules.EventModule.<init>(EventModule.java:29)
at com.fliplearn.flipapp.pagemodules.EventModule.<init>(EventModule.java:29)
at com.fliplearn.flipapp.pagemodules.EventModule.<init>(EventModule.java:29)
at com.fliplearn.flipapp.pagemodules.EventModule.<init>(EventModule.java:29)
at com.fliplearn.flipapp.pagemodules.EventModule.<init>(EventModule.java:29)
at com.fliplearn.flipapp.pagemodules.EventModule.<init>(EventModule.java:29)
at com.fliplearn.flipapp.pagemodules.EventModule.<init>(EventModule.java:29)
at com.fliplearn.flipapp.pagemodules.EventModule.<init>(EventModule.java:29)
at com.fliplearn.flipapp.pagemodules.EventModule.<init>(EventModule.java:29)
at com.fliplearn.flipapp.pagemodules.EventModule.<init>(EventModule.java:29)
at com.fliplearn.flipapp.pagemodules.EventModule.<init>(EventModule.java:29)
at com.fliplearn.flipapp.pagemodules.EventModule.<init>(EventModule.java:29)
at com.fliplearn.flipapp.pagemodules.EventModule.<init>(EventModule.java:29)
at com.fliplearn.flipapp.pagemodules.EventModule.<init>(EventModule.java:29)
at com.fliplearn.flipapp.pagemodules.EventModule.<init>(EventModule.java:29)
at com.fliplearn.flipapp.pagemodules.EventModule.<init>(EventModule.java:29)
at com.fliplearn.flipapp.pagemodules.EventModule.<init>(EventModule.java:29)
at com.fliplearn.flipapp.pagemodules.EventModule.<init>(EventModule.java:29)
at com.fliplearn.flipapp.pagemodules.EventModule.<init>(EventModule.java:29)
at com.fliplearn.flipapp.pagemodules.EventModule.<init>(EventModule.java:29)
at com.fliplearn.flipapp.pagemodules.EventModule.<init>(EventModule.java:29)
at com.fliplearn.flipapp.pagemodules.EventModule.<init>(EventModule.java:29)
at com.fliplearn.flipapp.pagemodules.EventModule.<init>(EventModule.java:29)
at com.fliplearn.flipapp.pagemodules.EventModule.<init>(EventModule.java:29)
at com.fliplearn.flipapp.pagemodules.EventModule.<init>(EventModule.java:29)
at com.fliplearn.flipapp.pagemodules.EventModule.<init>(EventModule.java:29)
at com.fliplearn.flipapp.pagemodules.EventModule.<init>(EventModule.java:29)
at com.fliplearn.flipapp.pagemodules.EventModule.<init>(EventModule.java:29)
at com.fliplearn.flipapp.pagemodules.EventModule.<init>(EventModule.java:29)
at com.fliplearn.flipapp.pagemodules.EventModule.<init>(EventModule.java:29)
at com.fliplearn.flipapp.pagemodules.EventModule.<init>(EventModule.java:29)
at com.fliplearn.flipapp.pagemodules.EventModule.<init>(EventModule.java:29)
at com.fliplearn.flipapp.pagemodules.EventModule.<init>(EventModule.java:29)
at com.fliplearn.flipapp.pagemodules.EventModule.<init>(EventModule.java:29)
at com.fliplearn.flipapp.pagemodules.EventModule.<init>(EventModule.java:29)
at com.fliplearn.flipapp.pagemodules.EventModule.<init>(EventModule.java:29)
at com.fliplearn.flipapp.pagemodules.EventModule.<init>(EventModule.java:29)
at com.fliplearn.flipapp.pagemodules.EventModule.<init>(EventModule.java:29)
at com.fliplearn.flipapp.pagemodules.EventModule.<init>(EventModule.java:29)
at com.fliplearn.flipapp.pagemodules.EventModule.<init>(EventModule.java:29)
at com.fliplearn.flipapp.pagemodules.EventModule.<init>(EventModule.java:29)
at com.fliplearn.flipapp.pagemodules.EventModule.<init>(EventModule.java:29)
at com.fliplearn.flipapp.pagemodules.EventModule.<init>(EventModule.java:29)
at com.fliplearn.flipapp.pagemodules.EventModule.<init>(EventModule.java:29)
at com.fliplearn.flipapp.pagemodules.EventModule.<init>(EventModule.java:29)
at com.fliplearn.flipapp.pagemodules.EventModule.<init>(EventModule.java:29)
at com.fliplearn.flipapp.pagemodules.EventModule.<init>(EventModule.java:29)
at com.fliplearn.flipapp.pagemodules.EventModule.<init>(EventModule.java:29)
at com.fliplearn.flipapp.pagemodules.EventModule.<init>(EventModule.java:29)
at com.fliplearn.flipapp.pagemodules.EventModule.<init>(EventModule.java:29)
at com.fliplearn.flipapp.pagemodules.EventModule.<init>(EventModule.java:29)
at com.fliplearn.flipapp.pagemodules.EventModule.<init>(EventModule.java:29)
at com.fliplearn.flipapp.pagemodules.EventModule.<init>(EventModule.java:29)
at com.fliplearn.flipapp.pagemodules.EventModule.<init>(EventModule.java:29)
at com.fliplearn.flipapp.pagemodules.EventModule.<init>(EventModule.java:29)
at com.fliplearn.flipapp.pagemodules.EventModule.<init>(EventModule.java:29)
at com.fliplearn.flipapp.pagemodules.EventModule.<init>(EventModule.java:29)
at com.fliplearn.flipapp.pagemodules.EventModule.<init>(EventModule.java:29)
at com.fliplearn.flipapp.pagemodules.EventModule.<init>(EventModule.java:29)
at com.fliplearn.flipapp.pagemodules.EventModule.<init>(EventModule.java:29)
at com.fliplearn.flipapp.pagemodules.EventModule.<init>(EventModule.java:29)
at com.fliplearn.flipapp.pagemodules.EventModule.<init>(EventModule.java:29)
at com.fliplearn.flipapp.pagemodules.EventModule.<init>(EventModule.java:29)
at com.fliplearn.flipapp.pagemodules.EventModule.<init>(EventModule.java:29)
at com.fliplearn.flipapp.pagemodules.EventModule.<init>(EventModule.java:29)
at com.fliplearn.flipapp.pagemodules.EventModule.<init>(EventModule.java:29)
at com.fliplearn.flipapp.pagemodules.EventModule.<init>(EventModule.java:29)
at com.fliplearn.flipapp.pagemodules.EventModule.<init>(EventModule.java:29)
at com.fliplearn.flipapp.pagemodules.EventModule.<init>(EventModule.java:29)
at com.fliplearn.flipapp.pagemodules.EventModule.<init>(EventModule.java:29)
at com.fliplearn.flipapp.pagemodules.EventModule.<init>(EventModule.java:29)
at com.fliplearn.flipapp.pagemodules.EventModule.<init>(EventModule.java:29)
at com.fliplearn.flipapp.pagemodules.EventModule.<init>(EventModule.java:29)
at com.fliplearn.flipapp.pagemodules.EventModule.<init>(EventModule.java:29)
at com.fliplearn.flipapp.pagemodules.EventModule.<init>(EventModule.java:29)
at com.fliplearn.flipapp.pagemodules.EventModule.<init>(EventModule.java:29)
at com.fliplearn.flipapp.pagemodules.EventModule.<init>(EventModule.java:29)
at com.fliplearn.flipapp.pagemodules.EventModule.<init>(EventModule.java:29)
at com.fliplearn.flipapp.pagemodules.EventModule.<init>(EventModule.java:29)
at com.fliplearn.flipapp.pagemodules.EventModule.<init>(EventModule.java:29)
at com.fliplearn.flipapp.pagemodules.EventModule.<init>(EventModule.java:29)
at com.fliplearn.flipapp.pagemodules.EventModule.<init>(EventModule.java:29)
at com.fliplearn.flipapp.pagemodules.EventModule.<init>(EventModule.java:29)
at com.fliplearn.flipapp.pagemodules.EventModule.<init>(EventModule.java:29)
at com.fliplearn.flipapp.pagemodules.EventModule.<init>(EventModule.java:29)
at com.fliplearn.flipapp.pagemodules.EventModule.<init>(EventModule.java:29)
at com.fliplearn.flipapp.pagemodules.EventModule.<init>(EventModule.java:29)
at com.fliplearn.flipapp.pagemodules.EventModule.<init>(EventModule.java:29)
at com.fliplearn.flipapp.pagemodules.EventModule.<init>(EventModule.java:29)
at com.fliplearn.flipapp.pagemodules.EventModule.<init>(EventModule.java:29)
at com.fliplearn.flipapp.pagemodules.EventModule.<init>(EventModule.java:29)
at com.fliplearn.flipapp.pagemodules.EventModule.<init>(EventModule.java:29)
at com.fliplearn.flipapp.pagemodules.EventModule.<init>(EventModule.java:29)
at com.fliplearn.flipapp.pagemodules.EventModule.<init>(EventModule.java:29)
at com.fliplearn.flipapp.pagemodules.EventModule.<init>(EventModule.java:29)
at com.fliplearn.flipapp.pagemodules.EventModule.<init>(EventModule.java:29)
at com.fliplearn.flipapp.pagemodules.EventModule.<init>(EventModule.java:29)
at com.fliplearn.flipapp.pagemodules.EventModule.<init>(EventModule.java:29)
at com.fliplearn.flipapp.pagemodules.EventModule.<init>(EventModule.java:29)
at com.fliplearn.flipapp.pagemodules.EventModule.<init>(EventModule.java:29)
at com.fliplearn.flipapp.pagemodules.EventModule.<init>(EventModule.java:29)
at com.fliplearn.flipapp.pagemodules.EventModule.<init>(EventModule.java:29)
at com.fliplearn.flipapp.pagemodules.EventModule.<init>(EventModule.java:29)
at com.fliplearn.flipapp.pagemodules.EventModule.<init>(EventModule.java:29)
at com.fliplearn.flipapp.pagemodules.EventModule.<init>(EventModule.java:29)
at com.fliplearn.flipapp.pagemodules.EventModule.<init>(EventModule.java:29)
at com.fliplearn.flipapp.pagemodules.EventModule.<init>(EventModule.java:29)
at com.fliplearn.flipapp.pagemodules.EventModule.<init>(EventModule.java:29)
at com.fliplearn.flipapp.pagemodules.EventModule.<init>(EventModule.java:29)
at com.fliplearn.flipapp.pagemodules.EventModule.<init>(EventModule.java:29)
at com.fliplearn.flipapp.pagemodules.EventModule.<init>(EventModule.java:29)
at com.fliplearn.flipapp.pagemodules.EventModule.<init>(EventModule.java:29)
at com.fliplearn.flipapp.pagemodules.EventModule.<init>(EventModule.java:29)
at com.fliplearn.flipapp.pagemodules.EventModule.<init>(EventModule.java:29)
at com.fliplearn.flipapp.pagemodules.EventModule.<init>(EventModule.java:29)
at com.fliplearn.flipapp.pagemodules.EventModule.<init>(EventModule.java:29)
at com.fliplearn.flipapp.pagemodules.EventModule.<init>(EventModule.java:29)
at com.fliplearn.flipapp.pagemodules.EventModule.<init>(EventModule.java:29)
at com.fliplearn.flipapp.pagemodules.EventModule.<init>(EventModule.java:29)
at com.fliplearn.flipapp.pagemodules.EventModule.<init>(EventModule.java:29)
at com.fliplearn.flipapp.pagemodules.EventModule.<init>(EventModule.java:29)
at com.fliplearn.flipapp.pagemodules.EventModule.<init>(EventModule.java:29)
at com.fliplearn.flipapp.pagemodules.EventModule.<init>(EventModule.java:29)
at com.fliplearn.flipapp.pagemodules.EventModule.<init>(EventModule.java:29)
at com.fliplearn.flipapp.pagemodules.EventModule.<init>(EventModule.java:29)
at com.fliplearn.flipapp.pagemodules.EventModule.<init>(EventModule.java:29)
at com.fliplearn.flipapp.pagemodules.EventModule.<init>(EventModule.java:29)
at com.fliplearn.flipapp.pagemodules.EventModule.<init>(EventModule.java:29)
at com.fliplearn.flipapp.pagemodules.EventModule.<init>(EventModule.java:29)
at com.fliplearn.flipapp.pagemodules.EventModule.<init>(EventModule.java:29)
at com.fliplearn.flipapp.pagemodules.EventModule.<init>(EventModule.java:29)
at com.fliplearn.flipapp.pagemodules.EventModule.<init>(EventModule.java:29)
at com.fliplearn.flipapp.pagemodules.EventModule.<init>(EventModule.java:29)
at com.fliplearn.flipapp.pagemodules.EventModule.<init>(EventModule.java:29)
at com.fliplearn.flipapp.pagemodules.EventModule.<init>(EventModule.java:29)
at com.fliplearn.flipapp.pagemodules.EventModule.<init>(EventModule.java:29)
at com.fliplearn.flipapp.pagemodules.EventModule.<init>(EventModule.java:29)
at com.fliplearn.flipapp.pagemodules.EventModule.<init>(EventModule.java:29)
at com.fliplearn.flipapp.pagemodules.EventModule.<init>(EventModule.java:29)
at com.fliplearn.flipapp.pagemodules.EventModule.<init>(EventModule.java:29)
at com.fliplearn.flipapp.pagemodules.EventModule.<init>(EventModule.java:29)
at com.fliplearn.flipapp.pagemodules.EventModule.<init>(EventModule.java:29)
at com.fliplearn.flipapp.pagemodules.EventModule.<init>(EventModule.java:29)
at com.fliplearn.flipapp.pagemodules.EventModule.<init>(EventModule.java:29)
at com.fliplearn.flipapp.pagemodules.EventModule.<init>(EventModule.java:29)
at com.fliplearn.flipapp.pagemodules.EventModule.<init>(EventModule.java:29)
at com.fliplearn.flipapp.pagemodules.EventModule.<init>(EventModule.java:29)
at com.fliplearn.flipapp.pagemodules.EventModule.<init>(EventModule.java:29)
at com.fliplearn.flipapp.pagemodules.EventModule.<init>(EventModule.java:29)
at com.fliplearn.flipapp.pagemodules.EventModule.<init>(EventModule.java:29)
at com.fliplearn.flipapp.pagemodules.EventModule.<init>(EventModule.java:29)
at com.fliplearn.flipapp.pagemodules.EventModule.<init>(EventModule.java:29)
at com.fliplearn.flipapp.pagemodules.EventModule.<init>(EventModule.java:29)
at com.fliplearn.flipapp.pagemodules.EventModule.<init>(EventModule.java:29)
at com.fliplearn.flipapp.pagemodules.EventModule.<init>(EventModule.java:29)
at com.fliplearn.flipapp.pagemodules.EventModule.<init>(EventModule.java:29)
at com.fliplearn.flipapp.pagemodules.EventModule.<init>(EventModule.java:29)
at com.fliplearn.flipapp.pagemodules.EventModule.<init>(EventModule.java:29)
at com.fliplearn.flipapp.pagemodules.EventModule.<init>(EventModule.java:29)
at com.fliplearn.flipapp.pagemodules.EventModule.<init>(EventModule.java:29)
at com.fliplearn.flipapp.pagemodules.EventModule.<init>(EventModule.java:29)
at com.fliplearn.flipapp.pagemodules.EventModule.<init>(EventModule.java:29)
at com.fliplearn.flipapp.pagemodules.EventModule.<init>(EventModule.java:29)
at com.fliplearn.flipapp.pagemodules.EventModule.<init>(EventModule.java:29)
at com.fliplearn.flipapp.pagemodules.EventModule.<init>(EventModule.java:29)
at com.fliplearn.flipapp.pagemodules.EventModule.<init>(EventModule.java:29)
at com.fliplearn.flipapp.pagemodules.EventModule.<init>(EventModule.java:29)
at com.fliplearn.flipapp.pagemodules.EventModule.<init>(EventModule.java:29)
at com.fliplearn.flipapp.pagemodules.EventModule.<init>(EventModule.java:29)
at com.fliplearn.flipapp.pagemodules.EventModule.<init>(EventModule.java:29)
at com.fliplearn.flipapp.pagemodules.EventModule.<init>(EventModule.java:29)
at com.fliplearn.flipapp.pagemodules.EventModule.<init>(EventModule.java:29)
at com.fliplearn.flipapp.pagemodules.EventModule.<init>(EventModule.java:29)
at com.fliplearn.flipapp.pagemodules.EventModule.<init>(EventModule.java:29)
at com.fliplearn.flipapp.pagemodules.EventModule.<init>(EventModule.java:29)
at com.fliplearn.flipapp.pagemodules.EventModule.<init>(EventModule.java:29)
at com.fliplearn.flipapp.pagemodules.EventModule.<init>(EventModule.java:29)
at com.fliplearn.flipapp.pagemodules.EventModule.<init>(EventModule.java:29)
at com.fliplearn.flipapp.pagemodules.EventModule.<init>(EventModule.java:29)
at com.fliplearn.flipapp.pagemodules.EventModule.<init>(EventModule.java:29)
at com.fliplearn.flipapp.pagemodules.EventModule.<init>(EventModule.java:29)
at com.fliplearn.flipapp.pagemodules.EventModule.<init>(EventModule.java:29)
at com.fliplearn.flipapp.pagemodules.EventModule.<init>(EventModule.java:29)
at com.fliplearn.flipapp.pagemodules.EventModule.<init>(EventModule.java:29)
at com.fliplearn.flipapp.pagemodules.EventModule.<init>(EventModule.java:29)
at com.fliplearn.flipapp.pagemodules.EventModule.<init>(EventModule.java:29)
at com.fliplearn.flipapp.pagemodules.EventModule.<init>(EventModule.java:29)
at com.fliplearn.flipapp.pagemodules.EventModule.<init>(EventModule.java:29)
at com.fliplearn.flipapp.pagemodules.EventModule.<init>(EventModule.java:29)
at com.fliplearn.flipapp.pagemodules.EventModule.<init>(EventModule.java:29)
at com.fliplearn.flipapp.pagemodules.EventModule.<init>(EventModule.java:29)
at com.fliplearn.flipapp.pagemodules.EventModule.<init>(EventModule.java:29)
at com.fliplearn.flipapp.pagemodules.EventModule.<init>(EventModule.java:29)
at com.fliplearn.flipapp.pagemodules.EventModule.<init>(EventModule.java:29)
at com.fliplearn.flipapp.pagemodules.EventModule.<init>(EventModule.java:29)
at com.fliplearn.flipapp.pagemodules.EventModule.<init>(EventModule.java:29)
at com.fliplearn.flipapp.pagemodules.EventModule.<init>(EventModule.java:29)
at com.fliplearn.flipapp.pagemodules.EventModule.<init>(EventModule.java:29)
at com.fliplearn.flipapp.pagemodules.EventModule.<init>(EventModule.java:29)
at com.fliplearn.flipapp.pagemodules.EventModule.<init>(EventModule.java:29)
at com.fliplearn.flipapp.pagemodules.EventModule.<init>(EventModule.java:29)
at com.fliplearn.flipapp.pagemodules.EventModule.<init>(EventModule.java:29)
at com.fliplearn.flipapp.pagemodules.EventModule.<init>(EventModule.java:29)
at com.fliplearn.flipapp.pagemodules.EventModule.<init>(EventModule.java:29)
at com.fliplearn.flipapp.pagemodules.EventModule.<init>(EventModule.java:29)
at com.fliplearn.flipapp.pagemodules.EventModule.<init>(EventModule.java:29)
at com.fliplearn.flipapp.pagemodules.EventModule.<init>(EventModule.java:29)
at com.fliplearn.flipapp.pagemodules.EventModule.<init>(EventModule.java:29)
at com.fliplearn.flipapp.pagemodules.EventModule.<init>(EventModule.java:29)
at com.fliplearn.flipapp.pagemodules.EventModule.<init>(EventModule.java:29)
at com.fliplearn.flipapp.pagemodules.EventModule.<init>(EventModule.java:29)
at com.fliplearn.flipapp.pagemodules.EventModule.<init>(EventModule.java:29)
at com.fliplearn.flipapp.pagemodules.EventModule.<init>(EventModule.java:29)
at com.fliplearn.flipapp.pagemodules.EventModule.<init>(EventModule.java:29)
at com.fliplearn.flipapp.pagemodules.EventModule.<init>(EventModule.java:29)
at com.fliplearn.flipapp.pagemodules.EventModule.<init>(EventModule.java:29)
at com.fliplearn.flipapp.pagemodules.EventModule.<init>(EventModule.java:29)
at com.fliplearn.flipapp.pagemodules.EventModule.<init>(EventModule.java:29)
at com.fliplearn.flipapp.pagemodules.EventModule.<init>(EventModule.java:29)
at com.fliplearn.flipapp.pagemodules.EventModule.<init>(EventModule.java:29)
at com.fliplearn.flipapp.pagemodules.EventModule.<init>(EventModule.java:29)
at com.fliplearn.flipapp.pagemodules.EventModule.<init>(EventModule.java:29)
at com.fliplearn.flipapp.pagemodules.EventModule.<init>(EventModule.java:29)
at com.fliplearn.flipapp.pagemodules.EventModule.<init>(EventModule.java:29)
at com.fliplearn.flipapp.pagemodules.EventModule.<init>(EventModule.java:29)
at com.fliplearn.flipapp.pagemodules.EventModule.<init>(EventModule.java:29)
at com.fliplearn.flipapp.pagemodules.EventModule.<init>(EventModule.java:29)
at com.fliplearn.flipapp.pagemodules.EventModule.<init>(EventModule.java:29)
at com.fliplearn.flipapp.pagemodules.EventModule.<init>(EventModule.java:29)
at com.fliplearn.flipapp.pagemodules.EventModule.<init>(EventModule.java:29)
at com.fliplearn.flipapp.pagemodules.EventModule.<init>(EventModule.java:29)
at com.fliplearn.flipapp.pagemodules.EventModule.<init>(EventModule.java:29)
at com.fliplearn.flipapp.pagemodules.EventModule.<init>(EventModule.java:29)
at com.fliplearn.flipapp.pagemodules.EventModule.<init>(EventModule.java:29)
at com.fliplearn.flipapp.pagemodules.EventModule.<init>(EventModule.java:29)
at com.fliplearn.flipapp.pagemodules.EventModule.<init>(EventModule.java:29)
at com.fliplearn.flipapp.pagemodules.EventModule.<init>(EventModule.java:29)
at com.fliplearn.flipapp.pagemodules.EventModule.<init>(EventModule.java:29)
at com.fliplearn.flipapp.pagemodules.EventModule.<init>(EventModule.java:29)
at com.fliplearn.flipapp.pagemodules.EventModule.<init>(EventModule.java:29)
at com.fliplearn.flipapp.pagemodules.EventModule.<init>(EventModule.java:29)
at com.fliplearn.flipapp.pagemodules.EventModule.<init>(EventModule.java:29)
at com.fliplearn.flipapp.pagemodules.EventModule.<init>(EventModule.java:29)
at com.fliplearn.flipapp.pagemodules.EventModule.<init>(EventModule.java:29)
at com.fliplearn.flipapp.pagemodules.EventModule.<init>(EventModule.java:29)
at com.fliplearn.flipapp.pagemodules.EventModule.<init>(EventModule.java:29)
at com.fliplearn.flipapp.pagemodules.EventModule.<init>(EventModule.java:29)
at com.fliplearn.flipapp.pagemodules.EventModule.<init>(EventModule.java:29)
at com.fliplearn.flipapp.pagemodules.EventModule.<init>(EventModule.java:29)
at com.fliplearn.flipapp.pagemodules.EventModule.<init>(EventModule.java:29)
at com.fliplearn.flipapp.pagemodules.EventModule.<init>(EventModule.java:29)
at com.fliplearn.flipapp.pagemodules.EventModule.<init>(EventModule.java:29)
at com.fliplearn.flipapp.pagemodules.EventModule.<init>(EventModule.java:29)
at com.fliplearn.flipapp.pagemodules.EventModule.<init>(EventModule.java:29)
at com.fliplearn.flipapp.pagemodules.EventModule.<init>(EventModule.java:29)
at com.fliplearn.flipapp.pagemodules.EventModule.<init>(EventModule.java:29)
at com.fliplearn.flipapp.pagemodules.EventModule.<init>(EventModule.java:29)
at com.fliplearn.flipapp.pagemodules.EventModule.<init>(EventModule.java:29)
at com.fliplearn.flipapp.pagemodules.EventModule.<init>(EventModule.java:29)
at com.fliplearn.flipapp.pagemodules.EventModule.<init>(EventModule.java:29)
at com.fliplearn.flipapp.pagemodules.EventModule.<init>(EventModule.java:29)
at com.fliplearn.flipapp.pagemodules.EventModule.<init>(EventModule.java:29)
at com.fliplearn.flipapp.pagemodules.EventModule.<init>(EventModule.java:29)
at com.fliplearn.flipapp.pagemodules.EventModule.<init>(EventModule.java:29)
at com.fliplearn.flipapp.pagemodules.EventModule.<init>(EventModule.java:29)
at com.fliplearn.flipapp.pagemodules.EventModule.<init>(EventModule.java:29)
at com.fliplearn.flipapp.pagemodules.EventModule.<init>(EventModule.java:29)
at com.fliplearn.flipapp.pagemodules.EventModule.<init>(EventModule.java:29)
at com.fliplearn.flipapp.pagemodules.EventModule.<init>(EventModule.java:29)
at com.fliplearn.flipapp.pagemodules.EventModule.<init>(EventModule.java:29)
at com.fliplearn.flipapp.pagemodules.EventModule.<init>(EventModule.java:29)
at com.fliplearn.flipapp.pagemodules.EventModule.<init>(EventModule.java:29)
at com.fliplearn.flipapp.pagemodules.EventModule.<init>(EventModule.java:29)
at com.fliplearn.flipapp.pagemodules.EventModule.<init>(EventModule.java:29)
at com.fliplearn.flipapp.pagemodules.EventModule.<init>(EventModule.java:29)
at com.fliplearn.flipapp.pagemodules.EventModule.<init>(EventModule.java:29)
at com.fliplearn.flipapp.pagemodules.EventModule.<init>(EventModule.java:29)
at com.fliplearn.flipapp.pagemodules.EventModule.<init>(EventModule.java:29)
at com.fliplearn.flipapp.pagemodules.EventModule.<init>(EventModule.java:29)
at com.fliplearn.flipapp.pagemodules.EventModule.<init>(EventModule.java:29)
at com.fliplearn.flipapp.pagemodules.EventModule.<init>(EventModule.java:29)
at com.fliplearn.flipapp.pagemodules.EventModule.<init>(EventModule.java:29)
at com.fliplearn.flipapp.pagemodules.EventModule.<init>(EventModule.java:29)
at com.fliplearn.flipapp.pagemodules.EventModule.<init>(EventModule.java:29)
at com.fliplearn.flipapp.pagemodules.EventModule.<init>(EventModule.java:29)
at com.fliplearn.flipapp.pagemodules.EventModule.<init>(EventModule.java:29)
at com.fliplearn.flipapp.pagemodules.EventModule.<init>(EventModule.java:29)
at com.fliplearn.flipapp.pagemodules.EventModule.<init>(EventModule.java:29)
at com.fliplearn.flipapp.pagemodules.EventModule.<init>(EventModule.java:29)
at com.fliplearn.flipapp.pagemodules.EventModule.<init>(EventModule.java:29)
at com.fliplearn.flipapp.pagemodules.EventModule.<init>(EventModule.java:29)
at com.fliplearn.flipapp.pagemodules.EventModule.<init>(EventModule.java:29)
at com.fliplearn.flipapp.pagemodules.EventModule.<init>(EventModule.java:29)
at com.fliplearn.flipapp.pagemodules.EventModule.<init>(EventModule.java:29)
at com.fliplearn.flipapp.pagemodules.EventModule.<init>(EventModule.java:29)
at com.fliplearn.flipapp.pagemodules.EventModule.<init>(EventModule.java:29)
at com.fliplearn.flipapp.pagemodules.EventModule.<init>(EventModule.java:29)
at com.fliplearn.flipapp.pagemodules.EventModule.<init>(EventModule.java:29)
at com.fliplearn.flipapp.pagemodules.EventModule.<init>(EventModule.java:29)
at com.fliplearn.flipapp.pagemodules.EventModule.<init>(EventModule.java:29)
at com.fliplearn.flipapp.pagemodules.EventModule.<init>(EventModule.java:29)
at com.fliplearn.flipapp.pagemodules.EventModule.<init>(EventModule.java:29)
at com.fliplearn.flipapp.pagemodules.EventModule.<init>(EventModule.java:29)
at com.fliplearn.flipapp.pagemodules.EventModule.<init>(EventModule.java:29)
at com.fliplearn.flipapp.pagemodules.EventModule.<init>(EventModule.java:29)
at com.fliplearn.flipapp.pagemodules.EventModule.<init>(EventModule.java:29)
at com.fliplearn.flipapp.pagemodules.EventModule.<init>(EventModule.java:29)
at com.fliplearn.flipapp.pagemodules.EventModule.<init>(EventModule.java:29)
at com.fliplearn.flipapp.pagemodules.EventModule.<init>(EventModule.java:29)
at com.fliplearn.flipapp.pagemodules.EventModule.<init>(EventModule.java:29)
at com.fliplearn.flipapp.pagemodules.EventModule.<init>(EventModule.java:29)
at com.fliplearn.flipapp.pagemodules.EventModule.<init>(EventModule.java:29)
at com.fliplearn.flipapp.pagemodules.EventModule.<init>(EventModule.java:29)
at com.fliplearn.flipapp.pagemodules.EventModule.<init>(EventModule.java:29)
at com.fliplearn.flipapp.pagemodules.EventModule.<init>(EventModule.java:29)
at com.fliplearn.flipapp.pagemodules.EventModule.<init>(EventModule.java:29)
at com.fliplearn.flipapp.pagemodules.EventModule.<init>(EventModule.java:29)
at com.fliplearn.flipapp.pagemodules.EventModule.<init>(EventModule.java:29)
at com.fliplearn.flipapp.pagemodules.EventModule.<init>(EventModule.java:29)
at com.fliplearn.flipapp.pagemodules.EventModule.<init>(EventModule.java:29)
at com.fliplearn.flipapp.pagemodules.EventModule.<init>(EventModule.java:29)
at com.fliplearn.flipapp.pagemodules.EventModule.<init>(EventModule.java:29)
at com.fliplearn.flipapp.pagemodules.EventModule.<init>(EventModule.java:29)
at com.fliplearn.flipapp.pagemodules.EventModule.<init>(EventModule.java:29)
at com.fliplearn.flipapp.pagemodules.EventModule.<init>(EventModule.java:29)
at com.fliplearn.flipapp.pagemodules.EventModule.<init>(EventModule.java:29)
at com.fliplearn.flipapp.pagemodules.EventModule.<init>(EventModule.java:29)
at com.fliplearn.flipapp.pagemodules.EventModule.<init>(EventModule.java:29)
at com.fliplearn.flipapp.pagemodules.EventModule.<init>(EventModule.java:29)
at com.fliplearn.flipapp.pagemodules.EventModule.<init>(EventModule.java:29)
at com.fliplearn.flipapp.pagemodules.EventModule.<init>(EventModule.java:29)
at com.fliplearn.flipapp.pagemodules.EventModule.<init>(EventModule.java:29)
at com.fliplearn.flipapp.pagemodules.EventModule.<init>(EventModule.java:29)
at com.fliplearn.flipapp.pagemodules.EventModule.<init>(EventModule.java:29)
at com.fliplearn.flipapp.pagemodules.EventModule.<init>(EventModule.java:29)
at com.fliplearn.flipapp.pagemodules.EventModule.<init>(EventModule.java:29)
at com.fliplearn.flipapp.pagemodules.EventModule.<init>(EventModule.java:29)
at com.fliplearn.flipapp.pagemodules.EventModule.<init>(EventModule.java:29)
at com.fliplearn.flipapp.pagemodules.EventModule.<init>(EventModule.java:29)
at com.fliplearn.flipapp.pagemodules.EventModule.<init>(EventModule.java:29)
at com.fliplearn.flipapp.pagemodules.EventModule.<init>(EventModule.java:29)
at com.fliplearn.flipapp.pagemodules.EventModule.<init>(EventModule.java:29)
at com.fliplearn.flipapp.pagemodules.EventModule.<init>(EventModule.java:29)
at com.fliplearn.flipapp.pagemodules.EventModule.<init>(EventModule.java:29)
at com.fliplearn.flipapp.pagemodules.EventModule.<init>(EventModule.java:29)
at com.fliplearn.flipapp.pagemodules.EventModule.<init>(EventModule.java:29)
at com.fliplearn.flipapp.pagemodules.EventModule.<init>(EventModule.java:29)
at com.fliplearn.flipapp.pagemodules.EventModule.<init>(EventModule.java:29)
at com.fliplearn.flipapp.pagemodules.EventModule.<init>(EventModule.java:29)
at com.fliplearn.flipapp.pagemodules.EventModule.<init>(EventModule.java:29)
at com.fliplearn.flipapp.pagemodules.EventModule.<init>(EventModule.java:29)
at com.fliplearn.flipapp.pagemodules.EventModule.<init>(EventModule.java:29)
at com.fliplearn.flipapp.pagemodules.EventModule.<init>(EventModule.java:29)
at com.fliplearn.flipapp.pagemodules.EventModule.<init>(EventModule.java:29)
at com.fliplearn.flipapp.pagemodules.EventModule.<init>(EventModule.java:29)
at com.fliplearn.flipapp.pagemodules.EventModule.<init>(EventModule.java:29)
at com.fliplearn.flipapp.pagemodules.EventModule.<init>(EventModule.java:29)
at com.fliplearn.flipapp.pagemodules.EventModule.<init>(EventModule.java:29)
at com.fliplearn.flipapp.pagemodules.EventModule.<init>(EventModule.java:29)
at com.fliplearn.flipapp.pagemodules.EventModule.<init>(EventModule.java:29)
at com.fliplearn.flipapp.pagemodules.EventModule.<init>(EventModule.java:29)
at com.fliplearn.flipapp.pagemodules.EventModule.<init>(EventModule.java:29)
at com.fliplearn.flipapp.pagemodules.EventModule.<init>(EventModule.java:29)
at com.fliplearn.flipapp.pagemodules.EventModule.<init>(EventModule.java:29)
at com.fliplearn.flipapp.pagemodules.EventModule.<init>(EventModule.java:29)
at com.fliplearn.flipapp.pagemodules.EventModule.<init>(EventModule.java:29)
at com.fliplearn.flipapp.pagemodules.EventModule.<init>(EventModule.java:29)
at com.fliplearn.flipapp.pagemodules.EventModule.<init>(EventModule.java:29)
at com.fliplearn.flipapp.pagemodules.EventModule.<init>(EventModule.java:29)
at com.fliplearn.flipapp.pagemodules.EventModule.<init>(EventModule.java:29)
at com.fliplearn.flipapp.pagemodules.EventModule.<init>(EventModule.java:29)
at com.fliplearn.flipapp.pagemodules.EventModule.<init>(EventModule.java:29)
at com.fliplearn.flipapp.pagemodules.EventModule.<init>(EventModule.java:29)
at com.fliplearn.flipapp.pagemodules.EventModule.<init>(EventModule.java:29)
at com.fliplearn.flipapp.pagemodules.EventModule.<init>(EventModule.java:29)
at com.fliplearn.flipapp.pagemodules.EventModule.<init>(EventModule.java:29)
at com.fliplearn.flipapp.pagemodules.EventModule.<init>(EventModule.java:29)
at com.fliplearn.flipapp.pagemodules.EventModule.<init>(EventModule.java:29)
at com.fliplearn.flipapp.pagemodules.EventModule.<init>(EventModule.java:29)
at com.fliplearn.flipapp.pagemodules.EventModule.<init>(EventModule.java:29)
at com.fliplearn.flipapp.pagemodules.EventModule.<init>(EventModule.java:29)
at com.fliplearn.flipapp.pagemodules.EventModule.<init>(EventModule.java:29)
at com.fliplearn.flipapp.pagemodules.EventModule.<init>(EventModule.java:29)
at com.fliplearn.flipapp.pagemodules.EventModule.<init>(EventModule.java:29)
at com.fliplearn.flipapp.pagemodules.EventModule.<init>(EventModule.java:29)
at com.fliplearn.flipapp.pagemodules.EventModule.<init>(EventModule.java:29)
at com.fliplearn.flipapp.pagemodules.EventModule.<init>(EventModule.java:29)
at com.fliplearn.flipapp.pagemodules.EventModule.<init>(EventModule.java:29)
at com.fliplearn.flipapp.pagemodules.EventModule.<init>(EventModule.java:29)
at com.fliplearn.flipapp.pagemodules.EventModule.<init>(EventModule.java:29)
at com.fliplearn.flipapp.pagemodules.EventModule.<init>(EventModule.java:29)
at com.fliplearn.flipapp.pagemodules.EventModule.<init>(EventModule.java:29)
at com.fliplearn.flipapp.pagemodules.EventModule.<init>(EventModule.java:29)
at com.fliplearn.flipapp.pagemodules.EventModule.<init>(EventModule.java:29)
at com.fliplearn.flipapp.pagemodules.EventModule.<init>(EventModule.java:29)
at com.fliplearn.flipapp.pagemodules.EventModule.<init>(EventModule.java:29)
at com.fliplearn.flipapp.pagemodules.EventModule.<init>(EventModule.java:29)
at com.fliplearn.flipapp.pagemodules.EventModule.<init>(EventModule.java:29)
at com.fliplearn.flipapp.pagemodules.EventModule.<init>(EventModule.java:29)
at com.fliplearn.flipapp.pagemodules.EventModule.<init>(EventModule.java:29)
at com.fliplearn.flipapp.pagemodules.EventModule.<init>(EventModule.java:29)
at com.fliplearn.flipapp.pagemodules.EventModule.<init>(EventModule.java:29)
at com.fliplearn.flipapp.pagemodules.EventModule.<init>(EventModule.java:29)
at com.fliplearn.flipapp.pagemodules.EventModule.<init>(EventModule.java:29)
at com.fliplearn.flipapp.pagemodules.EventModule.<init>(EventModule.java:29)
at com.fliplearn.flipapp.pagemodules.EventModule.<init>(EventModule.java:29)
at com.fliplearn.flipapp.pagemodules.EventModule.<init>(EventModule.java:29)
at com.fliplearn.flipapp.pagemodules.EventModule.<init>(EventModule.java:29)
at com.fliplearn.flipapp.pagemodules.EventModule.<init>(EventModule.java:29)
at com.fliplearn.flipapp.pagemodules.EventModule.<init>(EventModule.java:29)
at com.fliplearn.flipapp.pagemodules.EventModule.<init>(EventModule.java:29)
at com.fliplearn.flipapp.pagemodules.EventModule.<init>(EventModule.java:29)
at com.fliplearn.flipapp.pagemodules.EventModule.<init>(EventModule.java:29)
at com.fliplearn.flipapp.pagemodules.EventModule.<init>(EventModule.java:29)
at com.fliplearn.flipapp.pagemodules.EventModule.<init>(EventModule.java:29)
at com.fliplearn.flipapp.pagemodules.EventModule.<init>(EventModule.java:29)
at com.fliplearn.flipapp.pagemodules.EventModule.<init>(EventModule.java:29)
at com.fliplearn.flipapp.pagemodules.EventModule.<init>(EventModule.java:29)
at com.fliplearn.flipapp.pagemodules.EventModule.<init>(EventModule.java:29)
at com.fliplearn.flipapp.pagemodules.EventModule.<init>(EventModule.java:29)
at com.fliplearn.flipapp.pagemodules.EventModule.<init>(EventModule.java:29)
at com.fliplearn.flipapp.pagemodules.EventModule.<init>(EventModule.java:29)
at com.fliplearn.flipapp.pagemodules.EventModule.<init>(EventModule.java:29)
at com.fliplearn.flipapp.pagemodules.EventModule.<init>(EventModule.java:29)
at com.fliplearn.flipapp.pagemodules.EventModule.<init>(EventModule.java:29)
at com.fliplearn.flipapp.pagemodules.EventModule.<init>(EventModule.java:29)
at com.fliplearn.flipapp.pagemodules.EventModule.<init>(EventModule.java:29)
at com.fliplearn.flipapp.pagemodules.EventModule.<init>(EventModule.java:29)
at com.fliplearn.flipapp.pagemodules.EventModule.<init>(EventModule.java:29)
at com.fliplearn.flipapp.pagemodules.EventModule.<init>(EventModule.java:29)
at com.fliplearn.flipapp.pagemodules.EventModule.<init>(EventModule.java:29)
at com.fliplearn.flipapp.pagemodules.EventModule.<init>(EventModule.java:29)
at com.fliplearn.flipapp.pagemodules.EventModule.<init>(EventModule.java:29)
at com.fliplearn.flipapp.pagemodules.EventModule.<init>(EventModule.java:29)
at com.fliplearn.flipapp.pagemodules.EventModule.<init>(EventModule.java:29)
at com.fliplearn.flipapp.pagemodules.EventModule.<init>(EventModule.java:29)
at com.fliplearn.flipapp.pagemodules.EventModule.<init>(EventModule.java:29)
at com.fliplearn.flipapp.pagemodules.EventModule.<init>(EventModule.java:29)
at com.fliplearn.flipapp.pagemodules.EventModule.<init>(EventModule.java:29)
at com.fliplearn.flipapp.pagemodules.EventModule.<init>(EventModule.java:29)
at com.fliplearn.flipapp.pagemodules.EventModule.<init>(EventModule.java:29)
at com.fliplearn.flipapp.pagemodules.EventModule.<init>(EventModule.java:29)
at com.fliplearn.flipapp.pagemodules.EventModule.<init>(EventModule.java:29)
at com.fliplearn.flipapp.pagemodules.EventModule.<init>(EventModule.java:29)
at com.fliplearn.flipapp.pagemodules.EventModule.<init>(EventModule.java:29)
at com.fliplearn.flipapp.pagemodules.EventModule.<init>(EventModule.java:29)
at com.fliplearn.flipapp.pagemodules.EventModule.<init>(EventModule.java:29)
at com.fliplearn.flipapp.pagemodules.EventModule.<init>(EventModule.java:29)
at com.fliplearn.flipapp.pagemodules.EventModule.<init>(EventModule.java:29)
at com.fliplearn.flipapp.pagemodules.EventModule.<init>(EventModule.java:29)
at com.fliplearn.flipapp.pagemodules.EventModule.<init>(EventModule.java:29)
at com.fliplearn.flipapp.pagemodules.EventModule.<init>(EventModule.java:29)
at com.fliplearn.flipapp.pagemodules.EventModule.<init>(EventModule.java:29)
at com.fliplearn.flipapp.pagemodules.EventModule.<init>(EventModule.java:29)
at com.fliplearn.flipapp.pagemodules.EventModule.<init>(EventModule.java:29)
at com.fliplearn.flipapp.pagemodules.EventModule.<init>(EventModule.java:29)
at com.fliplearn.flipapp.pagemodules.EventModule.<init>(EventModule.java:29)
at com.fliplearn.flipapp.pagemodules.EventModule.<init>(EventModule.java:29)
at com.fliplearn.flipapp.pagemodules.EventModule.<init>(EventModule.java:29)
at com.fliplearn.flipapp.pagemodules.EventModule.<init>(EventModule.java:29)
at com.fliplearn.flipapp.pagemodules.EventModule.<init>(EventModule.java:29)
at com.fliplearn.flipapp.pagemodules.EventModule.<init>(EventModule.java:29)
at com.fliplearn.flipapp.pagemodules.EventModule.<init>(EventModule.java:29)
at com.fliplearn.flipapp.pagemodules.EventModule.<init>(EventModule.java:29)
at com.fliplearn.flipapp.pagemodules.EventModule.<init>(EventModule.java:29)
at com.fliplearn.flipapp.pagemodules.EventModule.<init>(EventModule.java:29)
at com.fliplearn.flipapp.pagemodules.EventModule.<init>(EventModule.java:29)
at com.fliplearn.flipapp.pagemodules.EventModule.<init>(EventModule.java:29)
at com.fliplearn.flipapp.pagemodules.EventModule.<init>(EventModule.java:29)
at com.fliplearn.flipapp.pagemodules.EventModule.<init>(EventModule.java:29)
at com.fliplearn.flipapp.pagemodules.EventModule.<init>(EventModule.java:29)
at com.fliplearn.flipapp.pagemodules.EventModule.<init>(EventModule.java:29)
at com.fliplearn.flipapp.pagemodules.EventModule.<init>(EventModule.java:29)
at com.fliplearn.flipapp.pagemodules.EventModule.<init>(EventModule.java:29)
at com.fliplearn.flipapp.pagemodules.EventModule.<init>(EventModule.java:29)
at com.fliplearn.flipapp.pagemodules.EventModule.<init>(EventModule.java:29)
at com.fliplearn.flipapp.pagemodules.EventModule.<init>(EventModule.java:29)
at com.fliplearn.flipapp.pagemodules.EventModule.<init>(EventModule.java:29)
at com.fliplearn.flipapp.pagemodules.EventModule.<init>(EventModule.java:29)
at com.fliplearn.flipapp.pagemodules.EventModule.<init>(EventModule.java:29)
at com.fliplearn.flipapp.pagemodules.EventModule.<init>(EventModule.java:29)
at com.fliplearn.flipapp.pagemodules.EventModule.<init>(EventModule.java:29)
at com.fliplearn.flipapp.pagemodules.EventModule.<init>(EventModule.java:29)
at com.fliplearn.flipapp.pagemodules.EventModule.<init>(EventModule.java:29)
at com.fliplearn.flipapp.pagemodules.EventModule.<init>(EventModule.java:29)
at com.fliplearn.flipapp.pagemodules.EventModule.<init>(EventModule.java:29)
at com.fliplearn.flipapp.pagemodules.EventModule.<init>(EventModule.java:29)
at com.fliplearn.flipapp.pagemodules.EventModule.<init>(EventModule.java:29)
at com.fliplearn.flipapp.pagemodules.EventModule.<init>(EventModule.java:29)
at com.fliplearn.flipapp.pagemodules.EventModule.<init>(EventModule.java:29)
at com.fliplearn.flipapp.pagemodules.EventModule.<init>(EventModule.java:29)
at com.fliplearn.flipapp.pagemodules.EventModule.<init>(EventModule.java:29)
at com.fliplearn.flipapp.pagemodules.EventModule.<init>(EventModule.java:29)
at com.fliplearn.flipapp.pagemodules.EventModule.<init>(EventModule.java:29)
at com.fliplearn.flipapp.pagemodules.EventModule.<init>(EventModule.java:29)
at com.fliplearn.flipapp.pagemodules.EventModule.<init>(EventModule.java:29)
at com.fliplearn.flipapp.pagemodules.EventModule.<init>(EventModule.java:29)
at com.fliplearn.flipapp.pagemodules.EventModule.<init>(EventModule.java:29)
at com.fliplearn.flipapp.pagemodules.EventModule.<init>(EventModule.java:29)
at com.fliplearn.flipapp.pagemodules.EventModule.<init>(EventModule.java:29)
at com.fliplearn.flipapp.pagemodules.EventModule.<init>(EventModule.java:29)
at com.fliplearn.flipapp.pagemodules.EventModule.<init>(EventModule.java:29)
at com.fliplearn.flipapp.pagemodules.EventModule.<init>(EventModule.java:29)
at com.fliplearn.flipapp.pagemodules.EventModule.<init>(EventModule.java:29)
at com.fliplearn.flipapp.pagemodules.EventModule.<init>(EventModule.java:29)
at com.fliplearn.flipapp.pagemodules.EventModule.<init>(EventModule.java:29)
at com.fliplearn.flipapp.pagemodules.EventModule.<init>(EventModule.java:29)
at com.fliplearn.flipapp.pagemodules.EventModule.<init>(EventModule.java:29)
at com.fliplearn.flipapp.pagemodules.EventModule.<init>(EventModule.java:29)
at com.fliplearn.flipapp.pagemodules.EventModule.<init>(EventModule.java:29)
at com.fliplearn.flipapp.pagemodules.EventModule.<init>(EventModule.java:29)
at com.fliplearn.flipapp.pagemodules.EventModule.<init>(EventModule.java:29)
at com.fliplearn.flipapp.pagemodules.EventModule.<init>(EventModule.java:29)
at com.fliplearn.flipapp.pagemodules.EventModule.<init>(EventModule.java:29)
at com.fliplearn.flipapp.pagemodules.EventModule.<init>(EventModule.java:29)
at com.fliplearn.flipapp.pagemodules.EventModule.<init>(EventModule.java:29)
at com.fliplearn.flipapp.pagemodules.EventModule.<init>(EventModule.java:29)
at com.fliplearn.flipapp.pagemodules.EventModule.<init>(EventModule.java:29)
at com.fliplearn.flipapp.pagemodules.EventModule.<init>(EventModule.java:29)
at com.fliplearn.flipapp.pagemodules.EventModule.<init>(EventModule.java:29)
at com.fliplearn.flipapp.pagemodules.EventModule.<init>(EventModule.java:29)
at com.fliplearn.flipapp.pagemodules.EventModule.<init>(EventModule.java:29)
at com.fliplearn.flipapp.pagemodules.EventModule.<init>(EventModule.java:29)
at com.fliplearn.flipapp.pagemodules.EventModule.<init>(EventModule.java:29)
at com.fliplearn.flipapp.pagemodules.EventModule.<init>(EventModule.java:29)
at com.fliplearn.flipapp.pagemodules.EventModule.<init>(EventModule.java:29)
at com.fliplearn.flipapp.pagemodules.EventModule.<init>(EventModule.java:29)
at com.fliplearn.flipapp.pagemodules.EventModule.<init>(EventModule.java:29)
at com.fliplearn.flipapp.pagemodules.EventModule.<init>(EventModule.java:29)
at com.fliplearn.flipapp.pagemodules.EventModule.<init>(EventModule.java:29)
at com.fliplearn.flipapp.pagemodules.EventModule.<init>(EventModule.java:29)
at com.fliplearn.flipapp.pagemodules.EventModule.<init>(EventModule.java:29)
at com.fliplearn.flipapp.pagemodules.EventModule.<init>(EventModule.java:29)
at com.fliplearn.flipapp.pagemodules.EventModule.<init>(EventModule.java:29)
at com.fliplearn.flipapp.pagemodules.EventModule.<init>(EventModule.java:29)
at com.fliplearn.flipapp.pagemodules.EventModule.<init>(EventModule.java:29)
at com.fliplearn.flipapp.pagemodules.EventModule.<init>(EventModule.java:29)
at com.fliplearn.flipapp.pagemodules.EventModule.<init>(EventModule.java:29)
at com.fliplearn.flipapp.pagemodules.EventModule.<init>(EventModule.java:29)
at com.fliplearn.flipapp.pagemodules.EventModule.<init>(EventModule.java:29)
at com.fliplearn.flipapp.pagemodules.EventModule.<init>(EventModule.java:29)
at com.fliplearn.flipapp.pagemodules.EventModule.<init>(EventModule.java:29)
at com.fliplearn.flipapp.pagemodules.EventModule.<init>(EventModule.java:29)
at com.fliplearn.flipapp.pagemodules.EventModule.<init>(EventModule.java:29)
at com.fliplearn.flipapp.pagemodules.EventModule.<init>(EventModule.java:29)
at com.fliplearn.flipapp.pagemodules.EventModule.<init>(EventModule.java:29)
at com.fliplearn.flipapp.pagemodules.EventModule.<init>(EventModule.java:29)
at com.fliplearn.flipapp.pagemodules.EventModule.<init>(EventModule.java:29)
at com.fliplearn.flipapp.pagemodules.EventModule.<init>(EventModule.java:29)
at com.fliplearn.flipapp.pagemodules.EventModule.<init>(EventModule.java:29)
at com.fliplearn.flipapp.pagemodules.EventModule.<init>(EventModule.java:29)
at com.fliplearn.flipapp.pagemodules.EventModule.<init>(EventModule.java:29)
at com.fliplearn.flipapp.pagemodules.EventModule.<init>(EventModule.java:29)
at com.fliplearn.flipapp.pagemodules.EventModule.<init>(EventModule.java:29)
at com.fliplearn.flipapp.pagemodules.EventModule.<init>(EventModule.java:29)
at com.fliplearn.flipapp.pagemodules.EventModule.<init>(EventModule.java:29)
at com.fliplearn.flipapp.pagemodules.EventModule.<init>(EventModule.java:29)
at com.fliplearn.flipapp.pagemodules.EventModule.<init>(EventModule.java:29)
at com.fliplearn.flipapp.pagemodules.EventModule.<init>(EventModule.java:29)
at com.fliplearn.flipapp.pagemodules.EventModule.<init>(EventModule.java:29)
at com.fliplearn.flipapp.pagemodules.EventModule.<init>(EventModule.java:29)
at com.fliplearn.flipapp.pagemodules.EventModule.<init>(EventModule.java:29)
at com.fliplearn.flipapp.pagemodules.EventModule.<init>(EventModule.java:29)
at com.fliplearn.flipapp.pagemodules.EventModule.<init>(EventModule.java:29)
at com.fliplearn.flipapp.pagemodules.EventModule.<init>(EventModule.java:29)
at com.fliplearn.flipapp.pagemodules.EventModule.<init>(EventModule.java:29)
at com.fliplearn.flipapp.pagemodules.EventModule.<init>(EventModule.java:29)
at com.fliplearn.flipapp.pagemodules.EventModule.<init>(EventModule.java:29)
at com.fliplearn.flipapp.pagemodules.EventModule.<init>(EventModule.java:29)
at com.fliplearn.flipapp.pagemodules.EventModule.<init>(EventModule.java:29)
at com.fliplearn.flipapp.pagemodules.EventModule.<init>(EventModule.java:29)
at com.fliplearn.flipapp.pagemodules.EventModule.<init>(EventModule.java:29)
at com.fliplearn.flipapp.pagemodules.EventModule.<init>(EventModule.java:29)
at com.fliplearn.flipapp.pagemodules.EventModule.<init>(EventModule.java:29)
at com.fliplearn.flipapp.pagemodules.EventModule.<init>(EventModule.java:29)
at com.fliplearn.flipapp.pagemodules.EventModule.<init>(EventModule.java:29)
at com.fliplearn.flipapp.pagemodules.EventModule.<init>(EventModule.java:29)
at com.fliplearn.flipapp.pagemodules.EventModule.<init>(EventModule.java:29)
at com.fliplearn.flipapp.pagemodules.EventModule.<init>(EventModule.java:29)
at com.fliplearn.flipapp.pagemodules.EventModule.<init>(EventModule.java:29)
at com.fliplearn.flipapp.pagemodules.EventModule.<init>(EventModule.java:29)
at com.fliplearn.flipapp.pagemodules.EventModule.<init>(EventModule.java:29)
at com.fliplearn.flipapp.pagemodules.EventModule.<init>(EventModule.java:29)
at com.fliplearn.flipapp.pagemodules.EventModule.<init>(EventModule.java:29)
at com.fliplearn.flipapp.pagemodules.EventModule.<init>(EventModule.java:29)
at com.fliplearn.flipapp.pagemodules.EventModule.<init>(EventModule.java:29)
at com.fliplearn.flipapp.pagemodules.EventModule.<init>(EventModule.java:29)
at com.fliplearn.flipapp.pagemodules.EventModule.<init>(EventModule.java:29)
at com.fliplearn.flipapp.pagemodules.EventModule.<init>(EventModule.java:29)
at com.fliplearn.flipapp.pagemodules.EventModule.<init>(EventModule.java:29)
at com.fliplearn.flipapp.pagemodules.EventModule.<init>(EventModule.java:29)
at com.fliplearn.flipapp.pagemodules.EventModule.<init>(EventModule.java:29)
at com.fliplearn.flipapp.pagemodules.EventModule.<init>(EventModule.java:29)
at com.fliplearn.flipapp.pagemodules.EventModule.<init>(EventModule.java:29)
at com.fliplearn.flipapp.pagemodules.EventModule.<init>(EventModule.java:29)
at com.fliplearn.flipapp.pagemodules.EventModule.<init>(EventModule.java:29)
at com.fliplearn.flipapp.pagemodules.EventModule.<init>(EventModule.java:29)
at com.fliplearn.flipapp.pagemodules.EventModule.<init>(EventModule.java:29)
at com.fliplearn.flipapp.pagemodules.EventModule.<init>(EventModule.java:29)
at com.fliplearn.flipapp.pagemodules.EventModule.<init>(EventModule.java:29)
at com.fliplearn.flipapp.pagemodules.EventModule.<init>(EventModule.java:29)
at com.fliplearn.flipapp.pagemodules.EventModule.<init>(EventModule.java:29)
at com.fliplearn.flipapp.pagemodules.EventModule.<init>(EventModule.java:29)
at com.fliplearn.flipapp.pagemodules.EventModule.<init>(EventModule.java:29)
at com.fliplearn.flipapp.pagemodules.EventModule.<init>(EventModule.java:29)
at com.fliplearn.flipapp.pagemodules.EventModule.<init>(EventModule.java:29)
at com.fliplearn.flipapp.pagemodules.EventModule.<init>(EventModule.java:29)
at com.fliplearn.flipapp.pagemodules.EventModule.<init>(EventModule.java:29)
at com.fliplearn.flipapp.pagemodules.EventModule.<init>(EventModule.java:29)
at com.fliplearn.flipapp.pagemodules.EventModule.<init>(EventModule.java:29)
at com.fliplearn.flipapp.pagemodules.EventModule.<init>(EventModule.java:29)
at com.fliplearn.flipapp.pagemodules.EventModule.<init>(EventModule.java:29)
at com.fliplearn.flipapp.pagemodules.EventModule.<init>(EventModule.java:29)
at com.fliplearn.flipapp.pagemodules.EventModule.<init>(EventModule.java:29)
]]>
    </error>
  </testcase> <!-- beforeEvent -->
</testsuite> <!-- com.fliplearn.flipapp.testcases.Event -->
