<?xml version="1.0" encoding="UTF-8"?>
<!-- Generated by org.testng.reporters.JUnitReportReporter -->
<testsuite hostname="Taruns-MBP" failures="0" tests="3" name="com.fliplearn.flipapp.testcases.Event" time="112.143" errors="0" timestamp="15 Dec 2018 09:21:12 GMT" skipped="0">
  <testcase classname="com.fliplearn.flipapp.testcases.Event" name="canNotCreateAlbum" time="40.006"/>
  <testcase classname="com.fliplearn.flipapp.testcases.Event" name="canNotCreateAlbum" time="36.278"/>
  <testcase classname="com.fliplearn.flipapp.testcases.Event" name="canNotCreateAlbum" time="35.859"/>
</testsuite> <!-- com.fliplearn.flipapp.testcases.Event -->
