<?xml version="1.0" encoding="UTF-8"?>
<!-- Generated by org.testng.reporters.JUnitReportReporter -->
<testsuite hostname="ip-192-168-10-84.ap-south-1.compute.internal" failures="0" tests="3" name="com.fliplearn.flipapp.testcases.VMC" time="89.540" errors="0" timestamp="17 Jul 2019 09:05:13 GMT" skipped="0">
  <testcase classname="com.fliplearn.flipapp.testcases.VMC" name="displayVMCStudent" time="32.121"/>
  <testcase classname="com.fliplearn.flipapp.testcases.VMC" name="displayVMCStudent" time="28.207"/>
  <testcase classname="com.fliplearn.flipapp.testcases.VMC" name="displayVMCStudent" time="29.212"/>
</testsuite> <!-- com.fliplearn.flipapp.testcases.VMC -->
