<?xml version="1.0" encoding="UTF-8"?>
<!-- Generated by org.testng.reporters.JUnitReportReporter -->
<testsuite hostname="ip-192-168-10-84.ap-south-1.compute.internal" failures="0" tests="1" name="com.fliplearn.flipapp.testcases.Home" time="20.892" errors="0" timestamp="16 Jan 2020 07:21:17 GMT" skipped="0">
  <testcase classname="com.fliplearn.flipapp.testcases.Home" name="noticeboardMore" time="20.892"/>
</testsuite> <!-- com.fliplearn.flipapp.testcases.Home -->
