<?xml version="1.0" encoding="UTF-8"?>
<!-- Generated by org.testng.reporters.JUnitReportReporter -->
<testsuite hostname="ip-192-168-1-159.ap-south-1.compute.internal" failures="0" tests="3" name="com.fliplearn.flipapp.testcases.PrimeSearch" time="60.899" errors="0" timestamp="15 Dec 2018 13:39:10 GMT" skipped="0">
  <testcase classname="com.fliplearn.flipapp.testcases.PrimeSearch" name="searchAndViewContentSchool" time="20.844"/>
  <testcase classname="com.fliplearn.flipapp.testcases.PrimeSearch" name="searchAndViewContentSchool" time="19.790"/>
  <testcase classname="com.fliplearn.flipapp.testcases.PrimeSearch" name="searchAndViewContentSchool" time="20.265"/>
</testsuite> <!-- com.fliplearn.flipapp.testcases.PrimeSearch -->
