<?xml version="1.0" encoding="UTF-8"?>
<!-- Generated by org.testng.reporters.JUnitReportReporter -->
<testsuite hostname="tarun-Inspiron-3543" failures="0" tests="3" name="com.fliplearn.flipapp.testcases.PrimeResources" time="67.441" errors="0" timestamp="11 Dec 2018 18:25:26 GMT" skipped="0">
  <testcase classname="com.fliplearn.flipapp.testcases.PrimeResources" name="verifyTopicSynopsisStudent" time="19.930"/>
  <testcase classname="com.fliplearn.flipapp.testcases.PrimeResources" name="verifyTopicSynopsisStudent" time="24.222"/>
  <testcase classname="com.fliplearn.flipapp.testcases.PrimeResources" name="verifyTopicSynopsisStudent" time="23.289"/>
</testsuite> <!-- com.fliplearn.flipapp.testcases.PrimeResources -->
