<?xml version="1.0" encoding="UTF-8"?>
<!-- Generated by org.testng.reporters.JUnitReportReporter -->
<testsuite hostname="DESKTOP-NR7JDHG" failures="0" tests="3" name="com.fliplearn.flipapp.testcases.Event" time="155.591" errors="0" timestamp="02 Nov 2018 10:02:10 GMT" skipped="0">
  <testcase classname="com.fliplearn.flipapp.testcases.Event" name="parentCanViewHomework" time="44.326"/>
  <testcase classname="com.fliplearn.flipapp.testcases.Event" name="parentCanViewHomework" time="44.663"/>
  <testcase classname="com.fliplearn.flipapp.testcases.Event" name="parentCanViewHomework" time="66.602"/>
</testsuite> <!-- com.fliplearn.flipapp.testcases.Event -->
