<?xml version="1.0" encoding="UTF-8"?>
<!-- Generated by org.testng.reporters.JUnitReportReporter -->
<testsuite hostname="ip-192-168-10-84.ap-south-1.compute.internal" failures="0" tests="3" name="com.fliplearn.flipapp.testcases.DoubtForum" time="65.871" errors="0" timestamp="14 Nov 2019 11:36:23 GMT" skipped="0">
  <testcase classname="com.fliplearn.flipapp.testcases.DoubtForum" name="verifyDoubtForumTabs" time="23.141"/>
  <testcase classname="com.fliplearn.flipapp.testcases.DoubtForum" name="verifyDoubtForumTabs" time="22.754"/>
  <testcase classname="com.fliplearn.flipapp.testcases.DoubtForum" name="verifyDoubtForumTabs" time="19.976"/>
</testsuite> <!-- com.fliplearn.flipapp.testcases.DoubtForum -->
