<?xml version="1.0" encoding="UTF-8"?>
<!-- Generated by org.testng.reporters.JUnitReportReporter -->
<testsuite hostname="ip-10-0-22-18.ap-south-1.compute.internal" failures="0" tests="4" name="com.fliplearn.flipapp.testcases.PrimePurchaseFlow" time="211.926" errors="0" timestamp="02 Jul 2019 11:38:43 GMT" skipped="0">
  <testcase classname="com.fliplearn.flipapp.testcases.PrimePurchaseFlow" name="verifyPrimePurchaseFlowWithoutCoupon" time="59.700"/>
  <testcase classname="com.fliplearn.flipapp.testcases.PrimePurchaseFlow" name="verifyPrimePurchaseFlowWithoutCoupon" time="38.812"/>
  <testcase classname="com.fliplearn.flipapp.testcases.PrimePurchaseFlow" name="verifyPrimePurchaseFlowWithoutCoupon" time="57.469"/>
  <testcase classname="com.fliplearn.flipapp.testcases.PrimePurchaseFlow" name="verifyPrimePurchaseFlowWithoutCoupon" time="55.945"/>
</testsuite> <!-- com.fliplearn.flipapp.testcases.PrimePurchaseFlow -->
