<?xml version="1.0" encoding="UTF-8"?>
<!-- Generated by org.testng.reporters.JUnitReportReporter -->
<testsuite hostname="sureshs" failures="0" tests="3" name="com.fliplearn.flipapp.testcases.PrimeContent" time="73.390" errors="0" timestamp="14 Feb 2019 05:22:39 GMT" skipped="0">
  <testcase classname="com.fliplearn.flipapp.testcases.PrimeContent" name="verifyPrimeClasses" time="17.446"/>
  <testcase classname="com.fliplearn.flipapp.testcases.PrimeContent" name="verifyPrimeClasses" time="19.220"/>
  <testcase classname="com.fliplearn.flipapp.testcases.PrimeContent" name="verifyPrimeClasses" time="36.724"/>
</testsuite> <!-- com.fliplearn.flipapp.testcases.PrimeContent -->
