<?xml version="1.0" encoding="UTF-8"?>
<!-- Generated by org.testng.reporters.JUnitReportReporter -->
<testsuite hostname="ip-192-168-10-84.ap-south-1.compute.internal" failures="0" tests="1" name="com.fliplearn.flipapp.testcases.Login" time="25.746" errors="0" timestamp="19 Jul 2019 10:35:08 GMT" skipped="0">
  <testcase classname="com.fliplearn.flipapp.testcases.Login" name="verifyLogin" time="25.746"/>
</testsuite> <!-- com.fliplearn.flipapp.testcases.Login -->
