<?xml version="1.0" encoding="UTF-8"?>
<!-- Generated by org.testng.reporters.JUnitReportReporter -->
<testsuite hostname="linuxize" failures="0" tests="4" name="com.fliplearn.flipapp.testcases.PrimePurchaseFlow" time="199.053" errors="0" timestamp="11 Jul 2019 10:48:06 GMT" skipped="0">
  <testcase classname="com.fliplearn.flipapp.testcases.PrimePurchaseFlow" name="verifyPrimePurchaseFlowWithCouponWithFirTab" time="92.551"/>
  <testcase classname="com.fliplearn.flipapp.testcases.PrimePurchaseFlow" name="verifyPrimePurchaseFlowWithCouponWithFirTab" time="35.669"/>
  <testcase classname="com.fliplearn.flipapp.testcases.PrimePurchaseFlow" name="verifyPrimePurchaseFlowWithCouponWithFirTab" time="34.686"/>
  <testcase classname="com.fliplearn.flipapp.testcases.PrimePurchaseFlow" name="verifyPrimePurchaseFlowWithCouponWithFirTab" time="36.147"/>
</testsuite> <!-- com.fliplearn.flipapp.testcases.PrimePurchaseFlow -->
