<?xml version="1.0" encoding="UTF-8"?>
<!-- Generated by org.testng.reporters.JUnitReportReporter -->
<testsuite hostname="DESKTOP-NR7JDHG" failures="0" tests="3" name="com.fliplearn.flipapp.testcases.PrimeSynopsis" time="93.007" errors="0" timestamp="01 Nov 2018 16:26:52 GMT" skipped="0">
  <testcase classname="com.fliplearn.flipapp.testcases.PrimeSynopsis" name="verifyMindMapsStudent" time="29.546"/>
  <testcase classname="com.fliplearn.flipapp.testcases.PrimeSynopsis" name="verifyMindMapsStudent" time="33.221"/>
  <testcase classname="com.fliplearn.flipapp.testcases.PrimeSynopsis" name="verifyMindMapsStudent" time="30.240"/>
</testsuite> <!-- com.fliplearn.flipapp.testcases.PrimeSynopsis -->
