<?xml version="1.0" encoding="UTF-8"?>
<!-- Generated by org.testng.reporters.JUnitReportReporter -->
<testsuite hostname="sureshs" failures="0" tests="24" name="com.fliplearn.flipapp.testcases.PrimeResources" time="1666.836" errors="1" timestamp="01 Feb 2019 08:01:32 GMT" skipped="0">
  <testcase classname="com.fliplearn.flipapp.testcases.PrimeResources" name="verifyMindMaps" time="62.870"/>
  <testcase classname="com.fliplearn.flipapp.testcases.PrimeResources" name="playPrimeVideo" time="65.716"/>
  <testcase classname="com.fliplearn.flipapp.testcases.PrimeResources" name="verifyMindMaps" time="64.441"/>
  <testcase classname="com.fliplearn.flipapp.testcases.PrimeResources" name="verifyMindMaps" time="84.263"/>
  <testcase classname="com.fliplearn.flipapp.testcases.PrimeResources" name="verifyTopicSynopsis" time="66.512"/>
  <testcase classname="com.fliplearn.flipapp.testcases.PrimeResources" name="playPrimeVideo" time="113.230"/>
  <testcase classname="com.fliplearn.flipapp.testcases.PrimeResources" name="verifyRealLifeApplication" time="81.544"/>
  <testcase classname="com.fliplearn.flipapp.testcases.PrimeResources" name="verifyRealLifeApplication" time="59.918"/>
  <testcase classname="com.fliplearn.flipapp.testcases.PrimeResources" name="verifyTopicSynopsis" time="68.534"/>
  <testcase classname="com.fliplearn.flipapp.testcases.PrimeResources" name="verifyRealLifeApplication" time="62.538"/>
  <testcase classname="com.fliplearn.flipapp.testcases.PrimeResources" name="playPrimeVideo" time="66.587"/>
  <testcase classname="com.fliplearn.flipapp.testcases.PrimeResources" name="verifyMindMaps" time="64.729"/>
  <testcase classname="com.fliplearn.flipapp.testcases.PrimeResources" name="verifyRealLifeApplication" time="60.619"/>
  <testcase classname="com.fliplearn.flipapp.testcases.PrimeResources" name="verifyMindMaps" time="79.955">
    <error message="An element could not be located on the page using the given search parameters.
For documentation on this error, please visit: https://www.seleniumhq.org/exceptions/no_such_element.html
Build info: version: &#039;3.141.59&#039;, revision: &#039;e82be7d358&#039;, time: &#039;2018-11-14T08:17:03&#039;
System info: host: &#039;SURESHS&#039;, ip: &#039;10.8.0.34&#039;, os.name: &#039;Windows 10&#039;, os.arch: &#039;amd64&#039;, os.version: &#039;10.0&#039;, java.version: &#039;10.0.2&#039;
Driver info: io.appium.java_client.android.AndroidDriver
Capabilities {appActivity: com.elss.educomp.prelogin.u..., appPackage: com.elss.educomp, automationName: UiAutomator2, databaseEnabled: false, desired: {appActivity: com.elss.educomp.prelogin.u..., appPackage: com.elss.educomp, automationName: UiAutomator2, deviceName: Redmi 5, noSign: true, platformName: android}, deviceApiLevel: 25, deviceManufacturer: Xiaomi, deviceModel: Redmi 5, deviceName: 481a96bc7cf5, deviceScreenDensity: 320, deviceScreenSize: 720x1440, deviceUDID: 481a96bc7cf5, javascriptEnabled: true, locationContextEnabled: false, networkConnectionEnabled: true, noSign: true, pixelRatio: 2, platform: LINUX, platformName: Android, platformVersion: 7.1.2, statBarHeight: 48, takesScreenshot: true, viewportRect: {height: 1296, left: 0, top: 48, width: 720}, warnings: {}, webStorageEnabled: false}
Session ID: 96467835-18ac-4a4d-ade4-c8726b0a7333
*** Element info: {Using=xpath, value=//*[@text=&#039;Roman Numerals&#039;]}" type="org.openqa.selenium.NoSuchElementException">
      <![CDATA[org.openqa.selenium.NoSuchElementException: An element could not be located on the page using the given search parameters.
For documentation on this error, please visit: https://www.seleniumhq.org/exceptions/no_such_element.html
Build info: version: '3.141.59', revision: 'e82be7d358', time: '2018-11-14T08:17:03'
System info: host: 'SURESHS', ip: '10.8.0.34', os.name: 'Windows 10', os.arch: 'amd64', os.version: '10.0', java.version: '10.0.2'
Driver info: io.appium.java_client.android.AndroidDriver
Capabilities {appActivity: com.elss.educomp.prelogin.u..., appPackage: com.elss.educomp, automationName: UiAutomator2, databaseEnabled: false, desired: {appActivity: com.elss.educomp.prelogin.u..., appPackage: com.elss.educomp, automationName: UiAutomator2, deviceName: Redmi 5, noSign: true, platformName: android}, deviceApiLevel: 25, deviceManufacturer: Xiaomi, deviceModel: Redmi 5, deviceName: 481a96bc7cf5, deviceScreenDensity: 320, deviceScreenSize: 720x1440, deviceUDID: 481a96bc7cf5, javascriptEnabled: true, locationContextEnabled: false, networkConnectionEnabled: true, noSign: true, pixelRatio: 2, platform: LINUX, platformName: Android, platformVersion: 7.1.2, statBarHeight: 48, takesScreenshot: true, viewportRect: {height: 1296, left: 0, top: 48, width: 720}, warnings: {}, webStorageEnabled: false}
Session ID: 96467835-18ac-4a4d-ade4-c8726b0a7333
*** Element info: {Using=xpath, value=//*[@text='Roman Numerals']}
at java.base/jdk.internal.reflect.NativeConstructorAccessorImpl.newInstance0(Native Method)
at java.base/jdk.internal.reflect.NativeConstructorAccessorImpl.newInstance(NativeConstructorAccessorImpl.java:62)
at java.base/jdk.internal.reflect.DelegatingConstructorAccessorImpl.newInstance(DelegatingConstructorAccessorImpl.java:45)
at java.base/java.lang.reflect.Constructor.newInstance(Constructor.java:488)
at org.openqa.selenium.remote.http.W3CHttpResponseCodec.createException(W3CHttpResponseCodec.java:187)
at org.openqa.selenium.remote.http.W3CHttpResponseCodec.decode(W3CHttpResponseCodec.java:122)
at org.openqa.selenium.remote.http.W3CHttpResponseCodec.decode(W3CHttpResponseCodec.java:49)
at org.openqa.selenium.remote.HttpCommandExecutor.execute(HttpCommandExecutor.java:158)
at io.appium.java_client.remote.AppiumCommandExecutor.execute(AppiumCommandExecutor.java:239)
at org.openqa.selenium.remote.RemoteWebDriver.execute(RemoteWebDriver.java:552)
at io.appium.java_client.DefaultGenericMobileDriver.execute(DefaultGenericMobileDriver.java:42)
at io.appium.java_client.AppiumDriver.execute(AppiumDriver.java:1)
at io.appium.java_client.android.AndroidDriver.execute(AndroidDriver.java:1)
at org.openqa.selenium.remote.RemoteWebDriver.findElement(RemoteWebDriver.java:323)
at io.appium.java_client.DefaultGenericMobileDriver.findElement(DefaultGenericMobileDriver.java:62)
at io.appium.java_client.AppiumDriver.findElement(AppiumDriver.java:1)
at io.appium.java_client.android.AndroidDriver.findElement(AndroidDriver.java:1)
at org.openqa.selenium.remote.RemoteWebDriver.findElementByXPath(RemoteWebDriver.java:428)
at io.appium.java_client.DefaultGenericMobileDriver.findElementByXPath(DefaultGenericMobileDriver.java:152)
at io.appium.java_client.AppiumDriver.findElementByXPath(AppiumDriver.java:1)
at io.appium.java_client.android.AndroidDriver.findElementByXPath(AndroidDriver.java:1)
at org.openqa.selenium.By$ByXPath.findElement(By.java:353)
at org.openqa.selenium.remote.RemoteWebDriver.findElement(RemoteWebDriver.java:315)
at io.appium.java_client.DefaultGenericMobileDriver.findElement(DefaultGenericMobileDriver.java:58)
at io.appium.java_client.AppiumDriver.findElement(AppiumDriver.java:1)
at io.appium.java_client.android.AndroidDriver.findElement(AndroidDriver.java:1)
at com.fliplearn.flipapp.pagemodules.PrimeResourceListModule.clickOnChapterTopic(PrimeResourceListModule.java:83)
at com.fliplearn.flipapp.testcases.PrimeResources.verifyMindMaps(PrimeResources.java:199)
at java.base/jdk.internal.reflect.NativeMethodAccessorImpl.invoke0(Native Method)
at java.base/jdk.internal.reflect.NativeMethodAccessorImpl.invoke(NativeMethodAccessorImpl.java:62)
at java.base/jdk.internal.reflect.DelegatingMethodAccessorImpl.invoke(DelegatingMethodAccessorImpl.java:43)
at java.base/java.lang.reflect.Method.invoke(Method.java:564)
at org.testng.internal.MethodInvocationHelper.invokeMethod(MethodInvocationHelper.java:124)
at org.testng.internal.Invoker.invokeMethod(Invoker.java:583)
at org.testng.internal.Invoker.invokeTestMethod(Invoker.java:719)
at org.testng.internal.Invoker.invokeTestMethods(Invoker.java:989)
at org.testng.internal.TestMethodWorker.invokeTestMethods(TestMethodWorker.java:125)
at org.testng.internal.TestMethodWorker.run(TestMethodWorker.java:109)
at org.testng.TestRunner.privateRun(TestRunner.java:648)
at org.testng.TestRunner.run(TestRunner.java:505)
at org.testng.SuiteRunner.runTest(SuiteRunner.java:455)
at org.testng.SuiteRunner.runSequentially(SuiteRunner.java:450)
at org.testng.SuiteRunner.privateRun(SuiteRunner.java:415)
at org.testng.SuiteRunner.run(SuiteRunner.java:364)
at org.testng.SuiteRunnerWorker.runSuite(SuiteRunnerWorker.java:52)
at org.testng.SuiteRunnerWorker.run(SuiteRunnerWorker.java:84)
at org.testng.TestNG.runSuitesSequentially(TestNG.java:1208)
at org.testng.TestNG.runSuitesLocally(TestNG.java:1137)
at org.testng.TestNG.runSuites(TestNG.java:1049)
at org.testng.TestNG.run(TestNG.java:1017)
at org.testng.remote.AbstractRemoteTestNG.run(AbstractRemoteTestNG.java:114)
at org.testng.remote.RemoteTestNG.initAndRun(RemoteTestNG.java:251)
at org.testng.remote.RemoteTestNG.main(RemoteTestNG.java:77)
]]>
    </error>
  </testcase> <!-- verifyMindMaps -->
  <testcase classname="com.fliplearn.flipapp.testcases.PrimeResources" name="verifyTopicSynopsis" time="69.540"/>
  <testcase classname="com.fliplearn.flipapp.testcases.PrimeResources" name="playPrimeVideo" time="66.497"/>
  <testcase classname="com.fliplearn.flipapp.testcases.PrimeResources" name="verifyRealLifeApplication" time="57.307"/>
  <testcase classname="com.fliplearn.flipapp.testcases.PrimeResources" name="verifyTopicSynopsis" time="66.929"/>
  <testcase classname="com.fliplearn.flipapp.testcases.PrimeResources" name="verifyTopicSynopsis" time="64.179"/>
  <testcase classname="com.fliplearn.flipapp.testcases.PrimeResources" name="verifyMindMaps" time="64.885"/>
  <testcase classname="com.fliplearn.flipapp.testcases.PrimeResources" name="playPrimeVideo" time="67.804"/>
  <testcase classname="com.fliplearn.flipapp.testcases.PrimeResources" name="verifyRealLifeApplication" time="60.019"/>
  <testcase classname="com.fliplearn.flipapp.testcases.PrimeResources" name="verifyTopicSynopsis" time="84.021"/>
  <testcase classname="com.fliplearn.flipapp.testcases.PrimeResources" name="playPrimeVideo" time="64.199"/>
</testsuite> <!-- com.fliplearn.flipapp.testcases.PrimeResources -->
