<?xml version="1.0" encoding="UTF-8"?>
<!-- Generated by org.testng.reporters.JUnitReportReporter -->
<testsuite hostname="DESKTOP-CVORON1" failures="0" tests="1" name="com.fliplearn.flipapp.testcases.Announcements" time="37.310" errors="0" timestamp="03 Oct 2018 09:37:59 GMT" skipped="0">
  <testcase classname="com.fliplearn.flipapp.testcases.Announcements" name="createAnnoncement" time="37.310"/>
</testsuite> <!-- com.fliplearn.flipapp.testcases.Announcements -->
