<?xml version="1.0" encoding="UTF-8"?>
<!-- Generated by org.testng.reporters.JUnitReportReporter -->
<testsuite hostname="linuxize" failures="0" tests="3" name="com.fliplearn.flipapp.testcases.DoubtForum" time="90.267" errors="0" timestamp="01 Jul 2019 11:27:59 GMT" skipped="0">
  <testcase classname="com.fliplearn.flipapp.testcases.DoubtForum" name="createDoubtWithoutSearchTextWithoutImg" time="34.313"/>
  <testcase classname="com.fliplearn.flipapp.testcases.DoubtForum" name="createDoubtWithoutSearchTextWithoutImg" time="26.393"/>
  <testcase classname="com.fliplearn.flipapp.testcases.DoubtForum" name="createDoubtWithoutSearchTextWithoutImg" time="29.561"/>
</testsuite> <!-- com.fliplearn.flipapp.testcases.DoubtForum -->
