<?xml version="1.0" encoding="UTF-8"?>
<!-- Generated by org.testng.reporters.JUnitReportReporter -->
<testsuite hostname="ip-192-168-10-84.ap-south-1.compute.internal" failures="0" tests="1" name="com.fliplearn.flipapp.testcases.Login" time="24.139" errors="0" timestamp="24 Jul 2019 05:24:30 GMT" skipped="0">
  <testcase classname="com.fliplearn.flipapp.testcases.Login" name="verifyLogin" time="24.139"/>
</testsuite> <!-- com.fliplearn.flipapp.testcases.Login -->
