<?xml version="1.0" encoding="UTF-8"?>
<!-- Generated by org.testng.reporters.JUnitReportReporter -->
<testsuite hostname="DESKTOP-NR7JDHG" failures="0" tests="3" name="com.fliplearn.flipapp.testcases.Event" time="147.029" errors="0" timestamp="17 Nov 2018 18:53:52 GMT" skipped="0">
  <testcase classname="com.fliplearn.flipapp.testcases.Event" name="parentCanViewHomework" time="49.969"/>
  <testcase classname="com.fliplearn.flipapp.testcases.Event" name="parentCanViewHomework" time="48.365"/>
  <testcase classname="com.fliplearn.flipapp.testcases.Event" name="parentCanViewHomework" time="48.695"/>
</testsuite> <!-- com.fliplearn.flipapp.testcases.Event -->
