<?xml version="1.0" encoding="UTF-8"?>
<!-- Generated by org.testng.reporters.JUnitReportReporter -->
<testsuite hostname="Taruns-MacBook-Pro.local" failures="0" tests="6" name="com.fliplearn.flipapp.testcases.Login" time="173.627" errors="0" timestamp="23 May 2019 06:45:55 GMT" skipped="0">
  <testcase classname="com.fliplearn.flipapp.testcases.Login" name="verifyLogout" time="53.624"/>
  <testcase classname="com.fliplearn.flipapp.testcases.Login" name="verifyLogout" time="24.527"/>
  <testcase classname="com.fliplearn.flipapp.testcases.Login" name="verifyLogout" time="23.199"/>
  <testcase classname="com.fliplearn.flipapp.testcases.Login" name="verifyLogout" time="24.849"/>
  <testcase classname="com.fliplearn.flipapp.testcases.Login" name="verifyLogout" time="24.079"/>
  <testcase classname="com.fliplearn.flipapp.testcases.Login" name="verifyLogout" time="23.349"/>
</testsuite> <!-- com.fliplearn.flipapp.testcases.Login -->
