<?xml version="1.0" encoding="UTF-8"?>
<!-- Generated by org.testng.reporters.JUnitReportReporter -->
<testsuite hostname="DESKTOP-BCLH6U7" failures="0" tests="1" name="com.fliplearn.flipapp.testcases.DemoPrimeVideos" time="51.498" errors="0" timestamp="25 Nov 2019 09:32:24 GMT" skipped="0">
  <testcase classname="com.fliplearn.flipapp.testcases.DemoPrimeVideos" name="verifyParentAbleToPlayDemoVideo" time="51.498"/>
</testsuite> <!-- com.fliplearn.flipapp.testcases.DemoPrimeVideos -->
