<?xml version="1.0" encoding="UTF-8"?>
<!-- Generated by org.testng.reporters.JUnitReportReporter -->
<testsuite hostname="Taruns-MBP" failures="0" tests="3" name="com.fliplearn.flipapp.testcases.VMC" time="362.450" errors="0" timestamp="30 Dec 2018 15:22:28 GMT" skipped="0">
  <testcase classname="com.fliplearn.flipapp.testcases.VMC" name="doNotDisplayVMCStudent" time="92.553"/>
  <testcase classname="com.fliplearn.flipapp.testcases.VMC" name="doNotDisplayVMCStudent" time="93.732"/>
  <testcase classname="com.fliplearn.flipapp.testcases.VMC" name="doNotDisplayVMCStudent" time="176.165"/>
</testsuite> <!-- com.fliplearn.flipapp.testcases.VMC -->
