<?xml version="1.0" encoding="UTF-8"?>
<!-- Generated by org.testng.reporters.JUnitReportReporter -->
<testsuite hostname="ip-10-0-22-18.ap-south-1.compute.internal" failures="0" tests="4" name="com.fliplearn.flipapp.testcases.PrimeResources" time="180.672" errors="0" timestamp="02 Jul 2019 11:43:33 GMT" skipped="0">
  <testcase classname="com.fliplearn.flipapp.testcases.PrimeResources" name="verifyInteractiveWorksheet_Old" time="47.929"/>
  <testcase classname="com.fliplearn.flipapp.testcases.PrimeResources" name="verifyInteractiveWorksheet_Old" time="38.978"/>
  <testcase classname="com.fliplearn.flipapp.testcases.PrimeResources" name="verifyInteractiveWorksheet_Old" time="47.719"/>
  <testcase classname="com.fliplearn.flipapp.testcases.PrimeResources" name="verifyInteractiveWorksheet_Old" time="46.046"/>
</testsuite> <!-- com.fliplearn.flipapp.testcases.PrimeResources -->
