<?xml version="1.0" encoding="UTF-8"?>
<!-- Generated by org.testng.reporters.JUnitReportReporter -->
<testsuite hostname="ip-10-0-22-18.ap-south-1.compute.internal" failures="0" tests="1" name="com.fliplearn.flipapp.testcases.Home" time="23.633" errors="0" timestamp="23 May 2019 11:25:59 GMT" skipped="0">
  <testcase classname="com.fliplearn.flipapp.testcases.Home" name="noticeboardMore" time="23.633"/>
</testsuite> <!-- com.fliplearn.flipapp.testcases.Home -->
