<?xml version="1.0" encoding="UTF-8"?>
<!-- Generated by org.testng.reporters.JUnitReportReporter -->
<testsuite failures="0" tests="3" name="com.fliplearn.flipapp.testcases.PrimeVideo" time="151.328" errors="0" timestamp="23 Oct 2018 05:03:40 GMT" skipped="0">
  <testcase classname="com.fliplearn.flipapp.testcases.PrimeVideo" name="verifySubjectContent" time="44.540"/>
  <testcase classname="com.fliplearn.flipapp.testcases.PrimeVideo" name="verifySubjectContent" time="44.036"/>
  <testcase classname="com.fliplearn.flipapp.testcases.PrimeVideo" name="verifySubjectContent" time="62.752"/>
</testsuite> <!-- com.fliplearn.flipapp.testcases.PrimeVideo -->
