<?xml version="1.0" encoding="UTF-8"?>
<!-- Generated by org.testng.reporters.JUnitReportReporter -->
<testsuite hostname="DESKTOP-CVORON1" failures="0" tests="1" name="com.fliplearn.flipapp.testcases.Announcements" time="41.342" errors="0" timestamp="29 Sep 2018 10:49:19 GMT" skipped="0">
  <testcase classname="com.fliplearn.flipapp.testcases.Announcements" name="canNotcreateAnnoncementStudentWeb" time="41.342"/>
</testsuite> <!-- com.fliplearn.flipapp.testcases.Announcements -->
