<?xml version="1.0" encoding="UTF-8"?>
<!-- Generated by org.testng.reporters.JUnitReportReporter -->
<testsuite hostname="DESKTOP-CVORON1" failures="0" tests="1" name="com.fliplearn.flipapp.testcases.Fee" time="23.705" errors="0" timestamp="23 Oct 2018 13:05:11 GMT" skipped="0">
  <testcase classname="com.fliplearn.flipapp.testcases.Fee" name="payFeeLoginWithGuestSelectedByAmex" time="23.705"/>
</testsuite> <!-- com.fliplearn.flipapp.testcases.Fee -->
