<?xml version="1.0" encoding="UTF-8"?>
<!-- Generated by org.testng.reporters.JUnitReportReporter -->
<testsuite hostname="ip-10-0-22-18.ap-south-1.compute.internal" failures="0" tests="4" name="com.fliplearn.flipapp.testcases.PrimeContent" time="125.827" errors="0" timestamp="02 Jul 2019 11:34:32 GMT" skipped="0">
  <testcase classname="com.fliplearn.flipapp.testcases.PrimeContent" name="verifyPrimeTileDisplayed_Old" time="27.945"/>
  <testcase classname="com.fliplearn.flipapp.testcases.PrimeContent" name="verifyPrimeTileDisplayed_Old" time="29.724"/>
  <testcase classname="com.fliplearn.flipapp.testcases.PrimeContent" name="verifyPrimeTileDisplayed_Old" time="31.208"/>
  <testcase classname="com.fliplearn.flipapp.testcases.PrimeContent" name="verifyPrimeTileDisplayed_Old" time="36.950"/>
</testsuite> <!-- com.fliplearn.flipapp.testcases.PrimeContent -->
